[0202/180856.561:ERROR:backend_impl.cc(1041)] Critical error found -8
[0202/180856.563:WARNING:storage_block-inl.h(146)] Failed data load.
[0202/180856.564:WARNING:storage_block-inl.h(146)] Failed data load.
[0202/180856.565:ERROR:entry_impl.cc(1075)] No file for c1030064
[0202/180856.565:WARNING:storage_block-inl.h(146)] Failed data load.
[0202/180856.565:WARNING:storage_block-inl.h(146)] Failed data load.
[0202/180856.565:WARNING:storage_block-inl.h(146)] Failed data load.
[0202/180856.566:WARNING:storage_block-inl.h(146)] Failed data load.
[0202/180856.566:ERROR:entry_impl.cc(1075)] No file for c103006a
[0202/180856.566:WARNING:storage_block-inl.h(146)] Failed data load.
[0202/180856.566:WARNING:storage_block-inl.h(146)] Failed data load.
[0202/180856.567:WARNING:storage_block-inl.h(146)] Failed data load.
[0202/180856.567:WARNING:storage_block-inl.h(146)] Failed data load.
[0202/180856.567:ERROR:entry_impl.cc(1075)] No file for c1030066
[0202/180856.567:WARNING:storage_block-inl.h(146)] Failed data load.
[0202/180856.568:WARNING:storage_block-inl.h(146)] Failed data load.
[0202/180856.568:WARNING:storage_block-inl.h(146)] Failed data load.
[0202/180856.568:WARNING:storage_block-inl.h(146)] Failed data load.
[0202/180856.568:ERROR:entry_impl.cc(1075)] No file for c1030068
[0202/180856.569:WARNING:storage_block-inl.h(146)] Failed data load.
[0202/180856.569:WARNING:storage_block-inl.h(146)] Failed data load.
[0202/180856.569:WARNING:storage_block-inl.h(146)] Failed data load.
[0202/180856.569:WARNING:storage_block-inl.h(146)] Failed data load.
[0202/180856.570:ERROR:entry_impl.cc(1075)] No file for c103006c
[0202/180856.571:WARNING:storage_block-inl.h(146)] Failed data load.
[0202/180856.575:WARNING:storage_block-inl.h(146)] Failed data load.
[0202/180856.575:WARNING:storage_block-inl.h(146)] Failed data load.
[0202/180856.576:WARNING:storage_block-inl.h(146)] Failed data load.
[0202/180856.578:WARNING:storage_block-inl.h(146)] Failed data load.
[0202/180858.481:WARNING:value_store_frontend.cc(45)] Reading mhjfbmdgcfjbbpaeojofohoefgiehjai.alarms from  failed: IO error: .../MANIFEST-000001: Unable to create sequential file (ChromeMethodBFE: 7::NewSequentialFile::1)
[0202/181051.038:ERROR:gpu_init.cc(426)] Passthrough is not supported, GL is disabled
