[+] Containers:
 |- [+] Container: /Game/Levels/PersonalLevels/VGP/L_AlessioR
 |   |- [+] ActorDescs:
 |   |   |- Guid:01F0D0AF4EA7AC12A4336BBF19A2573B BaseClass: NativeClass:/Script/Engine.DirectionalLight Name:DirectionalLight_1 Label:DirectionalLight SpatiallyLoaded:0 Bounds:IsValid=true, Min=(X=-4398046511104.000 Y=-4398046511104.000 Z=-4398046511104.000), Max=(X=4398046511104.000 Y=4398046511104.000 Z=4398046511104.000) RuntimeGrid:None EditorOnly:0 RuntimeOnly:0 HLODRelevant:0 ListedInSceneOutliner:1 IsMainWorldOnly:0 FolderPath:Lighting FolderGuid:0BA5F0A04EADB18E70D5B180D08FA34B
 |   |   |- Guid:10CFE7C24AECF81969390CA15964A164 BaseClass: NativeClass:/Script/Engine.StaticMeshActor Name:StaticMeshActor_UAID_088FC30F2FD55ACD01_1783995481 Label:Cube2 SpatiallyLoaded:1 Bounds:IsValid=true, Min=(X=-5108.921 Y=4900.190 Z=-4924.803), Max=(X=4891.079 Y=5000.190 Z=5075.197) RuntimeGrid:None EditorOnly:0 RuntimeOnly:0 HLODRelevant:1 ListedInSceneOutliner:1 IsMainWorldOnly:0
 |   |   |- Guid:2187756F42BE817FEF07C7B78B996D0F BaseClass: NativeClass:/Script/Engine.PostProcessVolume Name:PostProcessVolume_0 Label:PostProcessVolume SpatiallyLoaded:0 Bounds:IsValid=true, Min=(X=0.000 Y=0.000 Z=400.000), Max=(X=200.000 Y=200.000 Z=600.000) RuntimeGrid:None EditorOnly:0 RuntimeOnly:0 HLODRelevant:0 ListedInSceneOutliner:1 IsMainWorldOnly:0 FolderPath:Lighting FolderGuid:0BA5F0A04EADB18E70D5B180D08FA34B
 |   |   |- Guid:2578CBC34FC915E3379E6F907D94E70D BaseClass: NativeClass:/Script/Engine.StaticMeshActor Name:StaticMeshActor_UAID_088FC30F2FD55ACD01_1532987479 Label:Plane SpatiallyLoaded:1 Bounds:IsValid=true, Min=(X=-5000.000 Y=-5000.000 Z=25.197), Max=(X=5000.000 Y=5000.000 Z=25.197) RuntimeGrid:None EditorOnly:0 RuntimeOnly:0 HLODRelevant:1 ListedInSceneOutliner:1 IsMainWorldOnly:0
 |   |   |- Guid:3265E35148C6711AFE46338DEF015AC9 BaseClass: NativeClass:/Script/Engine.PlayerStart Name:PlayerStart_UAID_088FC30F2FD55ACD01_1852362484 Label:PlayerStart SpatiallyLoaded:0 Bounds:IsValid=true, Min=(X=1334.650 Y=690.481 Z=25.197), Max=(X=1414.650 Y=770.481 Z=209.197) RuntimeGrid:None EditorOnly:0 RuntimeOnly:0 HLODRelevant:0 ListedInSceneOutliner:1 IsMainWorldOnly:0
 |   |   |- Guid:3EACEEDA495A29AC0409BEB8216588CA BaseClass: NativeClass:/Script/Engine.StaticMeshActor Name:StaticMeshActor_UAID_088FC30F2FD55ACD01_1795002482 Label:Cube3 SpatiallyLoaded:1 Bounds:IsValid=true, Min=(X=4954.078 Y=-5069.927 Z=-4924.803), Max=(X=5054.078 Y=4930.073 Z=5075.197) RuntimeGrid:None EditorOnly:0 RuntimeOnly:0 HLODRelevant:1 ListedInSceneOutliner:1 IsMainWorldOnly:0
 |   |   |- Guid:447607AA4E3F439888AD27B435581F17 BaseClass: NativeClass:/Script/Engine.StaticMeshActor Name:StaticMeshActor_UAID_088FC30F2FD55ACD01_1830543483 Label:Cube4 SpatiallyLoaded:1 Bounds:IsValid=true, Min=(X=-4975.685 Y=-5069.927 Z=-4924.803), Max=(X=-4875.685 Y=4930.073 Z=5075.197) RuntimeGrid:None EditorOnly:0 RuntimeOnly:0 HLODRelevant:1 ListedInSceneOutliner:1 IsMainWorldOnly:0
 |   |   |- Guid:513DB43046FD7E6D23FF9FB42757E28E BaseClass: NativeClass:/Script/Engine.SkyAtmosphere Name:SkyAtmosphere_0 Label:SkyAtmosphere SpatiallyLoaded:0 Bounds:IsValid=true, Min=(X=0.000 Y=0.000 Z=1020.000), Max=(X=0.000 Y=0.000 Z=1020.000) RuntimeGrid:None EditorOnly:0 RuntimeOnly:0 HLODRelevant:0 ListedInSceneOutliner:1 IsMainWorldOnly:0 FolderPath:Lighting FolderGuid:0BA5F0A04EADB18E70D5B180D08FA34B
 |   |   |- Guid:51B31A994704A526D22D44928C612DA5 BaseClass: NativeClass:/Script/Engine.StaticMeshActor Name:StaticMeshActor_UAID_088FC30F2FD55ACD01_1730855480 Label:Cube SpatiallyLoaded:1 Bounds:IsValid=true, Min=(X=-5050.170 Y=-5111.294 Z=-4924.803), Max=(X=4949.830 Y=-5011.294 Z=5075.197) RuntimeGrid:None EditorOnly:0 RuntimeOnly:0 HLODRelevant:1 ListedInSceneOutliner:1 IsMainWorldOnly:0
 |   |   |- Guid:7EE67BF9412D89422F0C67B77EBED154 BaseClass: NativeClass:/Script/Engine.StaticMeshActor Name:StaticMeshActor_UAID_A4AE111137DC5EFB00_2001720423 Label:SM_SkySphere SpatiallyLoaded:0 Bounds:IsValid=true, Min=(X=-1638400.000 Y=-1638400.000 Z=-1638400.000), Max=(X=1638400.000 Y=1638400.000 Z=1638400.000) RuntimeGrid:None EditorOnly:0 RuntimeOnly:0 HLODRelevant:1 ListedInSceneOutliner:1 IsMainWorldOnly:0 FolderPath:Lighting FolderGuid:0BA5F0A04EADB18E70D5B180D08FA34B
 |   |   |- Guid:B88C7E2A437960451D994EA6CFAB63F2 BaseClass: NativeClass:/Script/Engine.ExponentialHeightFog Name:ExponentialHeightFog_0 Label:ExponentialHeightFog SpatiallyLoaded:0 Bounds:IsValid=true, Min=(X=-5600.000 Y=-50.000 Z=-6850.000), Max=(X=-5600.000 Y=-50.000 Z=-6850.000) RuntimeGrid:None EditorOnly:0 RuntimeOnly:0 HLODRelevant:0 ListedInSceneOutliner:1 IsMainWorldOnly:0 FolderPath:Lighting FolderGuid:0BA5F0A04EADB18E70D5B180D08FA34B
 |   |   |- Guid:C46DF86044C6361CBB03569BD4708819 BaseClass: NativeClass:/Script/Engine.VolumetricCloud Name:VolumetricCloud_0 Label:VolumetricCloud SpatiallyLoaded:0 Bounds:IsValid=true, Min=(X=0.000 Y=0.000 Z=820.000), Max=(X=0.000 Y=0.000 Z=820.000) RuntimeGrid:None EditorOnly:0 RuntimeOnly:0 HLODRelevant:0 ListedInSceneOutliner:1 IsMainWorldOnly:0 FolderPath:Lighting FolderGuid:0BA5F0A04EADB18E70D5B180D08FA34B
 |   |   |- Guid:DDC44BF74EA853C6541D33B5781757EF BaseClass: NativeClass:/Script/Engine.SkyLight Name:SkyLight_0 Label:SkyLight SpatiallyLoaded:0 Bounds:IsValid=true, Min=(X=0.000 Y=0.000 Z=690.000), Max=(X=0.000 Y=0.000 Z=690.000) RuntimeGrid:None EditorOnly:0 RuntimeOnly:0 HLODRelevant:0 ListedInSceneOutliner:1 IsMainWorldOnly:0 FolderPath:Lighting FolderGuid:0BA5F0A04EADB18E70D5B180D08FA34B
 |   |   |- Guid:F69ACDF545781940DF708C9D9D9ED1CD BaseClass: NativeClass:/Script/Engine.WorldDataLayers Name:WorldDataLayers Label:WorldDataLayers SpatiallyLoaded:0 Bounds:Invalid RuntimeGrid:None EditorOnly:0 RuntimeOnly:0 HLODRelevant:0 ListedInSceneOutliner:1 IsMainWorldOnly:1 FolderPath:World FolderGuid:7FCA9BF7421025F3265447BEBC7F6A59
 |   |- [+] Clusters:
 |   |   |- [+] [  0]
 |   |   |   |- Guid:01F0D0AF4EA7AC12A4336BBF19A2573B BaseClass: NativeClass:/Script/Engine.DirectionalLight Name:DirectionalLight_1 Label:DirectionalLight SpatiallyLoaded:0 Bounds:IsValid=true, Min=(X=-4398046511104.000 Y=-4398046511104.000 Z=-4398046511104.000), Max=(X=4398046511104.000 Y=4398046511104.000 Z=4398046511104.000) RuntimeGrid:None EditorOnly:0 RuntimeOnly:0 HLODRelevant:0 ListedInSceneOutliner:1 IsMainWorldOnly:0 FolderPath:Lighting FolderGuid:0BA5F0A04EADB18E70D5B180D08FA34B
 |   |   |- [+] [  1]
 |   |   |   |- Guid:10CFE7C24AECF81969390CA15964A164 BaseClass: NativeClass:/Script/Engine.StaticMeshActor Name:StaticMeshActor_UAID_088FC30F2FD55ACD01_1783995481 Label:Cube2 SpatiallyLoaded:1 Bounds:IsValid=true, Min=(X=-5108.921 Y=4900.190 Z=-4924.803), Max=(X=4891.079 Y=5000.190 Z=5075.197) RuntimeGrid:None EditorOnly:0 RuntimeOnly:0 HLODRelevant:1 ListedInSceneOutliner:1 IsMainWorldOnly:0
 |   |   |- [+] [  2]
 |   |   |   |- Guid:2187756F42BE817FEF07C7B78B996D0F BaseClass: NativeClass:/Script/Engine.PostProcessVolume Name:PostProcessVolume_0 Label:PostProcessVolume SpatiallyLoaded:0 Bounds:IsValid=true, Min=(X=0.000 Y=0.000 Z=400.000), Max=(X=200.000 Y=200.000 Z=600.000) RuntimeGrid:None EditorOnly:0 RuntimeOnly:0 HLODRelevant:0 ListedInSceneOutliner:1 IsMainWorldOnly:0 FolderPath:Lighting FolderGuid:0BA5F0A04EADB18E70D5B180D08FA34B
 |   |   |- [+] [  3]
 |   |   |   |- Guid:2578CBC34FC915E3379E6F907D94E70D BaseClass: NativeClass:/Script/Engine.StaticMeshActor Name:StaticMeshActor_UAID_088FC30F2FD55ACD01_1532987479 Label:Plane SpatiallyLoaded:1 Bounds:IsValid=true, Min=(X=-5000.000 Y=-5000.000 Z=25.197), Max=(X=5000.000 Y=5000.000 Z=25.197) RuntimeGrid:None EditorOnly:0 RuntimeOnly:0 HLODRelevant:1 ListedInSceneOutliner:1 IsMainWorldOnly:0
 |   |   |- [+] [  4]
 |   |   |   |- Guid:3265E35148C6711AFE46338DEF015AC9 BaseClass: NativeClass:/Script/Engine.PlayerStart Name:PlayerStart_UAID_088FC30F2FD55ACD01_1852362484 Label:PlayerStart SpatiallyLoaded:0 Bounds:IsValid=true, Min=(X=1334.650 Y=690.481 Z=25.197), Max=(X=1414.650 Y=770.481 Z=209.197) RuntimeGrid:None EditorOnly:0 RuntimeOnly:0 HLODRelevant:0 ListedInSceneOutliner:1 IsMainWorldOnly:0
 |   |   |- [+] [  5]
 |   |   |   |- Guid:3EACEEDA495A29AC0409BEB8216588CA BaseClass: NativeClass:/Script/Engine.StaticMeshActor Name:StaticMeshActor_UAID_088FC30F2FD55ACD01_1795002482 Label:Cube3 SpatiallyLoaded:1 Bounds:IsValid=true, Min=(X=4954.078 Y=-5069.927 Z=-4924.803), Max=(X=5054.078 Y=4930.073 Z=5075.197) RuntimeGrid:None EditorOnly:0 RuntimeOnly:0 HLODRelevant:1 ListedInSceneOutliner:1 IsMainWorldOnly:0
 |   |   |- [+] [  6]
 |   |   |   |- Guid:447607AA4E3F439888AD27B435581F17 BaseClass: NativeClass:/Script/Engine.StaticMeshActor Name:StaticMeshActor_UAID_088FC30F2FD55ACD01_1830543483 Label:Cube4 SpatiallyLoaded:1 Bounds:IsValid=true, Min=(X=-4975.685 Y=-5069.927 Z=-4924.803), Max=(X=-4875.685 Y=4930.073 Z=5075.197) RuntimeGrid:None EditorOnly:0 RuntimeOnly:0 HLODRelevant:1 ListedInSceneOutliner:1 IsMainWorldOnly:0
 |   |   |- [+] [  7]
 |   |   |   |- Guid:513DB43046FD7E6D23FF9FB42757E28E BaseClass: NativeClass:/Script/Engine.SkyAtmosphere Name:SkyAtmosphere_0 Label:SkyAtmosphere SpatiallyLoaded:0 Bounds:IsValid=true, Min=(X=0.000 Y=0.000 Z=1020.000), Max=(X=0.000 Y=0.000 Z=1020.000) RuntimeGrid:None EditorOnly:0 RuntimeOnly:0 HLODRelevant:0 ListedInSceneOutliner:1 IsMainWorldOnly:0 FolderPath:Lighting FolderGuid:0BA5F0A04EADB18E70D5B180D08FA34B
 |   |   |- [+] [  8]
 |   |   |   |- Guid:51B31A994704A526D22D44928C612DA5 BaseClass: NativeClass:/Script/Engine.StaticMeshActor Name:StaticMeshActor_UAID_088FC30F2FD55ACD01_1730855480 Label:Cube SpatiallyLoaded:1 Bounds:IsValid=true, Min=(X=-5050.170 Y=-5111.294 Z=-4924.803), Max=(X=4949.830 Y=-5011.294 Z=5075.197) RuntimeGrid:None EditorOnly:0 RuntimeOnly:0 HLODRelevant:1 ListedInSceneOutliner:1 IsMainWorldOnly:0
 |   |   |- [+] [  9]
 |   |   |   |- Guid:7EE67BF9412D89422F0C67B77EBED154 BaseClass: NativeClass:/Script/Engine.StaticMeshActor Name:StaticMeshActor_UAID_A4AE111137DC5EFB00_2001720423 Label:SM_SkySphere SpatiallyLoaded:0 Bounds:IsValid=true, Min=(X=-1638400.000 Y=-1638400.000 Z=-1638400.000), Max=(X=1638400.000 Y=1638400.000 Z=1638400.000) RuntimeGrid:None EditorOnly:0 RuntimeOnly:0 HLODRelevant:1 ListedInSceneOutliner:1 IsMainWorldOnly:0 FolderPath:Lighting FolderGuid:0BA5F0A04EADB18E70D5B180D08FA34B
 |   |   |- [+] [ 10]
 |   |   |   |- Guid:B88C7E2A437960451D994EA6CFAB63F2 BaseClass: NativeClass:/Script/Engine.ExponentialHeightFog Name:ExponentialHeightFog_0 Label:ExponentialHeightFog SpatiallyLoaded:0 Bounds:IsValid=true, Min=(X=-5600.000 Y=-50.000 Z=-6850.000), Max=(X=-5600.000 Y=-50.000 Z=-6850.000) RuntimeGrid:None EditorOnly:0 RuntimeOnly:0 HLODRelevant:0 ListedInSceneOutliner:1 IsMainWorldOnly:0 FolderPath:Lighting FolderGuid:0BA5F0A04EADB18E70D5B180D08FA34B
 |   |   |- [+] [ 11]
 |   |   |   |- Guid:C46DF86044C6361CBB03569BD4708819 BaseClass: NativeClass:/Script/Engine.VolumetricCloud Name:VolumetricCloud_0 Label:VolumetricCloud SpatiallyLoaded:0 Bounds:IsValid=true, Min=(X=0.000 Y=0.000 Z=820.000), Max=(X=0.000 Y=0.000 Z=820.000) RuntimeGrid:None EditorOnly:0 RuntimeOnly:0 HLODRelevant:0 ListedInSceneOutliner:1 IsMainWorldOnly:0 FolderPath:Lighting FolderGuid:0BA5F0A04EADB18E70D5B180D08FA34B
 |   |   |- [+] [ 12]
 |   |   |   |- Guid:DDC44BF74EA853C6541D33B5781757EF BaseClass: NativeClass:/Script/Engine.SkyLight Name:SkyLight_0 Label:SkyLight SpatiallyLoaded:0 Bounds:IsValid=true, Min=(X=0.000 Y=0.000 Z=690.000), Max=(X=0.000 Y=0.000 Z=690.000) RuntimeGrid:None EditorOnly:0 RuntimeOnly:0 HLODRelevant:0 ListedInSceneOutliner:1 IsMainWorldOnly:0 FolderPath:Lighting FolderGuid:0BA5F0A04EADB18E70D5B180D08FA34B
 |   |   |- [+] [ 13]
 |   |   |   |- Guid:F69ACDF545781940DF708C9D9D9ED1CD BaseClass: NativeClass:/Script/Engine.WorldDataLayers Name:WorldDataLayers Label:WorldDataLayers SpatiallyLoaded:0 Bounds:Invalid RuntimeGrid:None EditorOnly:0 RuntimeOnly:0 HLODRelevant:0 ListedInSceneOutliner:1 IsMainWorldOnly:1 FolderPath:World FolderGuid:7FCA9BF7421025F3265447BEBC7F6A59
 |- ContainerInstances:
 |- [+] MainContainer:
 |   |-        ID: 00000000000000000000000000000000
 |   |-  ParentID: 00000000000000000000000000000000
 |   |-    Bounds: IsValid=false, Min=(X=0.000 Y=0.000 Z=0.000), Max=(X=0.000 Y=0.000 Z=0.000)
 |   |- Transform: 0.000000,0.000000,0.000000|0.000000,0.000000,-0.000000|1.000000,1.000000,1.000000
 |   |- Container: /Game/Levels/PersonalLevels/VGP/L_AlessioR
----------------------------------------------------------------------------------------------------------------
L_AlessioR - Persistent Level
----------------------------------------------------------------------------------------------------------------
[+] Content of L_AlessioR Persistent Level
 |- Always loaded Actor Count: 21 
 |- Actor Path: /Game/Levels/PersonalLevels/VGP/L_AlessioR.L_AlessioR:PersistentLevel.AbstractNavData-Default
 |- Actor Package: /Game/Levels/PersonalLevels/VGP/L_AlessioR
 |- Actor Path: /Game/Levels/PersonalLevels/VGP/L_AlessioR.L_AlessioR:PersistentLevel.Brush_0
 |- Actor Package: /Game/Levels/PersonalLevels/VGP/L_AlessioR
 |- Actor Path: /Game/Levels/PersonalLevels/VGP/L_AlessioR.L_AlessioR:PersistentLevel.DefaultPhysicsVolume_0
 |- Actor Package: /Game/Levels/PersonalLevels/VGP/L_AlessioR
 |- Actor Path: /Game/Levels/PersonalLevels/VGP/L_AlessioR.L_AlessioR:PersistentLevel.DirectionalLight_1
 |- Actor Package: /Game/__ExternalActors__/Levels/PersonalLevels/VGP/L_AlessioR/9/V0/P1ZF37RJTQV0G9J0UQ4GW4
 |- Actor Path: /Game/Levels/PersonalLevels/VGP/L_AlessioR.L_AlessioR:PersistentLevel.ExponentialHeightFog_0
 |- Actor Package: /Game/__ExternalActors__/Levels/PersonalLevels/VGP/L_AlessioR/2/47/HZCZASYVB9KOPUEPGVVJ3N
 |- Actor Path: /Game/Levels/PersonalLevels/VGP/L_AlessioR.L_AlessioR:PersistentLevel.GameplayDebuggerPlayerManager_0
 |- Actor Package: /Game/Levels/PersonalLevels/VGP/L_AlessioR
 |- Actor Path: /Game/Levels/PersonalLevels/VGP/L_AlessioR.L_AlessioR:PersistentLevel.L_RiccardoM_C_1
 |- Actor Package: /Game/Levels/PersonalLevels/VGP/L_AlessioR
 |- Actor Path: /Game/Levels/PersonalLevels/VGP/L_AlessioR.L_AlessioR:PersistentLevel.PlayerStart_UAID_088FC30F2FD55ACD01_1852362484
 |- Actor Package: /Game/__ExternalActors__/Levels/PersonalLevels/VGP/L_AlessioR/3/8E/Y6963EZG0LVMT4AFTYH7XT
 |- Actor Path: /Game/Levels/PersonalLevels/VGP/L_AlessioR.L_AlessioR:PersistentLevel.PostProcessVolume_0
 |- Actor Package: /Game/__ExternalActors__/Levels/PersonalLevels/VGP/L_AlessioR/2/NN/6V9GV3N3FP9Z8SMXHJYXB8
 |- Actor Path: /Game/Levels/PersonalLevels/VGP/L_AlessioR.L_AlessioR:PersistentLevel.SkyAtmosphere_0
 |- Actor Package: /Game/__ExternalActors__/Levels/PersonalLevels/VGP/L_AlessioR/4/NU/KVQIHFKFGDYZ4FSQ6LN49X
 |- Actor Path: /Game/Levels/PersonalLevels/VGP/L_AlessioR.L_AlessioR:PersistentLevel.SkyLight_0
 |- Actor Package: /Game/__ExternalActors__/Levels/PersonalLevels/VGP/L_AlessioR/3/V9/UN4RHHFGC9TEKT8S18ZYM2
 |- Actor Path: /Game/Levels/PersonalLevels/VGP/L_AlessioR.L_AlessioR:PersistentLevel.StaticMeshActor_UAID_088FC30F2FD55ACD01_1532987479
 |- Actor Package: /Game/__ExternalActors__/Levels/PersonalLevels/VGP/L_AlessioR/8/93/YG46HDKZKM5UZW4K2IYJYI
 |- Actor Path: /Game/Levels/PersonalLevels/VGP/L_AlessioR.L_AlessioR:PersistentLevel.StaticMeshActor_UAID_088FC30F2FD55ACD01_1730855480
 |- Actor Package: /Game/__ExternalActors__/Levels/PersonalLevels/VGP/L_AlessioR/8/5W/KWIJBV0J4RQ9YOFK6BUNO5
 |- Actor Path: /Game/Levels/PersonalLevels/VGP/L_AlessioR.L_AlessioR:PersistentLevel.StaticMeshActor_UAID_088FC30F2FD55ACD01_1783995481
 |- Actor Package: /Game/__ExternalActors__/Levels/PersonalLevels/VGP/L_AlessioR/B/9A/SZP4KH44V19U736L00IHMO
 |- Actor Path: /Game/Levels/PersonalLevels/VGP/L_AlessioR.L_AlessioR:PersistentLevel.StaticMeshActor_UAID_088FC30F2FD55ACD01_1795002482
 |- Actor Package: /Game/__ExternalActors__/Levels/PersonalLevels/VGP/L_AlessioR/8/U0/DEGYK4FS5JB93P7F1Y6IE7
 |- Actor Path: /Game/Levels/PersonalLevels/VGP/L_AlessioR.L_AlessioR:PersistentLevel.StaticMeshActor_UAID_088FC30F2FD55ACD01_1830543483
 |- Actor Package: /Game/__ExternalActors__/Levels/PersonalLevels/VGP/L_AlessioR/1/BC/QTIK7C9WMFYVNBV107CBU9
 |- Actor Path: /Game/Levels/PersonalLevels/VGP/L_AlessioR.L_AlessioR:PersistentLevel.StaticMeshActor_UAID_A4AE111137DC5EFB00_2001720423
 |- Actor Package: /Game/__ExternalActors__/Levels/PersonalLevels/VGP/L_AlessioR/E/WW/J8QUNY8L3F3BE7NMXTVYMF
 |- Actor Path: /Game/Levels/PersonalLevels/VGP/L_AlessioR.L_AlessioR:PersistentLevel.VolumetricCloud_0
 |- Actor Package: /Game/__ExternalActors__/Levels/PersonalLevels/VGP/L_AlessioR/9/G9/OHRN2J8OOP6NDK90WQ29FA
 |- Actor Path: /Game/Levels/PersonalLevels/VGP/L_AlessioR.L_AlessioR:PersistentLevel.WorldDataLayers
 |- Actor Package: /Game/__ExternalActors__/Levels/PersonalLevels/VGP/L_AlessioR/4/D5/Q51IAKB3ZUHML1X9FKTQNG
 |- Actor Path: /Game/Levels/PersonalLevels/VGP/L_AlessioR.L_AlessioR:PersistentLevel.WorldInfo_0
 |- Actor Package: /Game/Levels/PersonalLevels/VGP/L_AlessioR
 |- Actor Path: /Game/Levels/PersonalLevels/VGP/L_AlessioR.L_AlessioR:PersistentLevel.WorldPartitionMiniMap_0
 |- Actor Package: /Game/__ExternalActors__/Levels/PersonalLevels/VGP/L_AlessioR/9/VN/PSAO90AJGLVGV09TGJCFW7

----------------------------------------------------------------------------------------------------------------
L_AlessioR - Runtime Spatial Hash - Streaming Grid - MainGrid
----------------------------------------------------------------------------------------------------------------
            Origin: X=0.000 Y=0.000 Z=0.000
         Cell Size: 12800
      World Bounds: IsValid=false, Min=(X=0.000 Y=0.000 Z=0.000), Max=(X=0.000 Y=0.000 Z=0.000)
     Loading Range: 25600.00
Block Slow Loading: No
 ClientOnlyVisible: No
            Origin: X=0.000 Y=0.000 Z=0.000

[+] Grid Levels: 1
 |- Level  0: Cell Count    0 | Cell Size   12800 | Actor Count    0 (0.0%)

[+] Content of Grid Level 0

