[+] Containers:
 |- [+] Container: /Game/Levels/PersonalLevels/VGP/Alessandro_C/I_AlessandroC
 |   |- [+] ActorDescs:
 |   |   |- Guid:0CAD2CD24D557CDA2148CBBFCBDCAAE9 BaseClass: NativeClass:/Script/Engine.StaticMeshActor Name:StaticMeshActor_8 Label:SM_ChamferCube3 SpatiallyLoaded:1 Bounds:IsValid=true, Min=(X=1837.548 Y=2067.548 Z=0.063), Max=(X=2042.452 Y=2272.452 Z=150.063) RuntimeGrid:None EditorOnly:0 RuntimeOnly:0 HLODRelevant:0 ListedInSceneOutliner:1 IsMainWorldOnly:0 FolderPath:SimulatedCubes FolderGuid:9AEEADCB4DC6C647D6E7C0B4EDA1744F
 |   |   |- Guid:1DA27F884A965F14F609268E39EC1D55 BaseClass: NativeClass:/Script/Engine.DirectionalLight Name:DirectionalLight_1 Label:DirectionalLight SpatiallyLoaded:0 Bounds:IsValid=true, Min=(X=-4398046511104.000 Y=-4398046511104.000 Z=-4398046511104.000), Max=(X=4398046511104.000 Y=4398046511104.000 Z=4398046511104.000) RuntimeGrid:None EditorOnly:0 RuntimeOnly:0 HLODRelevant:0 ListedInSceneOutliner:1 IsMainWorldOnly:0 FolderPath:Lighting FolderGuid:0BA5F0A04EADB18E70D5B180D08FA34B
 |   |   |- Guid:1F58E9DD42A723CD9A1344979211D100 BaseClass: NativeClass:/Script/Engine.StaticMeshActor Name:StaticMeshActor_9 Label:SM_Cube5 SpatiallyLoaded:1 Bounds:IsValid=true, Min=(X=1620.000 Y=100.000 Z=0.000), Max=(X=1720.000 Y=2400.000 Z=400.000) RuntimeGrid:None EditorOnly:0 RuntimeOnly:0 HLODRelevant:1 ListedInSceneOutliner:1 IsMainWorldOnly:0 FolderPath:Playground FolderGuid:6C02BB504B69D1F3D7A624B130C18E5B
 |   |   |- Guid:3C358100476D4E42DCAA4582158B3D6D BaseClass: NativeClass:/Script/Engine.StaticMeshActor Name:StaticMeshActor_10 Label:SM_Cube6 SpatiallyLoaded:1 Bounds:IsValid=true, Min=(X=2900.000 Y=100.000 Z=0.000), Max=(X=3000.000 Y=2375.000 Z=400.000) RuntimeGrid:None EditorOnly:0 RuntimeOnly:0 HLODRelevant:1 ListedInSceneOutliner:1 IsMainWorldOnly:0 FolderPath:Playground FolderGuid:6C02BB504B69D1F3D7A624B130C18E5B
 |   |   |- Guid:3F7DA7B74B781C2F03F162AADA4E11CF BaseClass: NativeClass:/Script/Engine.ExponentialHeightFog Name:ExponentialHeightFog_0 Label:ExponentialHeightFog SpatiallyLoaded:0 Bounds:IsValid=true, Min=(X=-5600.000 Y=-50.000 Z=-6850.000), Max=(X=-5600.000 Y=-50.000 Z=-6850.000) RuntimeGrid:None EditorOnly:0 RuntimeOnly:0 HLODRelevant:0 ListedInSceneOutliner:1 IsMainWorldOnly:0 FolderPath:Lighting FolderGuid:0BA5F0A04EADB18E70D5B180D08FA34B
 |   |   |- Guid:5394126046E5E3BA2C864999D65B7C92 BaseClass: NativeClass:/Script/Engine.SkyLight Name:SkyLight_0 Label:SkyLight SpatiallyLoaded:0 Bounds:IsValid=true, Min=(X=0.000 Y=0.000 Z=690.000), Max=(X=0.000 Y=0.000 Z=690.000) RuntimeGrid:None EditorOnly:0 RuntimeOnly:0 HLODRelevant:0 ListedInSceneOutliner:1 IsMainWorldOnly:0 FolderPath:Lighting FolderGuid:0BA5F0A04EADB18E70D5B180D08FA34B
 |   |   |- Guid:55DAEAA44C54FC68A56DBE9DFE6593F7 BaseClass: NativeClass:/Script/Engine.StaticMeshActor Name:StaticMeshActor_UAID_A4AE111137DC5EFB00_2001720423 Label:SM_SkySphere SpatiallyLoaded:1 Bounds:IsValid=true, Min=(X=-1638400.000 Y=-1638400.000 Z=-1638400.000), Max=(X=1638400.000 Y=1638400.000 Z=1638400.000) RuntimeGrid:None EditorOnly:0 RuntimeOnly:0 HLODRelevant:1 ListedInSceneOutliner:1 IsMainWorldOnly:0 FolderPath:Lighting FolderGuid:0BA5F0A04EADB18E70D5B180D08FA34B
 |   |   |- Guid:6288799B4D7AB25D4E05CF84B7F61C63 BaseClass: NativeClass:/Script/Engine.StaticMeshActor Name:StaticMeshActor_29 Label:SM_ChamferCube4 SpatiallyLoaded:1 Bounds:IsValid=true, Min=(X=1784.338 Y=144.338 Z=0.063), Max=(X=1995.662 Y=355.662 Z=150.063) RuntimeGrid:None EditorOnly:0 RuntimeOnly:0 HLODRelevant:0 ListedInSceneOutliner:1 IsMainWorldOnly:0 FolderPath:SimulatedCubes FolderGuid:9AEEADCB4DC6C647D6E7C0B4EDA1744F
 |   |   |- Guid:69465E2E439FCB343DC3BB93C5B23E5A BaseClass: NativeClass:/Script/Engine.SkyAtmosphere Name:SkyAtmosphere_0 Label:SkyAtmosphere SpatiallyLoaded:0 Bounds:IsValid=true, Min=(X=0.000 Y=0.000 Z=1020.000), Max=(X=0.000 Y=0.000 Z=1020.000) RuntimeGrid:None EditorOnly:0 RuntimeOnly:0 HLODRelevant:0 ListedInSceneOutliner:1 IsMainWorldOnly:0 FolderPath:Lighting FolderGuid:0BA5F0A04EADB18E70D5B180D08FA34B
 |   |   |- Guid:7CCF9AA041A52F90C47B1EAAB1FE70D0 BaseClass: NativeClass:/Script/Engine.PostProcessVolume Name:PostProcessVolume_0 Label:PostProcessVolume SpatiallyLoaded:0 Bounds:IsValid=true, Min=(X=1530.000 Y=-140.000 Z=-180.000), Max=(X=2930.000 Y=2560.000 Z=720.000) RuntimeGrid:None EditorOnly:0 RuntimeOnly:0 HLODRelevant:0 ListedInSceneOutliner:1 IsMainWorldOnly:0 FolderPath:Lighting FolderGuid:0BA5F0A04EADB18E70D5B180D08FA34B
 |   |   |- Guid:8ED5BC0E43EADB6C0F553CAD1CB4B4C0 BaseClass: NativeClass:/Script/Engine.WorldDataLayers Name:WorldDataLayers Label:WorldDataLayers-1 SpatiallyLoaded:0 Bounds:Invalid RuntimeGrid:None EditorOnly:0 RuntimeOnly:0 HLODRelevant:0 ListedInSceneOutliner:1 IsMainWorldOnly:1
 |   |   |- Guid:A15EB6C842132659F9661580C1F51CF9 BaseClass: NativeClass:/Script/Engine.StaticMeshActor Name:StaticMeshActor_UAID_D85ED3EB4B231EAE01_1759328197 Label:SM_Cube4 SpatiallyLoaded:1 Bounds:IsValid=true, Min=(X=1620.000 Y=0.000 Z=0.000), Max=(X=2995.000 Y=100.000 Z=400.000) RuntimeGrid:None EditorOnly:0 RuntimeOnly:0 HLODRelevant:1 ListedInSceneOutliner:1 IsMainWorldOnly:0 FolderPath:Playground FolderGuid:6C02BB504B69D1F3D7A624B130C18E5B
 |   |   |- Guid:AC1806D74E8747F520DE879F84F4F751 BaseClass: NativeClass:/Script/Engine.VolumetricCloud Name:VolumetricCloud_0 Label:VolumetricCloud SpatiallyLoaded:0 Bounds:IsValid=true, Min=(X=0.000 Y=0.000 Z=820.000), Max=(X=0.000 Y=0.000 Z=820.000) RuntimeGrid:None EditorOnly:0 RuntimeOnly:0 HLODRelevant:0 ListedInSceneOutliner:1 IsMainWorldOnly:0 FolderPath:Lighting FolderGuid:0BA5F0A04EADB18E70D5B180D08FA34B
 |   |   |- Guid:B883947248C5A6EC009459BCE89B75AE BaseClass:/Game/Levels/PersonalLevels/VGP/Alessandro_C/PistolAnimation/System/Blueprints/BP_Character.BP_Character_C NativeClass:/Script/Engine.Character Name:BP_Character_C_UAID_50EBF62CEEB9F8CD01_1236182288 Label:BP_Character SpatiallyLoaded:1 Bounds:IsValid=true, Min=(X=2197.686 Y=545.357 Z=-0.000), Max=(X=2270.908 Y=613.357 Z=220.000) RuntimeGrid:None EditorOnly:0 RuntimeOnly:0 HLODRelevant:0 ListedInSceneOutliner:1 IsMainWorldOnly:0
 |   |   |- Guid:C32533A240E143BE9CACB7B2738735B0 BaseClass: NativeClass:/Script/Engine.StaticMeshActor Name:StaticMeshActor_4 Label:SM_Cube3 SpatiallyLoaded:1 Bounds:IsValid=true, Min=(X=1620.000 Y=2360.000 Z=0.000), Max=(X=2995.000 Y=2460.000 Z=400.000) RuntimeGrid:None EditorOnly:0 RuntimeOnly:0 HLODRelevant:1 ListedInSceneOutliner:1 IsMainWorldOnly:0 FolderPath:Playground FolderGuid:6C02BB504B69D1F3D7A624B130C18E5B
 |   |   |- Guid:D932ABE94FA4061C03743EAFFC721A01 BaseClass: NativeClass:/Script/Engine.StaticMeshActor Name:StaticMeshActor_0 Label:SM_Cube SpatiallyLoaded:1 Bounds:IsValid=true, Min=(X=1660.000 Y=0.000 Z=-50.000), Max=(X=2910.000 Y=2350.000 Z=0.000) RuntimeGrid:None EditorOnly:0 RuntimeOnly:0 HLODRelevant:1 ListedInSceneOutliner:1 IsMainWorldOnly:0 FolderPath:Playground FolderGuid:6C02BB504B69D1F3D7A624B130C18E5B
 |   |- [+] Clusters:
 |   |   |- [+] [  0]
 |   |   |   |- Guid:0CAD2CD24D557CDA2148CBBFCBDCAAE9 BaseClass: NativeClass:/Script/Engine.StaticMeshActor Name:StaticMeshActor_8 Label:SM_ChamferCube3 SpatiallyLoaded:1 Bounds:IsValid=true, Min=(X=1837.548 Y=2067.548 Z=0.063), Max=(X=2042.452 Y=2272.452 Z=150.063) RuntimeGrid:None EditorOnly:0 RuntimeOnly:0 HLODRelevant:0 ListedInSceneOutliner:1 IsMainWorldOnly:0 FolderPath:SimulatedCubes FolderGuid:9AEEADCB4DC6C647D6E7C0B4EDA1744F
 |   |   |- [+] [  1]
 |   |   |   |- Guid:1DA27F884A965F14F609268E39EC1D55 BaseClass: NativeClass:/Script/Engine.DirectionalLight Name:DirectionalLight_1 Label:DirectionalLight SpatiallyLoaded:0 Bounds:IsValid=true, Min=(X=-4398046511104.000 Y=-4398046511104.000 Z=-4398046511104.000), Max=(X=4398046511104.000 Y=4398046511104.000 Z=4398046511104.000) RuntimeGrid:None EditorOnly:0 RuntimeOnly:0 HLODRelevant:0 ListedInSceneOutliner:1 IsMainWorldOnly:0 FolderPath:Lighting FolderGuid:0BA5F0A04EADB18E70D5B180D08FA34B
 |   |   |- [+] [  2]
 |   |   |   |- Guid:1F58E9DD42A723CD9A1344979211D100 BaseClass: NativeClass:/Script/Engine.StaticMeshActor Name:StaticMeshActor_9 Label:SM_Cube5 SpatiallyLoaded:1 Bounds:IsValid=true, Min=(X=1620.000 Y=100.000 Z=0.000), Max=(X=1720.000 Y=2400.000 Z=400.000) RuntimeGrid:None EditorOnly:0 RuntimeOnly:0 HLODRelevant:1 ListedInSceneOutliner:1 IsMainWorldOnly:0 FolderPath:Playground FolderGuid:6C02BB504B69D1F3D7A624B130C18E5B
 |   |   |- [+] [  3]
 |   |   |   |- Guid:3C358100476D4E42DCAA4582158B3D6D BaseClass: NativeClass:/Script/Engine.StaticMeshActor Name:StaticMeshActor_10 Label:SM_Cube6 SpatiallyLoaded:1 Bounds:IsValid=true, Min=(X=2900.000 Y=100.000 Z=0.000), Max=(X=3000.000 Y=2375.000 Z=400.000) RuntimeGrid:None EditorOnly:0 RuntimeOnly:0 HLODRelevant:1 ListedInSceneOutliner:1 IsMainWorldOnly:0 FolderPath:Playground FolderGuid:6C02BB504B69D1F3D7A624B130C18E5B
 |   |   |- [+] [  4]
 |   |   |   |- Guid:3F7DA7B74B781C2F03F162AADA4E11CF BaseClass: NativeClass:/Script/Engine.ExponentialHeightFog Name:ExponentialHeightFog_0 Label:ExponentialHeightFog SpatiallyLoaded:0 Bounds:IsValid=true, Min=(X=-5600.000 Y=-50.000 Z=-6850.000), Max=(X=-5600.000 Y=-50.000 Z=-6850.000) RuntimeGrid:None EditorOnly:0 RuntimeOnly:0 HLODRelevant:0 ListedInSceneOutliner:1 IsMainWorldOnly:0 FolderPath:Lighting FolderGuid:0BA5F0A04EADB18E70D5B180D08FA34B
 |   |   |- [+] [  5]
 |   |   |   |- Guid:5394126046E5E3BA2C864999D65B7C92 BaseClass: NativeClass:/Script/Engine.SkyLight Name:SkyLight_0 Label:SkyLight SpatiallyLoaded:0 Bounds:IsValid=true, Min=(X=0.000 Y=0.000 Z=690.000), Max=(X=0.000 Y=0.000 Z=690.000) RuntimeGrid:None EditorOnly:0 RuntimeOnly:0 HLODRelevant:0 ListedInSceneOutliner:1 IsMainWorldOnly:0 FolderPath:Lighting FolderGuid:0BA5F0A04EADB18E70D5B180D08FA34B
 |   |   |- [+] [  6]
 |   |   |   |- Guid:55DAEAA44C54FC68A56DBE9DFE6593F7 BaseClass: NativeClass:/Script/Engine.StaticMeshActor Name:StaticMeshActor_UAID_A4AE111137DC5EFB00_2001720423 Label:SM_SkySphere SpatiallyLoaded:1 Bounds:IsValid=true, Min=(X=-1638400.000 Y=-1638400.000 Z=-1638400.000), Max=(X=1638400.000 Y=1638400.000 Z=1638400.000) RuntimeGrid:None EditorOnly:0 RuntimeOnly:0 HLODRelevant:1 ListedInSceneOutliner:1 IsMainWorldOnly:0 FolderPath:Lighting FolderGuid:0BA5F0A04EADB18E70D5B180D08FA34B
 |   |   |- [+] [  7]
 |   |   |   |- Guid:6288799B4D7AB25D4E05CF84B7F61C63 BaseClass: NativeClass:/Script/Engine.StaticMeshActor Name:StaticMeshActor_29 Label:SM_ChamferCube4 SpatiallyLoaded:1 Bounds:IsValid=true, Min=(X=1784.338 Y=144.338 Z=0.063), Max=(X=1995.662 Y=355.662 Z=150.063) RuntimeGrid:None EditorOnly:0 RuntimeOnly:0 HLODRelevant:0 ListedInSceneOutliner:1 IsMainWorldOnly:0 FolderPath:SimulatedCubes FolderGuid:9AEEADCB4DC6C647D6E7C0B4EDA1744F
 |   |   |- [+] [  8]
 |   |   |   |- Guid:69465E2E439FCB343DC3BB93C5B23E5A BaseClass: NativeClass:/Script/Engine.SkyAtmosphere Name:SkyAtmosphere_0 Label:SkyAtmosphere SpatiallyLoaded:0 Bounds:IsValid=true, Min=(X=0.000 Y=0.000 Z=1020.000), Max=(X=0.000 Y=0.000 Z=1020.000) RuntimeGrid:None EditorOnly:0 RuntimeOnly:0 HLODRelevant:0 ListedInSceneOutliner:1 IsMainWorldOnly:0 FolderPath:Lighting FolderGuid:0BA5F0A04EADB18E70D5B180D08FA34B
 |   |   |- [+] [  9]
 |   |   |   |- Guid:7CCF9AA041A52F90C47B1EAAB1FE70D0 BaseClass: NativeClass:/Script/Engine.PostProcessVolume Name:PostProcessVolume_0 Label:PostProcessVolume SpatiallyLoaded:0 Bounds:IsValid=true, Min=(X=1530.000 Y=-140.000 Z=-180.000), Max=(X=2930.000 Y=2560.000 Z=720.000) RuntimeGrid:None EditorOnly:0 RuntimeOnly:0 HLODRelevant:0 ListedInSceneOutliner:1 IsMainWorldOnly:0 FolderPath:Lighting FolderGuid:0BA5F0A04EADB18E70D5B180D08FA34B
 |   |   |- [+] [ 10]
 |   |   |   |- Guid:8ED5BC0E43EADB6C0F553CAD1CB4B4C0 BaseClass: NativeClass:/Script/Engine.WorldDataLayers Name:WorldDataLayers Label:WorldDataLayers-1 SpatiallyLoaded:0 Bounds:Invalid RuntimeGrid:None EditorOnly:0 RuntimeOnly:0 HLODRelevant:0 ListedInSceneOutliner:1 IsMainWorldOnly:1
 |   |   |- [+] [ 11]
 |   |   |   |- Guid:A15EB6C842132659F9661580C1F51CF9 BaseClass: NativeClass:/Script/Engine.StaticMeshActor Name:StaticMeshActor_UAID_D85ED3EB4B231EAE01_1759328197 Label:SM_Cube4 SpatiallyLoaded:1 Bounds:IsValid=true, Min=(X=1620.000 Y=0.000 Z=0.000), Max=(X=2995.000 Y=100.000 Z=400.000) RuntimeGrid:None EditorOnly:0 RuntimeOnly:0 HLODRelevant:1 ListedInSceneOutliner:1 IsMainWorldOnly:0 FolderPath:Playground FolderGuid:6C02BB504B69D1F3D7A624B130C18E5B
 |   |   |- [+] [ 12]
 |   |   |   |- Guid:AC1806D74E8747F520DE879F84F4F751 BaseClass: NativeClass:/Script/Engine.VolumetricCloud Name:VolumetricCloud_0 Label:VolumetricCloud SpatiallyLoaded:0 Bounds:IsValid=true, Min=(X=0.000 Y=0.000 Z=820.000), Max=(X=0.000 Y=0.000 Z=820.000) RuntimeGrid:None EditorOnly:0 RuntimeOnly:0 HLODRelevant:0 ListedInSceneOutliner:1 IsMainWorldOnly:0 FolderPath:Lighting FolderGuid:0BA5F0A04EADB18E70D5B180D08FA34B
 |   |   |- [+] [ 13]
 |   |   |   |- Guid:B883947248C5A6EC009459BCE89B75AE BaseClass:/Game/Levels/PersonalLevels/VGP/Alessandro_C/PistolAnimation/System/Blueprints/BP_Character.BP_Character_C NativeClass:/Script/Engine.Character Name:BP_Character_C_UAID_50EBF62CEEB9F8CD01_1236182288 Label:BP_Character SpatiallyLoaded:1 Bounds:IsValid=true, Min=(X=2197.686 Y=545.357 Z=-0.000), Max=(X=2270.908 Y=613.357 Z=220.000) RuntimeGrid:None EditorOnly:0 RuntimeOnly:0 HLODRelevant:0 ListedInSceneOutliner:1 IsMainWorldOnly:0
 |   |   |- [+] [ 14]
 |   |   |   |- Guid:C32533A240E143BE9CACB7B2738735B0 BaseClass: NativeClass:/Script/Engine.StaticMeshActor Name:StaticMeshActor_4 Label:SM_Cube3 SpatiallyLoaded:1 Bounds:IsValid=true, Min=(X=1620.000 Y=2360.000 Z=0.000), Max=(X=2995.000 Y=2460.000 Z=400.000) RuntimeGrid:None EditorOnly:0 RuntimeOnly:0 HLODRelevant:1 ListedInSceneOutliner:1 IsMainWorldOnly:0 FolderPath:Playground FolderGuid:6C02BB504B69D1F3D7A624B130C18E5B
 |   |   |- [+] [ 15]
 |   |   |   |- Guid:D932ABE94FA4061C03743EAFFC721A01 BaseClass: NativeClass:/Script/Engine.StaticMeshActor Name:StaticMeshActor_0 Label:SM_Cube SpatiallyLoaded:1 Bounds:IsValid=true, Min=(X=1660.000 Y=0.000 Z=-50.000), Max=(X=2910.000 Y=2350.000 Z=0.000) RuntimeGrid:None EditorOnly:0 RuntimeOnly:0 HLODRelevant:1 ListedInSceneOutliner:1 IsMainWorldOnly:0 FolderPath:Playground FolderGuid:6C02BB504B69D1F3D7A624B130C18E5B
 |- ContainerInstances:
 |- [+] MainContainer:
 |   |-        ID: 00000000000000000000000000000000
 |   |-  ParentID: 00000000000000000000000000000000
 |   |-    Bounds: IsValid=false, Min=(X=0.000 Y=0.000 Z=0.000), Max=(X=0.000 Y=0.000 Z=0.000)
 |   |- Transform: 0.000000,0.000000,0.000000|0.000000,0.000000,-0.000000|1.000000,1.000000,1.000000
 |   |- Container: /Game/Levels/PersonalLevels/VGP/Alessandro_C/I_AlessandroC
----------------------------------------------------------------------------------------------------------------
I_AlessandroC - Persistent Level
----------------------------------------------------------------------------------------------------------------
[+] Content of I_AlessandroC Persistent Level
 |- Always loaded Actor Count: 24 
 |- Actor Path: /Game/Levels/PersonalLevels/VGP/Alessandro_C/I_AlessandroC.I_AlessandroC:PersistentLevel.AbstractNavData-Default
 |- Actor Package: /Game/Levels/PersonalLevels/VGP/Alessandro_C/I_AlessandroC
 |- Actor Path: /Game/Levels/PersonalLevels/VGP/Alessandro_C/I_AlessandroC.I_AlessandroC:PersistentLevel.BP_Character_C_UAID_50EBF62CEEB9F8CD01_1236182288
 |- Actor Package: /Game/__ExternalActors__/Levels/PersonalLevels/VGP/Alessandro_C/I_AlessandroC/A/PJ/KSRF5TMFW5X0S55AMWB6V5
 |- Actor Path: /Game/Levels/PersonalLevels/VGP/Alessandro_C/I_AlessandroC.I_AlessandroC:PersistentLevel.Brush_0
 |- Actor Package: /Game/Levels/PersonalLevels/VGP/Alessandro_C/I_AlessandroC
 |- Actor Path: /Game/Levels/PersonalLevels/VGP/Alessandro_C/I_AlessandroC.I_AlessandroC:PersistentLevel.DefaultPhysicsVolume_0
 |- Actor Package: /Game/Levels/PersonalLevels/VGP/Alessandro_C/I_AlessandroC
 |- Actor Path: /Game/Levels/PersonalLevels/VGP/Alessandro_C/I_AlessandroC.I_AlessandroC:PersistentLevel.DirectionalLight_1
 |- Actor Package: /Game/__ExternalActors__/Levels/PersonalLevels/VGP/Alessandro_C/I_AlessandroC/5/5O/GFU8OTCSSZY9NF1ERGAS1X
 |- Actor Path: /Game/Levels/PersonalLevels/VGP/Alessandro_C/I_AlessandroC.I_AlessandroC:PersistentLevel.ExponentialHeightFog_0
 |- Actor Package: /Game/__ExternalActors__/Levels/PersonalLevels/VGP/Alessandro_C/I_AlessandroC/7/B9/LJN0WWPUP12J04B3ID39LU
 |- Actor Path: /Game/Levels/PersonalLevels/VGP/Alessandro_C/I_AlessandroC.I_AlessandroC:PersistentLevel.GameplayDebuggerPlayerManager_0
 |- Actor Package: /Game/Levels/PersonalLevels/VGP/Alessandro_C/I_AlessandroC
 |- Actor Path: /Game/Levels/PersonalLevels/VGP/Alessandro_C/I_AlessandroC.I_AlessandroC:PersistentLevel.L_ShowCase1_C_1
 |- Actor Package: /Game/Levels/PersonalLevels/VGP/Alessandro_C/I_AlessandroC
 |- Actor Path: /Game/Levels/PersonalLevels/VGP/Alessandro_C/I_AlessandroC.I_AlessandroC:PersistentLevel.PostProcessVolume_0
 |- Actor Package: /Game/__ExternalActors__/Levels/PersonalLevels/VGP/Alessandro_C/I_AlessandroC/9/PS/MAHKNQEDAUO6OPXOM79RZT
 |- Actor Path: /Game/Levels/PersonalLevels/VGP/Alessandro_C/I_AlessandroC.I_AlessandroC:PersistentLevel.SkyAtmosphere_0
 |- Actor Package: /Game/__ExternalActors__/Levels/PersonalLevels/VGP/Alessandro_C/I_AlessandroC/C/YU/5B39ZOLEWHPZDVW2Q7UHVH
 |- Actor Path: /Game/Levels/PersonalLevels/VGP/Alessandro_C/I_AlessandroC.I_AlessandroC:PersistentLevel.SkyLight_0
 |- Actor Package: /Game/__ExternalActors__/Levels/PersonalLevels/VGP/Alessandro_C/I_AlessandroC/4/0F/4H335KG780L7YMLT5Y60RP
 |- Actor Path: /Game/Levels/PersonalLevels/VGP/Alessandro_C/I_AlessandroC.I_AlessandroC:PersistentLevel.StaticMeshActor_0
 |- Actor Package: /Game/__ExternalActors__/Levels/PersonalLevels/VGP/Alessandro_C/I_AlessandroC/4/KV/SSQ2NMSIVQNGOGAH4U1EW2
 |- Actor Path: /Game/Levels/PersonalLevels/VGP/Alessandro_C/I_AlessandroC.I_AlessandroC:PersistentLevel.StaticMeshActor_4
 |- Actor Package: /Game/__ExternalActors__/Levels/PersonalLevels/VGP/Alessandro_C/I_AlessandroC/D/JH/GDKWKGQTT1WBFQHXO9JAVW
 |- Actor Path: /Game/Levels/PersonalLevels/VGP/Alessandro_C/I_AlessandroC.I_AlessandroC:PersistentLevel.StaticMeshActor_8
 |- Actor Package: /Game/__ExternalActors__/Levels/PersonalLevels/VGP/Alessandro_C/I_AlessandroC/6/IP/F4IB8S0J38EL3IU8SCAAP7
 |- Actor Path: /Game/Levels/PersonalLevels/VGP/Alessandro_C/I_AlessandroC.I_AlessandroC:PersistentLevel.StaticMeshActor_9
 |- Actor Package: /Game/__ExternalActors__/Levels/PersonalLevels/VGP/Alessandro_C/I_AlessandroC/5/RN/JUUCLD7SC0WHSKO4NFJSLU
 |- Actor Path: /Game/Levels/PersonalLevels/VGP/Alessandro_C/I_AlessandroC.I_AlessandroC:PersistentLevel.StaticMeshActor_10
 |- Actor Package: /Game/__ExternalActors__/Levels/PersonalLevels/VGP/Alessandro_C/I_AlessandroC/A/UL/ZOD0URVZ3I0W3O20HLPJPH
 |- Actor Path: /Game/Levels/PersonalLevels/VGP/Alessandro_C/I_AlessandroC.I_AlessandroC:PersistentLevel.StaticMeshActor_29
 |- Actor Package: /Game/__ExternalActors__/Levels/PersonalLevels/VGP/Alessandro_C/I_AlessandroC/8/NB/Q7CCVZ8LBCZTXA3EE9ZO04
 |- Actor Path: /Game/Levels/PersonalLevels/VGP/Alessandro_C/I_AlessandroC.I_AlessandroC:PersistentLevel.StaticMeshActor_UAID_A4AE111137DC5EFB00_2001720423
 |- Actor Package: /Game/__ExternalActors__/Levels/PersonalLevels/VGP/Alessandro_C/I_AlessandroC/A/2D/PFURAZ5ZSK7G762YOJO0IJ
 |- Actor Path: /Game/Levels/PersonalLevels/VGP/Alessandro_C/I_AlessandroC.I_AlessandroC:PersistentLevel.StaticMeshActor_UAID_D85ED3EB4B231EAE01_1759328197
 |- Actor Package: /Game/__ExternalActors__/Levels/PersonalLevels/VGP/Alessandro_C/I_AlessandroC/7/NO/QAOHDZSNKZEUWCTGKPR40F
 |- Actor Path: /Game/Levels/PersonalLevels/VGP/Alessandro_C/I_AlessandroC.I_AlessandroC:PersistentLevel.VolumetricCloud_0
 |- Actor Package: /Game/__ExternalActors__/Levels/PersonalLevels/VGP/Alessandro_C/I_AlessandroC/6/X6/S5FAVATS2W15EAV3K2TKVV
 |- Actor Path: /Game/Levels/PersonalLevels/VGP/Alessandro_C/I_AlessandroC.I_AlessandroC:PersistentLevel.WorldDataLayers
 |- Actor Package: /Game/__ExternalActors__/Levels/PersonalLevels/VGP/Alessandro_C/I_AlessandroC/7/7Z/5MY27ONFV7FWU2B09CW7Z7
 |- Actor Path: /Game/Levels/PersonalLevels/VGP/Alessandro_C/I_AlessandroC.I_AlessandroC:PersistentLevel.WorldDataLayers
 |- Actor Package: /Game/__ExternalActors__/Levels/PersonalLevels/VGP/Alessandro_C/I_AlessandroC/7/7Z/5MY27ONFV7FWU2B09CW7Z7
 |- Actor Path: /Game/Levels/PersonalLevels/VGP/Alessandro_C/I_AlessandroC.I_AlessandroC:PersistentLevel.WorldInfo_0
 |- Actor Package: /Game/Levels/PersonalLevels/VGP/Alessandro_C/I_AlessandroC
 |- Actor Path: /Game/Levels/PersonalLevels/VGP/Alessandro_C/I_AlessandroC.I_AlessandroC:PersistentLevel.WorldPartitionMiniMap_0
 |- Actor Package: /Game/__ExternalActors__/Levels/PersonalLevels/VGP/Alessandro_C/I_AlessandroC/6/K7/PJYKA17HSUMTBW0WOD7Q0G

----------------------------------------------------------------------------------------------------------------
I_AlessandroC - Runtime Spatial Hash - Streaming Grid - MainGrid
----------------------------------------------------------------------------------------------------------------
            Origin: X=0.000 Y=0.000 Z=0.000
         Cell Size: 12800
      World Bounds: IsValid=false, Min=(X=0.000 Y=0.000 Z=0.000), Max=(X=0.000 Y=0.000 Z=0.000)
     Loading Range: 25600.00
Block Slow Loading: No
 ClientOnlyVisible: No
            Origin: X=0.000 Y=0.000 Z=0.000

[+] Grid Levels: 1
 |- Level  0: Cell Count    0 | Cell Size   12800 | Actor Count    0 (0.0%)

[+] Content of Grid Level 0

