[+] Containers:
 |- [+] Container: /Game/Levels/PersonalLevels/VGP/L_ShowCase1
 |   |- [+] ActorDescs:
 |   |   |- Guid:0CAD2CD24D557CDA2148CBBFCBDCAAE9 BaseClass: NativeClass:/Script/Engine.StaticMeshActor Name:StaticMeshActor_8 Label:SM_ChamferCube3 SpatiallyLoaded:1 Bounds:IsValid=true, Min=(X=1837.548 Y=2067.548 Z=0.063), Max=(X=2042.452 Y=2272.452 Z=150.063) RuntimeGrid:None EditorOnly:0 RuntimeOnly:0 HLODRelevant:0 ListedInSceneOutliner:1 IsMainWorldOnly:0 FolderPath:SimulatedCubes FolderGuid:9AEEADCB4DC6C647D6E7C0B4EDA1744F
 |   |   |- Guid:1A3822504E42551076C94C817E06CC6E BaseClass: NativeClass:/Script/Engine.SkeletalMeshActor Name:SkeletalMeshActor_UAID_D85ED3EB4B231EAE01_1575513190 Label:A_Inspect SpatiallyLoaded:1 Bounds:IsValid=true, Min=(X=2687.068 Y=1191.634 Z=124.727), Max=(X=2754.228 Y=1246.341 Z=160.713) RuntimeGrid:None EditorOnly:0 RuntimeOnly:0 HLODRelevant:0 ListedInSceneOutliner:1 IsMainWorldOnly:0
 |   |   |- Guid:1DA27F884A965F14F609268E39EC1D55 BaseClass: NativeClass:/Script/Engine.DirectionalLight Name:DirectionalLight_1 Label:DirectionalLight SpatiallyLoaded:0 Bounds:IsValid=true, Min=(X=-4398046511104.000 Y=-4398046511104.000 Z=-4398046511104.000), Max=(X=4398046511104.000 Y=4398046511104.000 Z=4398046511104.000) RuntimeGrid:None EditorOnly:0 RuntimeOnly:0 HLODRelevant:0 ListedInSceneOutliner:1 IsMainWorldOnly:0 FolderPath:Lighting FolderGuid:0BA5F0A04EADB18E70D5B180D08FA34B
 |   |   |- Guid:1F58E9DD42A723CD9A1344979211D100 BaseClass: NativeClass:/Script/Engine.StaticMeshActor Name:StaticMeshActor_9 Label:SM_Cube5 SpatiallyLoaded:1 Bounds:IsValid=true, Min=(X=1620.000 Y=100.000 Z=0.000), Max=(X=1720.000 Y=2400.000 Z=400.000) RuntimeGrid:None EditorOnly:0 RuntimeOnly:0 HLODRelevant:1 ListedInSceneOutliner:1 IsMainWorldOnly:0 FolderPath:Playground FolderGuid:6C02BB504B69D1F3D7A624B130C18E5B
 |   |   |- Guid:2D90CAFC4EB89C11ED109AAC53E793A3 BaseClass: NativeClass:/Script/Engine.SkeletalMeshActor Name:SkeletalMeshActor_UAID_D85ED3EB4B231EAE01_1527529185 Label:A_AimIdle SpatiallyLoaded:1 Bounds:IsValid=true, Min=(X=2687.067 Y=633.269 Z=126.735), Max=(X=2754.037 Y=686.761 Z=165.018) RuntimeGrid:None EditorOnly:0 RuntimeOnly:0 HLODRelevant:0 ListedInSceneOutliner:1 IsMainWorldOnly:0
 |   |   |- Guid:2F8CD5224AA30678BBD4D68039127EDB BaseClass: NativeClass:/Script/Engine.PlayerStart Name:PlayerStart_0 Label:PlayerStart SpatiallyLoaded:0 Bounds:IsValid=true, Min=(X=1930.000 Y=1170.000 Z=0.013), Max=(X=2010.000 Y=1250.000 Z=184.013) RuntimeGrid:None EditorOnly:0 RuntimeOnly:0 HLODRelevant:0 ListedInSceneOutliner:1 IsMainWorldOnly:0
 |   |   |- Guid:3C358100476D4E42DCAA4582158B3D6D BaseClass: NativeClass:/Script/Engine.StaticMeshActor Name:StaticMeshActor_10 Label:SM_Cube6 SpatiallyLoaded:1 Bounds:IsValid=true, Min=(X=2900.000 Y=100.000 Z=0.000), Max=(X=3000.000 Y=2375.000 Z=400.000) RuntimeGrid:None EditorOnly:0 RuntimeOnly:0 HLODRelevant:1 ListedInSceneOutliner:1 IsMainWorldOnly:0 FolderPath:Playground FolderGuid:6C02BB504B69D1F3D7A624B130C18E5B
 |   |   |- Guid:3F7DA7B74B781C2F03F162AADA4E11CF BaseClass: NativeClass:/Script/Engine.ExponentialHeightFog Name:ExponentialHeightFog_0 Label:ExponentialHeightFog SpatiallyLoaded:0 Bounds:IsValid=true, Min=(X=-5600.000 Y=-50.000 Z=-6850.000), Max=(X=-5600.000 Y=-50.000 Z=-6850.000) RuntimeGrid:None EditorOnly:0 RuntimeOnly:0 HLODRelevant:0 ListedInSceneOutliner:1 IsMainWorldOnly:0 FolderPath:Lighting FolderGuid:0BA5F0A04EADB18E70D5B180D08FA34B
 |   |   |- Guid:47BDC0FA4AB8D8AB22DD9FB6A16BC9E3 BaseClass: NativeClass:/Script/Engine.SkeletalMeshActor Name:SkeletalMeshActor_UAID_D85ED3EB4B231EAE01_1545661187 Label:A_Equip SpatiallyLoaded:1 Bounds:IsValid=true, Min=(X=2712.778 Y=870.453 Z=82.396), Max=(X=2768.335 Y=928.183 Z=150.910) RuntimeGrid:None EditorOnly:0 RuntimeOnly:0 HLODRelevant:0 ListedInSceneOutliner:1 IsMainWorldOnly:0
 |   |   |- Guid:5394126046E5E3BA2C864999D65B7C92 BaseClass: NativeClass:/Script/Engine.SkyLight Name:SkyLight_0 Label:SkyLight SpatiallyLoaded:0 Bounds:IsValid=true, Min=(X=0.000 Y=0.000 Z=690.000), Max=(X=0.000 Y=0.000 Z=690.000) RuntimeGrid:None EditorOnly:0 RuntimeOnly:0 HLODRelevant:0 ListedInSceneOutliner:1 IsMainWorldOnly:0 FolderPath:Lighting FolderGuid:0BA5F0A04EADB18E70D5B180D08FA34B
 |   |   |- Guid:55DAEAA44C54FC68A56DBE9DFE6593F7 BaseClass: NativeClass:/Script/Engine.StaticMeshActor Name:StaticMeshActor_UAID_A4AE111137DC5EFB00_2001720423 Label:SM_SkySphere SpatiallyLoaded:1 Bounds:IsValid=true, Min=(X=-1638400.000 Y=-1638400.000 Z=-1638400.000), Max=(X=1638400.000 Y=1638400.000 Z=1638400.000) RuntimeGrid:None EditorOnly:0 RuntimeOnly:0 HLODRelevant:1 ListedInSceneOutliner:1 IsMainWorldOnly:0 FolderPath:Lighting FolderGuid:0BA5F0A04EADB18E70D5B180D08FA34B
 |   |   |- Guid:6288799B4D7AB25D4E05CF84B7F61C63 BaseClass: NativeClass:/Script/Engine.StaticMeshActor Name:StaticMeshActor_29 Label:SM_ChamferCube4 SpatiallyLoaded:1 Bounds:IsValid=true, Min=(X=1784.338 Y=144.338 Z=0.063), Max=(X=1995.662 Y=355.662 Z=150.063) RuntimeGrid:None EditorOnly:0 RuntimeOnly:0 HLODRelevant:0 ListedInSceneOutliner:1 IsMainWorldOnly:0 FolderPath:SimulatedCubes FolderGuid:9AEEADCB4DC6C647D6E7C0B4EDA1744F
 |   |   |- Guid:69465E2E439FCB343DC3BB93C5B23E5A BaseClass: NativeClass:/Script/Engine.SkyAtmosphere Name:SkyAtmosphere_0 Label:SkyAtmosphere SpatiallyLoaded:0 Bounds:IsValid=true, Min=(X=0.000 Y=0.000 Z=1020.000), Max=(X=0.000 Y=0.000 Z=1020.000) RuntimeGrid:None EditorOnly:0 RuntimeOnly:0 HLODRelevant:0 ListedInSceneOutliner:1 IsMainWorldOnly:0 FolderPath:Lighting FolderGuid:0BA5F0A04EADB18E70D5B180D08FA34B
 |   |   |- Guid:6D3846C541AED85AF8E135B10AA5467C BaseClass: NativeClass:/Script/Engine.SkeletalMeshActor Name:SkeletalMeshActor_UAID_D85ED3EB4B231EAE01_1534123186 Label:A_AimWalk SpatiallyLoaded:1 Bounds:IsValid=true, Min=(X=2687.065 Y=753.269 Z=126.647), Max=(X=2754.041 Y=806.756 Z=164.865) RuntimeGrid:None EditorOnly:0 RuntimeOnly:0 HLODRelevant:0 ListedInSceneOutliner:1 IsMainWorldOnly:0
 |   |   |- Guid:6E666CB441D9B45B5B1C258B0610461B BaseClass: NativeClass:/Script/Engine.SkeletalMeshActor Name:SkeletalMeshActor_UAID_D85ED3EB4B231EAE01_1581382191 Label:A_Reload SpatiallyLoaded:1 Bounds:IsValid=true, Min=(X=2697.134 Y=1301.608 Z=125.153), Max=(X=2764.279 Y=1356.308 Z=160.705) RuntimeGrid:None EditorOnly:0 RuntimeOnly:0 HLODRelevant:0 ListedInSceneOutliner:1 IsMainWorldOnly:0
 |   |   |- Guid:6FC9EA0D43692B8B516635AF91880AC1 BaseClass: NativeClass:/Script/Engine.SkeletalMeshActor Name:SkeletalMeshActor_UAID_D85ED3EB4B231EAE01_1622197196 Label:A_Walk SpatiallyLoaded:1 Bounds:IsValid=true, Min=(X=2686.879 Y=1921.961 Z=124.582), Max=(X=2754.258 Y=1976.284 Z=159.339) RuntimeGrid:None EditorOnly:0 RuntimeOnly:0 HLODRelevant:0 ListedInSceneOutliner:1 IsMainWorldOnly:0
 |   |   |- Guid:7C34A4B841FE7DD13F74DDABF101DE46 BaseClass: NativeClass:/Script/Engine.SkeletalMeshActor Name:SkeletalMeshActor_UAID_D85ED3EB4B231EAE01_1608892194 Label:A_Sprint SpatiallyLoaded:1 Bounds:IsValid=true, Min=(X=2701.161 Y=1654.612 Z=87.536), Max=(X=2765.823 Y=1717.359 Z=161.839) RuntimeGrid:None EditorOnly:0 RuntimeOnly:0 HLODRelevant:0 ListedInSceneOutliner:1 IsMainWorldOnly:0
 |   |   |- Guid:7CCF9AA041A52F90C47B1EAAB1FE70D0 BaseClass: NativeClass:/Script/Engine.PostProcessVolume Name:PostProcessVolume_0 Label:PostProcessVolume SpatiallyLoaded:0 Bounds:IsValid=true, Min=(X=1530.000 Y=-140.000 Z=-180.000), Max=(X=2930.000 Y=2560.000 Z=720.000) RuntimeGrid:None EditorOnly:0 RuntimeOnly:0 HLODRelevant:0 ListedInSceneOutliner:1 IsMainWorldOnly:0 FolderPath:Lighting FolderGuid:0BA5F0A04EADB18E70D5B180D08FA34B
 |   |   |- Guid:88035ACD46EF17F3DC765EAD8EDA6CD6 BaseClass: NativeClass:/Script/Engine.SkeletalMeshActor Name:SkeletalMeshActor_UAID_D85ED3EB4B231EAE01_1614914195 Label:A_Unnequip SpatiallyLoaded:1 Bounds:IsValid=true, Min=(X=2696.290 Y=1801.672 Z=124.653), Max=(X=2764.228 Y=1856.373 Z=160.652) RuntimeGrid:None EditorOnly:0 RuntimeOnly:0 HLODRelevant:0 ListedInSceneOutliner:1 IsMainWorldOnly:0
 |   |   |- Guid:8944C451495CAFD99DB9FFAB94F22000 BaseClass: NativeClass:/Script/Engine.SkeletalMeshActor Name:SkeletalMeshActor_UAID_D85ED3EB4B231EAE01_1596730193 Label:A_Run SpatiallyLoaded:1 Bounds:IsValid=true, Min=(X=2701.179 Y=1523.649 Z=116.828), Max=(X=2764.832 Y=1576.669 Z=150.172) RuntimeGrid:None EditorOnly:0 RuntimeOnly:0 HLODRelevant:0 ListedInSceneOutliner:1 IsMainWorldOnly:0
 |   |   |- Guid:8D00EF674BD14186B2241DA4BCB75C62 BaseClass: NativeClass:/Script/Engine.SkeletalMeshActor Name:SkeletalMeshActor_UAID_D85ED3EB4B231EAE01_1590831192 Label:A_ReloadEmpty SpatiallyLoaded:1 Bounds:IsValid=true, Min=(X=2696.978 Y=1411.733 Z=124.829), Max=(X=2764.230 Y=1466.335 Z=160.612) RuntimeGrid:None EditorOnly:0 RuntimeOnly:0 HLODRelevant:0 ListedInSceneOutliner:1 IsMainWorldOnly:0
 |   |   |- Guid:8ED5BC0E43EADB6C0F553CAD1CB4B4C0 BaseClass: NativeClass:/Script/Engine.WorldDataLayers Name:WorldDataLayers Label:WorldDataLayers-1 SpatiallyLoaded:0 Bounds:Invalid RuntimeGrid:None EditorOnly:0 RuntimeOnly:0 HLODRelevant:0 ListedInSceneOutliner:1 IsMainWorldOnly:1
 |   |   |- Guid:9226BBD44469F2B5BBD64FAE7AA122E8 BaseClass: NativeClass:/Script/Engine.SkeletalMeshActor Name:SkeletalMeshActor_UAID_D85ED3EB4B231EAE01_1519611184 Label:A_AimFire SpatiallyLoaded:1 Bounds:IsValid=true, Min=(X=2688.905 Y=523.269 Z=126.107), Max=(X=2754.070 Y=576.767 Z=164.780) RuntimeGrid:None EditorOnly:0 RuntimeOnly:0 HLODRelevant:0 ListedInSceneOutliner:1 IsMainWorldOnly:0
 |   |   |- Guid:A15EB6C842132659F9661580C1F51CF9 BaseClass: NativeClass:/Script/Engine.StaticMeshActor Name:StaticMeshActor_UAID_D85ED3EB4B231EAE01_1759328197 Label:SM_Cube4 SpatiallyLoaded:1 Bounds:IsValid=true, Min=(X=1620.000 Y=0.000 Z=0.000), Max=(X=2995.000 Y=100.000 Z=400.000) RuntimeGrid:None EditorOnly:0 RuntimeOnly:0 HLODRelevant:1 ListedInSceneOutliner:1 IsMainWorldOnly:0 FolderPath:Playground FolderGuid:6C02BB504B69D1F3D7A624B130C18E5B
 |   |   |- Guid:AC1806D74E8747F520DE879F84F4F751 BaseClass: NativeClass:/Script/Engine.VolumetricCloud Name:VolumetricCloud_0 Label:VolumetricCloud SpatiallyLoaded:0 Bounds:IsValid=true, Min=(X=0.000 Y=0.000 Z=820.000), Max=(X=0.000 Y=0.000 Z=820.000) RuntimeGrid:None EditorOnly:0 RuntimeOnly:0 HLODRelevant:0 ListedInSceneOutliner:1 IsMainWorldOnly:0 FolderPath:Lighting FolderGuid:0BA5F0A04EADB18E70D5B180D08FA34B
 |   |   |- Guid:C32533A240E143BE9CACB7B2738735B0 BaseClass: NativeClass:/Script/Engine.StaticMeshActor Name:StaticMeshActor_4 Label:SM_Cube3 SpatiallyLoaded:1 Bounds:IsValid=true, Min=(X=1620.000 Y=2360.000 Z=0.000), Max=(X=2995.000 Y=2460.000 Z=400.000) RuntimeGrid:None EditorOnly:0 RuntimeOnly:0 HLODRelevant:1 ListedInSceneOutliner:1 IsMainWorldOnly:0 FolderPath:Playground FolderGuid:6C02BB504B69D1F3D7A624B130C18E5B
 |   |   |- Guid:D932ABE94FA4061C03743EAFFC721A01 BaseClass: NativeClass:/Script/Engine.StaticMeshActor Name:StaticMeshActor_0 Label:SM_Cube SpatiallyLoaded:1 Bounds:IsValid=true, Min=(X=1660.000 Y=0.000 Z=-50.000), Max=(X=2910.000 Y=2350.000 Z=0.000) RuntimeGrid:None EditorOnly:0 RuntimeOnly:0 HLODRelevant:1 ListedInSceneOutliner:1 IsMainWorldOnly:0 FolderPath:Playground FolderGuid:6C02BB504B69D1F3D7A624B130C18E5B
 |   |   |- Guid:E7DA41CC4F7649D9194CB9BC5C010AF2 BaseClass: NativeClass:/Script/Engine.SkeletalMeshActor Name:SkeletalMeshActor_UAID_D85ED3EB4B231EAE01_1565237189 Label:A_idle SpatiallyLoaded:1 Bounds:IsValid=true, Min=(X=2687.071 Y=1091.763 Z=125.179), Max=(X=2754.222 Y=1146.312 Z=160.698) RuntimeGrid:None EditorOnly:0 RuntimeOnly:0 HLODRelevant:0 ListedInSceneOutliner:1 IsMainWorldOnly:0
 |   |   |- Guid:F0E2FB034A8FCD4335579980B97D4721 BaseClass: NativeClass:/Script/Engine.SkeletalMeshActor Name:SkeletalMeshActor_UAID_D85ED3EB4B231EAE01_1553315188 Label:A_Fire SpatiallyLoaded:1 Bounds:IsValid=true, Min=(X=2687.310 Y=981.845 Z=124.459), Max=(X=2754.267 Y=1036.279 Z=159.385) RuntimeGrid:None EditorOnly:0 RuntimeOnly:0 HLODRelevant:0 ListedInSceneOutliner:1 IsMainWorldOnly:0
 |   |   |- Guid:F1858E1E4C0088E009491286D788E040 BaseClass: NativeClass:/Script/Engine.SkeletalMeshActor Name:SkeletalMeshActor_UAID_D85ED3EB4B231EAE01_1491056183 Label:A_Aim SpatiallyLoaded:1 Bounds:IsValid=true, Min=(X=2687.117 Y=411.911 Z=125.247), Max=(X=2754.206 Y=466.332 Z=161.075) RuntimeGrid:None EditorOnly:0 RuntimeOnly:0 HLODRelevant:0 ListedInSceneOutliner:1 IsMainWorldOnly:0
 |   |- [+] Clusters:
 |   |   |- [+] [  0]
 |   |   |   |- Guid:0CAD2CD24D557CDA2148CBBFCBDCAAE9 BaseClass: NativeClass:/Script/Engine.StaticMeshActor Name:StaticMeshActor_8 Label:SM_ChamferCube3 SpatiallyLoaded:1 Bounds:IsValid=true, Min=(X=1837.548 Y=2067.548 Z=0.063), Max=(X=2042.452 Y=2272.452 Z=150.063) RuntimeGrid:None EditorOnly:0 RuntimeOnly:0 HLODRelevant:0 ListedInSceneOutliner:1 IsMainWorldOnly:0 FolderPath:SimulatedCubes FolderGuid:9AEEADCB4DC6C647D6E7C0B4EDA1744F
 |   |   |- [+] [  1]
 |   |   |   |- Guid:1A3822504E42551076C94C817E06CC6E BaseClass: NativeClass:/Script/Engine.SkeletalMeshActor Name:SkeletalMeshActor_UAID_D85ED3EB4B231EAE01_1575513190 Label:A_Inspect SpatiallyLoaded:1 Bounds:IsValid=true, Min=(X=2687.068 Y=1191.634 Z=124.727), Max=(X=2754.228 Y=1246.341 Z=160.713) RuntimeGrid:None EditorOnly:0 RuntimeOnly:0 HLODRelevant:0 ListedInSceneOutliner:1 IsMainWorldOnly:0
 |   |   |- [+] [  2]
 |   |   |   |- Guid:1DA27F884A965F14F609268E39EC1D55 BaseClass: NativeClass:/Script/Engine.DirectionalLight Name:DirectionalLight_1 Label:DirectionalLight SpatiallyLoaded:0 Bounds:IsValid=true, Min=(X=-4398046511104.000 Y=-4398046511104.000 Z=-4398046511104.000), Max=(X=4398046511104.000 Y=4398046511104.000 Z=4398046511104.000) RuntimeGrid:None EditorOnly:0 RuntimeOnly:0 HLODRelevant:0 ListedInSceneOutliner:1 IsMainWorldOnly:0 FolderPath:Lighting FolderGuid:0BA5F0A04EADB18E70D5B180D08FA34B
 |   |   |- [+] [  3]
 |   |   |   |- Guid:1F58E9DD42A723CD9A1344979211D100 BaseClass: NativeClass:/Script/Engine.StaticMeshActor Name:StaticMeshActor_9 Label:SM_Cube5 SpatiallyLoaded:1 Bounds:IsValid=true, Min=(X=1620.000 Y=100.000 Z=0.000), Max=(X=1720.000 Y=2400.000 Z=400.000) RuntimeGrid:None EditorOnly:0 RuntimeOnly:0 HLODRelevant:1 ListedInSceneOutliner:1 IsMainWorldOnly:0 FolderPath:Playground FolderGuid:6C02BB504B69D1F3D7A624B130C18E5B
 |   |   |- [+] [  4]
 |   |   |   |- Guid:2D90CAFC4EB89C11ED109AAC53E793A3 BaseClass: NativeClass:/Script/Engine.SkeletalMeshActor Name:SkeletalMeshActor_UAID_D85ED3EB4B231EAE01_1527529185 Label:A_AimIdle SpatiallyLoaded:1 Bounds:IsValid=true, Min=(X=2687.067 Y=633.269 Z=126.735), Max=(X=2754.037 Y=686.761 Z=165.018) RuntimeGrid:None EditorOnly:0 RuntimeOnly:0 HLODRelevant:0 ListedInSceneOutliner:1 IsMainWorldOnly:0
 |   |   |- [+] [  5]
 |   |   |   |- Guid:2F8CD5224AA30678BBD4D68039127EDB BaseClass: NativeClass:/Script/Engine.PlayerStart Name:PlayerStart_0 Label:PlayerStart SpatiallyLoaded:0 Bounds:IsValid=true, Min=(X=1930.000 Y=1170.000 Z=0.013), Max=(X=2010.000 Y=1250.000 Z=184.013) RuntimeGrid:None EditorOnly:0 RuntimeOnly:0 HLODRelevant:0 ListedInSceneOutliner:1 IsMainWorldOnly:0
 |   |   |- [+] [  6]
 |   |   |   |- Guid:3C358100476D4E42DCAA4582158B3D6D BaseClass: NativeClass:/Script/Engine.StaticMeshActor Name:StaticMeshActor_10 Label:SM_Cube6 SpatiallyLoaded:1 Bounds:IsValid=true, Min=(X=2900.000 Y=100.000 Z=0.000), Max=(X=3000.000 Y=2375.000 Z=400.000) RuntimeGrid:None EditorOnly:0 RuntimeOnly:0 HLODRelevant:1 ListedInSceneOutliner:1 IsMainWorldOnly:0 FolderPath:Playground FolderGuid:6C02BB504B69D1F3D7A624B130C18E5B
 |   |   |- [+] [  7]
 |   |   |   |- Guid:3F7DA7B74B781C2F03F162AADA4E11CF BaseClass: NativeClass:/Script/Engine.ExponentialHeightFog Name:ExponentialHeightFog_0 Label:ExponentialHeightFog SpatiallyLoaded:0 Bounds:IsValid=true, Min=(X=-5600.000 Y=-50.000 Z=-6850.000), Max=(X=-5600.000 Y=-50.000 Z=-6850.000) RuntimeGrid:None EditorOnly:0 RuntimeOnly:0 HLODRelevant:0 ListedInSceneOutliner:1 IsMainWorldOnly:0 FolderPath:Lighting FolderGuid:0BA5F0A04EADB18E70D5B180D08FA34B
 |   |   |- [+] [  8]
 |   |   |   |- Guid:47BDC0FA4AB8D8AB22DD9FB6A16BC9E3 BaseClass: NativeClass:/Script/Engine.SkeletalMeshActor Name:SkeletalMeshActor_UAID_D85ED3EB4B231EAE01_1545661187 Label:A_Equip SpatiallyLoaded:1 Bounds:IsValid=true, Min=(X=2712.778 Y=870.453 Z=82.396), Max=(X=2768.335 Y=928.183 Z=150.910) RuntimeGrid:None EditorOnly:0 RuntimeOnly:0 HLODRelevant:0 ListedInSceneOutliner:1 IsMainWorldOnly:0
 |   |   |- [+] [  9]
 |   |   |   |- Guid:5394126046E5E3BA2C864999D65B7C92 BaseClass: NativeClass:/Script/Engine.SkyLight Name:SkyLight_0 Label:SkyLight SpatiallyLoaded:0 Bounds:IsValid=true, Min=(X=0.000 Y=0.000 Z=690.000), Max=(X=0.000 Y=0.000 Z=690.000) RuntimeGrid:None EditorOnly:0 RuntimeOnly:0 HLODRelevant:0 ListedInSceneOutliner:1 IsMainWorldOnly:0 FolderPath:Lighting FolderGuid:0BA5F0A04EADB18E70D5B180D08FA34B
 |   |   |- [+] [ 10]
 |   |   |   |- Guid:55DAEAA44C54FC68A56DBE9DFE6593F7 BaseClass: NativeClass:/Script/Engine.StaticMeshActor Name:StaticMeshActor_UAID_A4AE111137DC5EFB00_2001720423 Label:SM_SkySphere SpatiallyLoaded:1 Bounds:IsValid=true, Min=(X=-1638400.000 Y=-1638400.000 Z=-1638400.000), Max=(X=1638400.000 Y=1638400.000 Z=1638400.000) RuntimeGrid:None EditorOnly:0 RuntimeOnly:0 HLODRelevant:1 ListedInSceneOutliner:1 IsMainWorldOnly:0 FolderPath:Lighting FolderGuid:0BA5F0A04EADB18E70D5B180D08FA34B
 |   |   |- [+] [ 11]
 |   |   |   |- Guid:6288799B4D7AB25D4E05CF84B7F61C63 BaseClass: NativeClass:/Script/Engine.StaticMeshActor Name:StaticMeshActor_29 Label:SM_ChamferCube4 SpatiallyLoaded:1 Bounds:IsValid=true, Min=(X=1784.338 Y=144.338 Z=0.063), Max=(X=1995.662 Y=355.662 Z=150.063) RuntimeGrid:None EditorOnly:0 RuntimeOnly:0 HLODRelevant:0 ListedInSceneOutliner:1 IsMainWorldOnly:0 FolderPath:SimulatedCubes FolderGuid:9AEEADCB4DC6C647D6E7C0B4EDA1744F
 |   |   |- [+] [ 12]
 |   |   |   |- Guid:69465E2E439FCB343DC3BB93C5B23E5A BaseClass: NativeClass:/Script/Engine.SkyAtmosphere Name:SkyAtmosphere_0 Label:SkyAtmosphere SpatiallyLoaded:0 Bounds:IsValid=true, Min=(X=0.000 Y=0.000 Z=1020.000), Max=(X=0.000 Y=0.000 Z=1020.000) RuntimeGrid:None EditorOnly:0 RuntimeOnly:0 HLODRelevant:0 ListedInSceneOutliner:1 IsMainWorldOnly:0 FolderPath:Lighting FolderGuid:0BA5F0A04EADB18E70D5B180D08FA34B
 |   |   |- [+] [ 13]
 |   |   |   |- Guid:6D3846C541AED85AF8E135B10AA5467C BaseClass: NativeClass:/Script/Engine.SkeletalMeshActor Name:SkeletalMeshActor_UAID_D85ED3EB4B231EAE01_1534123186 Label:A_AimWalk SpatiallyLoaded:1 Bounds:IsValid=true, Min=(X=2687.065 Y=753.269 Z=126.647), Max=(X=2754.041 Y=806.756 Z=164.865) RuntimeGrid:None EditorOnly:0 RuntimeOnly:0 HLODRelevant:0 ListedInSceneOutliner:1 IsMainWorldOnly:0
 |   |   |- [+] [ 14]
 |   |   |   |- Guid:6E666CB441D9B45B5B1C258B0610461B BaseClass: NativeClass:/Script/Engine.SkeletalMeshActor Name:SkeletalMeshActor_UAID_D85ED3EB4B231EAE01_1581382191 Label:A_Reload SpatiallyLoaded:1 Bounds:IsValid=true, Min=(X=2697.134 Y=1301.608 Z=125.153), Max=(X=2764.279 Y=1356.308 Z=160.705) RuntimeGrid:None EditorOnly:0 RuntimeOnly:0 HLODRelevant:0 ListedInSceneOutliner:1 IsMainWorldOnly:0
 |   |   |- [+] [ 15]
 |   |   |   |- Guid:6FC9EA0D43692B8B516635AF91880AC1 BaseClass: NativeClass:/Script/Engine.SkeletalMeshActor Name:SkeletalMeshActor_UAID_D85ED3EB4B231EAE01_1622197196 Label:A_Walk SpatiallyLoaded:1 Bounds:IsValid=true, Min=(X=2686.879 Y=1921.961 Z=124.582), Max=(X=2754.258 Y=1976.284 Z=159.339) RuntimeGrid:None EditorOnly:0 RuntimeOnly:0 HLODRelevant:0 ListedInSceneOutliner:1 IsMainWorldOnly:0
 |   |   |- [+] [ 16]
 |   |   |   |- Guid:7C34A4B841FE7DD13F74DDABF101DE46 BaseClass: NativeClass:/Script/Engine.SkeletalMeshActor Name:SkeletalMeshActor_UAID_D85ED3EB4B231EAE01_1608892194 Label:A_Sprint SpatiallyLoaded:1 Bounds:IsValid=true, Min=(X=2701.161 Y=1654.612 Z=87.536), Max=(X=2765.823 Y=1717.359 Z=161.839) RuntimeGrid:None EditorOnly:0 RuntimeOnly:0 HLODRelevant:0 ListedInSceneOutliner:1 IsMainWorldOnly:0
 |   |   |- [+] [ 17]
 |   |   |   |- Guid:7CCF9AA041A52F90C47B1EAAB1FE70D0 BaseClass: NativeClass:/Script/Engine.PostProcessVolume Name:PostProcessVolume_0 Label:PostProcessVolume SpatiallyLoaded:0 Bounds:IsValid=true, Min=(X=1530.000 Y=-140.000 Z=-180.000), Max=(X=2930.000 Y=2560.000 Z=720.000) RuntimeGrid:None EditorOnly:0 RuntimeOnly:0 HLODRelevant:0 ListedInSceneOutliner:1 IsMainWorldOnly:0 FolderPath:Lighting FolderGuid:0BA5F0A04EADB18E70D5B180D08FA34B
 |   |   |- [+] [ 18]
 |   |   |   |- Guid:88035ACD46EF17F3DC765EAD8EDA6CD6 BaseClass: NativeClass:/Script/Engine.SkeletalMeshActor Name:SkeletalMeshActor_UAID_D85ED3EB4B231EAE01_1614914195 Label:A_Unnequip SpatiallyLoaded:1 Bounds:IsValid=true, Min=(X=2696.290 Y=1801.672 Z=124.653), Max=(X=2764.228 Y=1856.373 Z=160.652) RuntimeGrid:None EditorOnly:0 RuntimeOnly:0 HLODRelevant:0 ListedInSceneOutliner:1 IsMainWorldOnly:0
 |   |   |- [+] [ 19]
 |   |   |   |- Guid:8944C451495CAFD99DB9FFAB94F22000 BaseClass: NativeClass:/Script/Engine.SkeletalMeshActor Name:SkeletalMeshActor_UAID_D85ED3EB4B231EAE01_1596730193 Label:A_Run SpatiallyLoaded:1 Bounds:IsValid=true, Min=(X=2701.179 Y=1523.649 Z=116.828), Max=(X=2764.832 Y=1576.669 Z=150.172) RuntimeGrid:None EditorOnly:0 RuntimeOnly:0 HLODRelevant:0 ListedInSceneOutliner:1 IsMainWorldOnly:0
 |   |   |- [+] [ 20]
 |   |   |   |- Guid:8D00EF674BD14186B2241DA4BCB75C62 BaseClass: NativeClass:/Script/Engine.SkeletalMeshActor Name:SkeletalMeshActor_UAID_D85ED3EB4B231EAE01_1590831192 Label:A_ReloadEmpty SpatiallyLoaded:1 Bounds:IsValid=true, Min=(X=2696.978 Y=1411.733 Z=124.829), Max=(X=2764.230 Y=1466.335 Z=160.612) RuntimeGrid:None EditorOnly:0 RuntimeOnly:0 HLODRelevant:0 ListedInSceneOutliner:1 IsMainWorldOnly:0
 |   |   |- [+] [ 21]
 |   |   |   |- Guid:8ED5BC0E43EADB6C0F553CAD1CB4B4C0 BaseClass: NativeClass:/Script/Engine.WorldDataLayers Name:WorldDataLayers Label:WorldDataLayers-1 SpatiallyLoaded:0 Bounds:Invalid RuntimeGrid:None EditorOnly:0 RuntimeOnly:0 HLODRelevant:0 ListedInSceneOutliner:1 IsMainWorldOnly:1
 |   |   |- [+] [ 22]
 |   |   |   |- Guid:9226BBD44469F2B5BBD64FAE7AA122E8 BaseClass: NativeClass:/Script/Engine.SkeletalMeshActor Name:SkeletalMeshActor_UAID_D85ED3EB4B231EAE01_1519611184 Label:A_AimFire SpatiallyLoaded:1 Bounds:IsValid=true, Min=(X=2688.905 Y=523.269 Z=126.107), Max=(X=2754.070 Y=576.767 Z=164.780) RuntimeGrid:None EditorOnly:0 RuntimeOnly:0 HLODRelevant:0 ListedInSceneOutliner:1 IsMainWorldOnly:0
 |   |   |- [+] [ 23]
 |   |   |   |- Guid:A15EB6C842132659F9661580C1F51CF9 BaseClass: NativeClass:/Script/Engine.StaticMeshActor Name:StaticMeshActor_UAID_D85ED3EB4B231EAE01_1759328197 Label:SM_Cube4 SpatiallyLoaded:1 Bounds:IsValid=true, Min=(X=1620.000 Y=0.000 Z=0.000), Max=(X=2995.000 Y=100.000 Z=400.000) RuntimeGrid:None EditorOnly:0 RuntimeOnly:0 HLODRelevant:1 ListedInSceneOutliner:1 IsMainWorldOnly:0 FolderPath:Playground FolderGuid:6C02BB504B69D1F3D7A624B130C18E5B
 |   |   |- [+] [ 24]
 |   |   |   |- Guid:AC1806D74E8747F520DE879F84F4F751 BaseClass: NativeClass:/Script/Engine.VolumetricCloud Name:VolumetricCloud_0 Label:VolumetricCloud SpatiallyLoaded:0 Bounds:IsValid=true, Min=(X=0.000 Y=0.000 Z=820.000), Max=(X=0.000 Y=0.000 Z=820.000) RuntimeGrid:None EditorOnly:0 RuntimeOnly:0 HLODRelevant:0 ListedInSceneOutliner:1 IsMainWorldOnly:0 FolderPath:Lighting FolderGuid:0BA5F0A04EADB18E70D5B180D08FA34B
 |   |   |- [+] [ 25]
 |   |   |   |- Guid:C32533A240E143BE9CACB7B2738735B0 BaseClass: NativeClass:/Script/Engine.StaticMeshActor Name:StaticMeshActor_4 Label:SM_Cube3 SpatiallyLoaded:1 Bounds:IsValid=true, Min=(X=1620.000 Y=2360.000 Z=0.000), Max=(X=2995.000 Y=2460.000 Z=400.000) RuntimeGrid:None EditorOnly:0 RuntimeOnly:0 HLODRelevant:1 ListedInSceneOutliner:1 IsMainWorldOnly:0 FolderPath:Playground FolderGuid:6C02BB504B69D1F3D7A624B130C18E5B
 |   |   |- [+] [ 26]
 |   |   |   |- Guid:D932ABE94FA4061C03743EAFFC721A01 BaseClass: NativeClass:/Script/Engine.StaticMeshActor Name:StaticMeshActor_0 Label:SM_Cube SpatiallyLoaded:1 Bounds:IsValid=true, Min=(X=1660.000 Y=0.000 Z=-50.000), Max=(X=2910.000 Y=2350.000 Z=0.000) RuntimeGrid:None EditorOnly:0 RuntimeOnly:0 HLODRelevant:1 ListedInSceneOutliner:1 IsMainWorldOnly:0 FolderPath:Playground FolderGuid:6C02BB504B69D1F3D7A624B130C18E5B
 |   |   |- [+] [ 27]
 |   |   |   |- Guid:E7DA41CC4F7649D9194CB9BC5C010AF2 BaseClass: NativeClass:/Script/Engine.SkeletalMeshActor Name:SkeletalMeshActor_UAID_D85ED3EB4B231EAE01_1565237189 Label:A_idle SpatiallyLoaded:1 Bounds:IsValid=true, Min=(X=2687.071 Y=1091.763 Z=125.179), Max=(X=2754.222 Y=1146.312 Z=160.698) RuntimeGrid:None EditorOnly:0 RuntimeOnly:0 HLODRelevant:0 ListedInSceneOutliner:1 IsMainWorldOnly:0
 |   |   |- [+] [ 28]
 |   |   |   |- Guid:F0E2FB034A8FCD4335579980B97D4721 BaseClass: NativeClass:/Script/Engine.SkeletalMeshActor Name:SkeletalMeshActor_UAID_D85ED3EB4B231EAE01_1553315188 Label:A_Fire SpatiallyLoaded:1 Bounds:IsValid=true, Min=(X=2687.310 Y=981.845 Z=124.459), Max=(X=2754.267 Y=1036.279 Z=159.385) RuntimeGrid:None EditorOnly:0 RuntimeOnly:0 HLODRelevant:0 ListedInSceneOutliner:1 IsMainWorldOnly:0
 |   |   |- [+] [ 29]
 |   |   |   |- Guid:F1858E1E4C0088E009491286D788E040 BaseClass: NativeClass:/Script/Engine.SkeletalMeshActor Name:SkeletalMeshActor_UAID_D85ED3EB4B231EAE01_1491056183 Label:A_Aim SpatiallyLoaded:1 Bounds:IsValid=true, Min=(X=2687.117 Y=411.911 Z=125.247), Max=(X=2754.206 Y=466.332 Z=161.075) RuntimeGrid:None EditorOnly:0 RuntimeOnly:0 HLODRelevant:0 ListedInSceneOutliner:1 IsMainWorldOnly:0
 |- ContainerInstances:
 |- [+] MainContainer:
 |   |-        ID: 00000000000000000000000000000000
 |   |-  ParentID: 00000000000000000000000000000000
 |   |-    Bounds: IsValid=false, Min=(X=0.000 Y=0.000 Z=0.000), Max=(X=0.000 Y=0.000 Z=0.000)
 |   |- Transform: 0.000000,0.000000,0.000000|0.000000,0.000000,-0.000000|1.000000,1.000000,1.000000
 |   |- Container: /Game/Levels/PersonalLevels/VGP/L_ShowCase1
----------------------------------------------------------------------------------------------------------------
L_ShowCase1 - Persistent Level
----------------------------------------------------------------------------------------------------------------
[+] Content of L_ShowCase1 Persistent Level
 |- Always loaded Actor Count: 36 
 |- Actor Path: /Game/Levels/PersonalLevels/VGP/L_ShowCase1.L_ShowCase1:PersistentLevel.Brush_0
 |- Actor Package: /Game/Levels/PersonalLevels/VGP/L_ShowCase1
 |- Actor Path: /Game/Levels/PersonalLevels/VGP/L_ShowCase1.L_ShowCase1:PersistentLevel.DefaultPhysicsVolume_0
 |- Actor Package: /Game/Levels/PersonalLevels/VGP/L_ShowCase1
 |- Actor Path: /Game/Levels/PersonalLevels/VGP/L_ShowCase1.L_ShowCase1:PersistentLevel.DirectionalLight_1
 |- Actor Package: /Game/__ExternalActors__/Levels/PersonalLevels/VGP/L_ShowCase1/0/M1/S4PDRJVRR84LKNUN3IFGNE
 |- Actor Path: /Game/Levels/PersonalLevels/VGP/L_ShowCase1.L_ShowCase1:PersistentLevel.ExponentialHeightFog_0
 |- Actor Package: /Game/__ExternalActors__/Levels/PersonalLevels/VGP/L_ShowCase1/2/M4/2YZ46T5CZX7QNYWZ8XC76S
 |- Actor Path: /Game/Levels/PersonalLevels/VGP/L_ShowCase1.L_ShowCase1:PersistentLevel.L_ShowCase1_C_1
 |- Actor Package: /Game/Levels/PersonalLevels/VGP/L_ShowCase1
 |- Actor Path: /Game/Levels/PersonalLevels/VGP/L_ShowCase1.L_ShowCase1:PersistentLevel.PlayerStart_0
 |- Actor Package: /Game/__ExternalActors__/Levels/PersonalLevels/VGP/L_ShowCase1/6/9B/KAMRKOS5VQI2RIKGUL477G
 |- Actor Path: /Game/Levels/PersonalLevels/VGP/L_ShowCase1.L_ShowCase1:PersistentLevel.PostProcessVolume_0
 |- Actor Package: /Game/__ExternalActors__/Levels/PersonalLevels/VGP/L_ShowCase1/8/OX/3IQFUN3WLR1DHKZWY1GR2D
 |- Actor Path: /Game/Levels/PersonalLevels/VGP/L_ShowCase1.L_ShowCase1:PersistentLevel.SkeletalMeshActor_UAID_D85ED3EB4B231EAE01_1491056183
 |- Actor Package: /Game/__ExternalActors__/Levels/PersonalLevels/VGP/L_ShowCase1/4/FH/ABZEEVI3ZSGUGXOIB0A3A0
 |- Actor Path: /Game/Levels/PersonalLevels/VGP/L_ShowCase1.L_ShowCase1:PersistentLevel.SkeletalMeshActor_UAID_D85ED3EB4B231EAE01_1519611184
 |- Actor Package: /Game/__ExternalActors__/Levels/PersonalLevels/VGP/L_ShowCase1/7/5M/RX52A51MHX6ZN4JEP8K66N
 |- Actor Path: /Game/Levels/PersonalLevels/VGP/L_ShowCase1.L_ShowCase1:PersistentLevel.SkeletalMeshActor_UAID_D85ED3EB4B231EAE01_1527529185
 |- Actor Package: /Game/__ExternalActors__/Levels/PersonalLevels/VGP/L_ShowCase1/D/3L/OE9D1BDUR7ODWT92QRS0M2
 |- Actor Path: /Game/Levels/PersonalLevels/VGP/L_ShowCase1.L_ShowCase1:PersistentLevel.SkeletalMeshActor_UAID_D85ED3EB4B231EAE01_1534123186
 |- Actor Package: /Game/__ExternalActors__/Levels/PersonalLevels/VGP/L_ShowCase1/2/G6/O1YRK9I6VC6TPL79J9N75C
 |- Actor Path: /Game/Levels/PersonalLevels/VGP/L_ShowCase1.L_ShowCase1:PersistentLevel.SkeletalMeshActor_UAID_D85ED3EB4B231EAE01_1545661187
 |- Actor Package: /Game/__ExternalActors__/Levels/PersonalLevels/VGP/L_ShowCase1/B/33/HKQBJ5GJ55J391G8SO4NN0
 |- Actor Path: /Game/Levels/PersonalLevels/VGP/L_ShowCase1.L_ShowCase1:PersistentLevel.SkeletalMeshActor_UAID_D85ED3EB4B231EAE01_1553315188
 |- Actor Package: /Game/__ExternalActors__/Levels/PersonalLevels/VGP/L_ShowCase1/7/LG/94JOSDUCY1LGLGYU85ICEK
 |- Actor Path: /Game/Levels/PersonalLevels/VGP/L_ShowCase1.L_ShowCase1:PersistentLevel.SkeletalMeshActor_UAID_D85ED3EB4B231EAE01_1565237189
 |- Actor Package: /Game/__ExternalActors__/Levels/PersonalLevels/VGP/L_ShowCase1/5/8Q/5F6P4SFPWH6EA9RO8WU79B
 |- Actor Path: /Game/Levels/PersonalLevels/VGP/L_ShowCase1.L_ShowCase1:PersistentLevel.SkeletalMeshActor_UAID_D85ED3EB4B231EAE01_1575513190
 |- Actor Package: /Game/__ExternalActors__/Levels/PersonalLevels/VGP/L_ShowCase1/9/BS/YYW424A34H7OXACNVENOZS
 |- Actor Path: /Game/Levels/PersonalLevels/VGP/L_ShowCase1.L_ShowCase1:PersistentLevel.SkeletalMeshActor_UAID_D85ED3EB4B231EAE01_1581382191
 |- Actor Package: /Game/__ExternalActors__/Levels/PersonalLevels/VGP/L_ShowCase1/2/19/2B40TYCK9LDQTNRPT2UXI8
 |- Actor Path: /Game/Levels/PersonalLevels/VGP/L_ShowCase1.L_ShowCase1:PersistentLevel.SkeletalMeshActor_UAID_D85ED3EB4B231EAE01_1590831192
 |- Actor Package: /Game/__ExternalActors__/Levels/PersonalLevels/VGP/L_ShowCase1/7/9M/DLY7JWKRL2VD8C7XE4TU2O
 |- Actor Path: /Game/Levels/PersonalLevels/VGP/L_ShowCase1.L_ShowCase1:PersistentLevel.SkeletalMeshActor_UAID_D85ED3EB4B231EAE01_1596730193
 |- Actor Package: /Game/__ExternalActors__/Levels/PersonalLevels/VGP/L_ShowCase1/7/C6/884ZF7OY8ISUHTN8PXGSWR
 |- Actor Path: /Game/Levels/PersonalLevels/VGP/L_ShowCase1.L_ShowCase1:PersistentLevel.SkeletalMeshActor_UAID_D85ED3EB4B231EAE01_1608892194
 |- Actor Package: /Game/__ExternalActors__/Levels/PersonalLevels/VGP/L_ShowCase1/6/84/NV8CMKI9Q98MRSKSIXHYF5
 |- Actor Path: /Game/Levels/PersonalLevels/VGP/L_ShowCase1.L_ShowCase1:PersistentLevel.SkeletalMeshActor_UAID_D85ED3EB4B231EAE01_1614914195
 |- Actor Package: /Game/__ExternalActors__/Levels/PersonalLevels/VGP/L_ShowCase1/0/VA/RKJT1TRN5TZRABTWB1LAMA
 |- Actor Path: /Game/Levels/PersonalLevels/VGP/L_ShowCase1.L_ShowCase1:PersistentLevel.SkeletalMeshActor_UAID_D85ED3EB4B231EAE01_1622197196
 |- Actor Package: /Game/__ExternalActors__/Levels/PersonalLevels/VGP/L_ShowCase1/A/MV/OI4AGLS6NYIQY67ZCAFOHC
 |- Actor Path: /Game/Levels/PersonalLevels/VGP/L_ShowCase1.L_ShowCase1:PersistentLevel.SkyAtmosphere_0
 |- Actor Package: /Game/__ExternalActors__/Levels/PersonalLevels/VGP/L_ShowCase1/A/O4/K3RJTSOV84WL2RPSTA2IZI
 |- Actor Path: /Game/Levels/PersonalLevels/VGP/L_ShowCase1.L_ShowCase1:PersistentLevel.SkyLight_0
 |- Actor Package: /Game/__ExternalActors__/Levels/PersonalLevels/VGP/L_ShowCase1/0/5Y/Y9008PKBNLAOTA6ZA3FO9D
 |- Actor Path: /Game/Levels/PersonalLevels/VGP/L_ShowCase1.L_ShowCase1:PersistentLevel.StaticMeshActor_0
 |- Actor Package: /Game/__ExternalActors__/Levels/PersonalLevels/VGP/L_ShowCase1/2/V6/QD406SGYHP22RGQ0T477WG
 |- Actor Path: /Game/Levels/PersonalLevels/VGP/L_ShowCase1.L_ShowCase1:PersistentLevel.StaticMeshActor_4
 |- Actor Package: /Game/__ExternalActors__/Levels/PersonalLevels/VGP/L_ShowCase1/A/NN/D961KUU60HSY7G8XAY1K03
 |- Actor Path: /Game/Levels/PersonalLevels/VGP/L_ShowCase1.L_ShowCase1:PersistentLevel.StaticMeshActor_8
 |- Actor Package: /Game/__ExternalActors__/Levels/PersonalLevels/VGP/L_ShowCase1/C/DO/HQAJR00DSZTX03UHRQ5T76
 |- Actor Path: /Game/Levels/PersonalLevels/VGP/L_ShowCase1.L_ShowCase1:PersistentLevel.StaticMeshActor_9
 |- Actor Package: /Game/__ExternalActors__/Levels/PersonalLevels/VGP/L_ShowCase1/B/KE/QH67WJP47J08IRAXA2067G
 |- Actor Path: /Game/Levels/PersonalLevels/VGP/L_ShowCase1.L_ShowCase1:PersistentLevel.StaticMeshActor_10
 |- Actor Package: /Game/__ExternalActors__/Levels/PersonalLevels/VGP/L_ShowCase1/C/NF/AHN4KP7ZISHSPXK7K5TO6X
 |- Actor Path: /Game/Levels/PersonalLevels/VGP/L_ShowCase1.L_ShowCase1:PersistentLevel.StaticMeshActor_29
 |- Actor Package: /Game/__ExternalActors__/Levels/PersonalLevels/VGP/L_ShowCase1/F/2N/APXC3OX1YGJN5NO4Z6OIL7
 |- Actor Path: /Game/Levels/PersonalLevels/VGP/L_ShowCase1.L_ShowCase1:PersistentLevel.StaticMeshActor_UAID_A4AE111137DC5EFB00_2001720423
 |- Actor Package: /Game/__ExternalActors__/Levels/PersonalLevels/VGP/L_ShowCase1/9/GH/WEPNSUDWL91RWSM996JIIO
 |- Actor Path: /Game/Levels/PersonalLevels/VGP/L_ShowCase1.L_ShowCase1:PersistentLevel.StaticMeshActor_UAID_D85ED3EB4B231EAE01_1759328197
 |- Actor Package: /Game/__ExternalActors__/Levels/PersonalLevels/VGP/L_ShowCase1/A/6M/ZOYIEG2VFD0WQBBP132J1G
 |- Actor Path: /Game/Levels/PersonalLevels/VGP/L_ShowCase1.L_ShowCase1:PersistentLevel.VolumetricCloud_0
 |- Actor Package: /Game/__ExternalActors__/Levels/PersonalLevels/VGP/L_ShowCase1/4/ZD/UZ4TYMVSMZ7BPGMIQF0OYL
 |- Actor Path: /Game/Levels/PersonalLevels/VGP/L_ShowCase1.L_ShowCase1:PersistentLevel.WorldDataLayers
 |- Actor Package: /Game/__ExternalActors__/Levels/PersonalLevels/VGP/L_ShowCase1/3/K0/SPA8X07JUTI7D1A3ESH77T
 |- Actor Path: /Game/Levels/PersonalLevels/VGP/L_ShowCase1.L_ShowCase1:PersistentLevel.WorldDataLayers
 |- Actor Package: /Game/__ExternalActors__/Levels/PersonalLevels/VGP/L_ShowCase1/3/K0/SPA8X07JUTI7D1A3ESH77T
 |- Actor Path: /Game/Levels/PersonalLevels/VGP/L_ShowCase1.L_ShowCase1:PersistentLevel.WorldInfo_0
 |- Actor Package: /Game/Levels/PersonalLevels/VGP/L_ShowCase1
 |- Actor Path: /Game/Levels/PersonalLevels/VGP/L_ShowCase1.L_ShowCase1:PersistentLevel.WorldPartitionMiniMap_0
 |- Actor Package: /Game/__ExternalActors__/Levels/PersonalLevels/VGP/L_ShowCase1/4/EU/O3QVOGILXWCSYGX0VUWZ70

----------------------------------------------------------------------------------------------------------------
L_ShowCase1 - Runtime Spatial Hash - Streaming Grid - MainGrid
----------------------------------------------------------------------------------------------------------------
            Origin: X=0.000 Y=0.000 Z=0.000
         Cell Size: 12800
      World Bounds: IsValid=false, Min=(X=0.000 Y=0.000 Z=0.000), Max=(X=0.000 Y=0.000 Z=0.000)
     Loading Range: 25600.00
Block Slow Loading: No
 ClientOnlyVisible: No
            Origin: X=0.000 Y=0.000 Z=0.000

[+] Grid Levels: 1
 |- Level  0: Cell Count    0 | Cell Size   12800 | Actor Count    0 (0.0%)

[+] Content of Grid Level 0

