[+] Containers:
 |- [+] Container: /Game/Levels/PersonalLevels/VGP/Alessandro_C/PistolAnimation/System/Map/L_ShowCase
 |   |- [+] ActorDescs:
 |   |   |- Guid:014139064B272AE31FF877B819CB5734 BaseClass: NativeClass:/Script/Engine.StaticMeshActor Name:StaticMeshActor_8 Label:SM_ChamferCube3 SpatiallyLoaded:1 Bounds:IsValid=true, Min=(X=1837.548 Y=2067.548 Z=0.063), Max=(X=2042.452 Y=2272.452 Z=150.063) RuntimeGrid:None EditorOnly:0 RuntimeOnly:0 HLODRelevant:0 ListedInSceneOutliner:1 IsMainWorldOnly:0 FolderPath:SimulatedCubes FolderGuid:9AEEADCB4DC6C647D6E7C0B4EDA1744F
 |   |   |- Guid:079369F74B7F1266ACBADFA31FB18CAA BaseClass: NativeClass:/Script/Engine.SkeletalMeshActor Name:SkeletalMeshActor_UAID_D85ED3EB4B231EAE01_1527529185 Label:A_AimIdle SpatiallyLoaded:1 Bounds:IsValid=true, Min=(X=2687.067 Y=633.269 Z=126.735), Max=(X=2754.037 Y=686.761 Z=165.018) RuntimeGrid:None EditorOnly:0 RuntimeOnly:0 HLODRelevant:0 ListedInSceneOutliner:1 IsMainWorldOnly:0
 |   |   |- Guid:0EDB289B45CB7E0977A6DBA74201EE76 BaseClass: NativeClass:/Script/Engine.StaticMeshActor Name:StaticMeshActor_10 Label:SM_Cube6 SpatiallyLoaded:1 Bounds:IsValid=true, Min=(X=2900.000 Y=100.000 Z=0.000), Max=(X=3000.000 Y=2375.000 Z=400.000) RuntimeGrid:None EditorOnly:0 RuntimeOnly:0 HLODRelevant:1 ListedInSceneOutliner:1 IsMainWorldOnly:0 FolderPath:Playground FolderGuid:6C02BB504B69D1F3D7A624B130C18E5B
 |   |   |- Guid:503301344EDD2580C9B8269BA1FF0C83 BaseClass: NativeClass:/Script/Engine.StaticMeshActor Name:StaticMeshActor_29 Label:SM_ChamferCube4 SpatiallyLoaded:1 Bounds:IsValid=true, Min=(X=1784.338 Y=144.338 Z=0.063), Max=(X=1995.662 Y=355.662 Z=150.063) RuntimeGrid:None EditorOnly:0 RuntimeOnly:0 HLODRelevant:0 ListedInSceneOutliner:1 IsMainWorldOnly:0 FolderPath:SimulatedCubes FolderGuid:9AEEADCB4DC6C647D6E7C0B4EDA1744F
 |   |   |- Guid:5FE7584649BB6F09265329A6C57CFD0D BaseClass: NativeClass:/Script/Engine.VolumetricCloud Name:VolumetricCloud_0 Label:VolumetricCloud SpatiallyLoaded:0 Bounds:IsValid=true, Min=(X=0.000 Y=0.000 Z=820.000), Max=(X=0.000 Y=0.000 Z=820.000) RuntimeGrid:None EditorOnly:0 RuntimeOnly:0 HLODRelevant:0 ListedInSceneOutliner:1 IsMainWorldOnly:0 FolderPath:Lighting FolderGuid:0BA5F0A04EADB18E70D5B180D08FA34B
 |   |   |- Guid:61391D344900612A77DFC3BA3E354907 BaseClass: NativeClass:/Script/Engine.ExponentialHeightFog Name:ExponentialHeightFog_0 Label:ExponentialHeightFog SpatiallyLoaded:0 Bounds:IsValid=true, Min=(X=-5600.000 Y=-50.000 Z=-6850.000), Max=(X=-5600.000 Y=-50.000 Z=-6850.000) RuntimeGrid:None EditorOnly:0 RuntimeOnly:0 HLODRelevant:0 ListedInSceneOutliner:1 IsMainWorldOnly:0 FolderPath:Lighting FolderGuid:0BA5F0A04EADB18E70D5B180D08FA34B
 |   |   |- Guid:6FEFB3BD4EB37B849EF0D4AC80F83855 BaseClass: NativeClass:/Script/Engine.WorldDataLayers Name:WorldDataLayers Label:WorldDataLayers-1 SpatiallyLoaded:0 Bounds:Invalid RuntimeGrid:None EditorOnly:0 RuntimeOnly:0 HLODRelevant:0 ListedInSceneOutliner:1 IsMainWorldOnly:1
 |   |   |- Guid:78CAF7514C7533F30BD2F19A017AAB65 BaseClass: NativeClass:/Script/Engine.StaticMeshActor Name:StaticMeshActor_0 Label:SM_Cube SpatiallyLoaded:1 Bounds:IsValid=true, Min=(X=1660.000 Y=0.000 Z=-50.000), Max=(X=2910.000 Y=2350.000 Z=0.000) RuntimeGrid:None EditorOnly:0 RuntimeOnly:0 HLODRelevant:1 ListedInSceneOutliner:1 IsMainWorldOnly:0 FolderPath:Playground FolderGuid:6C02BB504B69D1F3D7A624B130C18E5B
 |   |   |- Guid:7C6A7BF7443D0E572FDA5481415D1E11 BaseClass: NativeClass:/Script/Engine.SkeletalMeshActor Name:SkeletalMeshActor_UAID_D85ED3EB4B231EAE01_1622197196 Label:A_Walk SpatiallyLoaded:1 Bounds:IsValid=true, Min=(X=2686.879 Y=1921.961 Z=124.582), Max=(X=2754.258 Y=1976.284 Z=159.339) RuntimeGrid:None EditorOnly:0 RuntimeOnly:0 HLODRelevant:0 ListedInSceneOutliner:1 IsMainWorldOnly:0
 |   |   |- Guid:84E9137F4AF1C323A70A6F81147D6227 BaseClass: NativeClass:/Script/Engine.SkeletalMeshActor Name:SkeletalMeshActor_UAID_D85ED3EB4B231EAE01_1491056183 Label:A_Aim SpatiallyLoaded:1 Bounds:IsValid=true, Min=(X=2687.117 Y=411.911 Z=125.247), Max=(X=2754.206 Y=466.332 Z=161.075) RuntimeGrid:None EditorOnly:0 RuntimeOnly:0 HLODRelevant:0 ListedInSceneOutliner:1 IsMainWorldOnly:0
 |   |   |- Guid:8559D1384B14F466E8927697A36C1D78 BaseClass: NativeClass:/Script/Engine.StaticMeshActor Name:StaticMeshActor_9 Label:SM_Cube5 SpatiallyLoaded:1 Bounds:IsValid=true, Min=(X=1620.000 Y=100.000 Z=0.000), Max=(X=1720.000 Y=2400.000 Z=400.000) RuntimeGrid:None EditorOnly:0 RuntimeOnly:0 HLODRelevant:1 ListedInSceneOutliner:1 IsMainWorldOnly:0 FolderPath:Playground FolderGuid:6C02BB504B69D1F3D7A624B130C18E5B
 |   |   |- Guid:8A53115F4E7996997F6C2394FAD3E3B6 BaseClass: NativeClass:/Script/Engine.SkeletalMeshActor Name:SkeletalMeshActor_UAID_D85ED3EB4B231EAE01_1608892194 Label:A_Sprint SpatiallyLoaded:1 Bounds:IsValid=true, Min=(X=2701.161 Y=1654.612 Z=87.536), Max=(X=2765.823 Y=1717.359 Z=161.839) RuntimeGrid:None EditorOnly:0 RuntimeOnly:0 HLODRelevant:0 ListedInSceneOutliner:1 IsMainWorldOnly:0
 |   |   |- Guid:901B1A8E4B1E97BFA131E3BF5905B1E1 BaseClass: NativeClass:/Script/Engine.StaticMeshActor Name:StaticMeshActor_UAID_D85ED3EB4B231EAE01_1759328197 Label:SM_Cube4 SpatiallyLoaded:1 Bounds:IsValid=true, Min=(X=1620.000 Y=0.000 Z=0.000), Max=(X=2995.000 Y=100.000 Z=400.000) RuntimeGrid:None EditorOnly:0 RuntimeOnly:0 HLODRelevant:1 ListedInSceneOutliner:1 IsMainWorldOnly:0 FolderPath:Playground FolderGuid:6C02BB504B69D1F3D7A624B130C18E5B
 |   |   |- Guid:9D42EA3F473EEFB1E20615A1184EF7CA BaseClass: NativeClass:/Script/Engine.SkeletalMeshActor Name:SkeletalMeshActor_UAID_D85ED3EB4B231EAE01_1545661187 Label:A_Equip SpatiallyLoaded:1 Bounds:IsValid=true, Min=(X=2712.778 Y=870.453 Z=82.396), Max=(X=2768.335 Y=928.183 Z=150.910) RuntimeGrid:None EditorOnly:0 RuntimeOnly:0 HLODRelevant:0 ListedInSceneOutliner:1 IsMainWorldOnly:0
 |   |   |- Guid:9D9B3B114F4524224FEBE392ABAEE1B3 BaseClass: NativeClass:/Script/Engine.SkeletalMeshActor Name:SkeletalMeshActor_UAID_D85ED3EB4B231EAE01_1534123186 Label:A_AimWalk SpatiallyLoaded:1 Bounds:IsValid=true, Min=(X=2687.065 Y=753.269 Z=126.647), Max=(X=2754.041 Y=806.756 Z=164.865) RuntimeGrid:None EditorOnly:0 RuntimeOnly:0 HLODRelevant:0 ListedInSceneOutliner:1 IsMainWorldOnly:0
 |   |   |- Guid:A28DFE1442E4FB3822FC9092D70ED0CE BaseClass: NativeClass:/Script/Engine.SkeletalMeshActor Name:SkeletalMeshActor_UAID_D85ED3EB4B231EAE01_1590831192 Label:A_ReloadEmpty SpatiallyLoaded:1 Bounds:IsValid=true, Min=(X=2696.978 Y=1411.733 Z=124.829), Max=(X=2764.230 Y=1466.335 Z=160.612) RuntimeGrid:None EditorOnly:0 RuntimeOnly:0 HLODRelevant:0 ListedInSceneOutliner:1 IsMainWorldOnly:0
 |   |   |- Guid:A354B1B24E617A525DC6B48CCDE2417E BaseClass: NativeClass:/Script/Engine.PlayerStart Name:PlayerStart_0 Label:PlayerStart SpatiallyLoaded:0 Bounds:IsValid=true, Min=(X=1930.000 Y=1170.000 Z=0.013), Max=(X=2010.000 Y=1250.000 Z=184.013) RuntimeGrid:None EditorOnly:0 RuntimeOnly:0 HLODRelevant:0 ListedInSceneOutliner:1 IsMainWorldOnly:0
 |   |   |- Guid:AC0FCDB94F49EBED021E62B6BB22C50C BaseClass: NativeClass:/Script/Engine.SkeletalMeshActor Name:SkeletalMeshActor_UAID_D85ED3EB4B231EAE01_1565237189 Label:A_idle SpatiallyLoaded:1 Bounds:IsValid=true, Min=(X=2687.071 Y=1091.763 Z=125.179), Max=(X=2754.222 Y=1146.312 Z=160.698) RuntimeGrid:None EditorOnly:0 RuntimeOnly:0 HLODRelevant:0 ListedInSceneOutliner:1 IsMainWorldOnly:0
 |   |   |- Guid:B22473EB491D2180046851863E5312D1 BaseClass: NativeClass:/Script/Engine.SkeletalMeshActor Name:SkeletalMeshActor_UAID_D85ED3EB4B231EAE01_1519611184 Label:A_AimFire SpatiallyLoaded:1 Bounds:IsValid=true, Min=(X=2688.905 Y=523.269 Z=126.107), Max=(X=2754.070 Y=576.767 Z=164.780) RuntimeGrid:None EditorOnly:0 RuntimeOnly:0 HLODRelevant:0 ListedInSceneOutliner:1 IsMainWorldOnly:0
 |   |   |- Guid:C060C5474C99602565E8C9A1D96DEB86 BaseClass: NativeClass:/Script/Engine.SkeletalMeshActor Name:SkeletalMeshActor_UAID_D85ED3EB4B231EAE01_1614914195 Label:A_Unnequip SpatiallyLoaded:1 Bounds:IsValid=true, Min=(X=2696.290 Y=1801.675 Z=124.652), Max=(X=2764.222 Y=1856.373 Z=160.652) RuntimeGrid:None EditorOnly:0 RuntimeOnly:0 HLODRelevant:0 ListedInSceneOutliner:1 IsMainWorldOnly:0
 |   |   |- Guid:C0C56B9644AE3D40CAFF6A878DB29844 BaseClass: NativeClass:/Script/Engine.StaticMeshActor Name:StaticMeshActor_UAID_A4AE111137DC5EFB00_2001720423 Label:SM_SkySphere SpatiallyLoaded:1 Bounds:IsValid=true, Min=(X=-1638400.000 Y=-1638400.000 Z=-1638400.000), Max=(X=1638400.000 Y=1638400.000 Z=1638400.000) RuntimeGrid:None EditorOnly:0 RuntimeOnly:0 HLODRelevant:1 ListedInSceneOutliner:1 IsMainWorldOnly:0 FolderPath:Lighting FolderGuid:0BA5F0A04EADB18E70D5B180D08FA34B
 |   |   |- Guid:C22CE07C4B87D685137FDBBC10FC92C6 BaseClass: NativeClass:/Script/Engine.SkyAtmosphere Name:SkyAtmosphere_0 Label:SkyAtmosphere SpatiallyLoaded:0 Bounds:IsValid=true, Min=(X=0.000 Y=0.000 Z=1020.000), Max=(X=0.000 Y=0.000 Z=1020.000) RuntimeGrid:None EditorOnly:0 RuntimeOnly:0 HLODRelevant:0 ListedInSceneOutliner:1 IsMainWorldOnly:0 FolderPath:Lighting FolderGuid:0BA5F0A04EADB18E70D5B180D08FA34B
 |   |   |- Guid:CE8D82634660FCDB3120E2B8D547C533 BaseClass: NativeClass:/Script/Engine.PostProcessVolume Name:PostProcessVolume_0 Label:PostProcessVolume SpatiallyLoaded:0 Bounds:IsValid=true, Min=(X=1530.000 Y=-140.000 Z=-180.000), Max=(X=2930.000 Y=2560.000 Z=720.000) RuntimeGrid:None EditorOnly:0 RuntimeOnly:0 HLODRelevant:0 ListedInSceneOutliner:1 IsMainWorldOnly:0 FolderPath:Lighting FolderGuid:0BA5F0A04EADB18E70D5B180D08FA34B
 |   |   |- Guid:DEA747824BF3F3199166EFA52523AE8F BaseClass: NativeClass:/Script/Engine.SkeletalMeshActor Name:SkeletalMeshActor_UAID_D85ED3EB4B231EAE01_1596730193 Label:A_Run SpatiallyLoaded:1 Bounds:IsValid=true, Min=(X=2701.179 Y=1523.649 Z=116.828), Max=(X=2764.832 Y=1576.669 Z=150.172) RuntimeGrid:None EditorOnly:0 RuntimeOnly:0 HLODRelevant:0 ListedInSceneOutliner:1 IsMainWorldOnly:0
 |   |   |- Guid:E20C13304536F95D732191A4EBB9E93C BaseClass: NativeClass:/Script/Engine.SkeletalMeshActor Name:SkeletalMeshActor_UAID_D85ED3EB4B231EAE01_1581382191 Label:A_Reload SpatiallyLoaded:1 Bounds:IsValid=true, Min=(X=2697.134 Y=1301.608 Z=125.153), Max=(X=2764.279 Y=1356.308 Z=160.705) RuntimeGrid:None EditorOnly:0 RuntimeOnly:0 HLODRelevant:0 ListedInSceneOutliner:1 IsMainWorldOnly:0
 |   |   |- Guid:E5320C1B4FD9764CE7B54D8487AEC613 BaseClass: NativeClass:/Script/Engine.SkyLight Name:SkyLight_0 Label:SkyLight SpatiallyLoaded:0 Bounds:IsValid=true, Min=(X=0.000 Y=0.000 Z=690.000), Max=(X=0.000 Y=0.000 Z=690.000) RuntimeGrid:None EditorOnly:0 RuntimeOnly:0 HLODRelevant:0 ListedInSceneOutliner:1 IsMainWorldOnly:0 FolderPath:Lighting FolderGuid:0BA5F0A04EADB18E70D5B180D08FA34B
 |   |   |- Guid:E8FD0C8B436896B4FA065599B05BF29C BaseClass: NativeClass:/Script/Engine.SkeletalMeshActor Name:SkeletalMeshActor_UAID_D85ED3EB4B231EAE01_1553315188 Label:A_Fire SpatiallyLoaded:1 Bounds:IsValid=true, Min=(X=2687.310 Y=981.845 Z=124.459), Max=(X=2754.267 Y=1036.279 Z=159.385) RuntimeGrid:None EditorOnly:0 RuntimeOnly:0 HLODRelevant:0 ListedInSceneOutliner:1 IsMainWorldOnly:0
 |   |   |- Guid:F07F1AF64C7C7C238EE1B4BF8C122DD8 BaseClass: NativeClass:/Script/Engine.StaticMeshActor Name:StaticMeshActor_4 Label:SM_Cube3 SpatiallyLoaded:1 Bounds:IsValid=true, Min=(X=1620.000 Y=2360.000 Z=0.000), Max=(X=2995.000 Y=2460.000 Z=400.000) RuntimeGrid:None EditorOnly:0 RuntimeOnly:0 HLODRelevant:1 ListedInSceneOutliner:1 IsMainWorldOnly:0 FolderPath:Playground FolderGuid:6C02BB504B69D1F3D7A624B130C18E5B
 |   |   |- Guid:F80621C9446867154938FE81375207DA BaseClass: NativeClass:/Script/Engine.DirectionalLight Name:DirectionalLight_1 Label:DirectionalLight SpatiallyLoaded:0 Bounds:IsValid=true, Min=(X=-4398046511104.000 Y=-4398046511104.000 Z=-4398046511104.000), Max=(X=4398046511104.000 Y=4398046511104.000 Z=4398046511104.000) RuntimeGrid:None EditorOnly:0 RuntimeOnly:0 HLODRelevant:0 ListedInSceneOutliner:1 IsMainWorldOnly:0 FolderPath:Lighting FolderGuid:0BA5F0A04EADB18E70D5B180D08FA34B
 |   |   |- Guid:F9D0FB6842A3A89FCE697E88C89626BC BaseClass: NativeClass:/Script/Engine.SkeletalMeshActor Name:SkeletalMeshActor_UAID_D85ED3EB4B231EAE01_1575513190 Label:A_Inspect SpatiallyLoaded:1 Bounds:IsValid=true, Min=(X=2687.068 Y=1191.634 Z=124.727), Max=(X=2754.228 Y=1246.341 Z=160.713) RuntimeGrid:None EditorOnly:0 RuntimeOnly:0 HLODRelevant:0 ListedInSceneOutliner:1 IsMainWorldOnly:0
 |   |- [+] Clusters:
 |   |   |- [+] [  0]
 |   |   |   |- Guid:014139064B272AE31FF877B819CB5734 BaseClass: NativeClass:/Script/Engine.StaticMeshActor Name:StaticMeshActor_8 Label:SM_ChamferCube3 SpatiallyLoaded:1 Bounds:IsValid=true, Min=(X=1837.548 Y=2067.548 Z=0.063), Max=(X=2042.452 Y=2272.452 Z=150.063) RuntimeGrid:None EditorOnly:0 RuntimeOnly:0 HLODRelevant:0 ListedInSceneOutliner:1 IsMainWorldOnly:0 FolderPath:SimulatedCubes FolderGuid:9AEEADCB4DC6C647D6E7C0B4EDA1744F
 |   |   |- [+] [  1]
 |   |   |   |- Guid:079369F74B7F1266ACBADFA31FB18CAA BaseClass: NativeClass:/Script/Engine.SkeletalMeshActor Name:SkeletalMeshActor_UAID_D85ED3EB4B231EAE01_1527529185 Label:A_AimIdle SpatiallyLoaded:1 Bounds:IsValid=true, Min=(X=2687.067 Y=633.269 Z=126.735), Max=(X=2754.037 Y=686.761 Z=165.018) RuntimeGrid:None EditorOnly:0 RuntimeOnly:0 HLODRelevant:0 ListedInSceneOutliner:1 IsMainWorldOnly:0
 |   |   |- [+] [  2]
 |   |   |   |- Guid:0EDB289B45CB7E0977A6DBA74201EE76 BaseClass: NativeClass:/Script/Engine.StaticMeshActor Name:StaticMeshActor_10 Label:SM_Cube6 SpatiallyLoaded:1 Bounds:IsValid=true, Min=(X=2900.000 Y=100.000 Z=0.000), Max=(X=3000.000 Y=2375.000 Z=400.000) RuntimeGrid:None EditorOnly:0 RuntimeOnly:0 HLODRelevant:1 ListedInSceneOutliner:1 IsMainWorldOnly:0 FolderPath:Playground FolderGuid:6C02BB504B69D1F3D7A624B130C18E5B
 |   |   |- [+] [  3]
 |   |   |   |- Guid:503301344EDD2580C9B8269BA1FF0C83 BaseClass: NativeClass:/Script/Engine.StaticMeshActor Name:StaticMeshActor_29 Label:SM_ChamferCube4 SpatiallyLoaded:1 Bounds:IsValid=true, Min=(X=1784.338 Y=144.338 Z=0.063), Max=(X=1995.662 Y=355.662 Z=150.063) RuntimeGrid:None EditorOnly:0 RuntimeOnly:0 HLODRelevant:0 ListedInSceneOutliner:1 IsMainWorldOnly:0 FolderPath:SimulatedCubes FolderGuid:9AEEADCB4DC6C647D6E7C0B4EDA1744F
 |   |   |- [+] [  4]
 |   |   |   |- Guid:5FE7584649BB6F09265329A6C57CFD0D BaseClass: NativeClass:/Script/Engine.VolumetricCloud Name:VolumetricCloud_0 Label:VolumetricCloud SpatiallyLoaded:0 Bounds:IsValid=true, Min=(X=0.000 Y=0.000 Z=820.000), Max=(X=0.000 Y=0.000 Z=820.000) RuntimeGrid:None EditorOnly:0 RuntimeOnly:0 HLODRelevant:0 ListedInSceneOutliner:1 IsMainWorldOnly:0 FolderPath:Lighting FolderGuid:0BA5F0A04EADB18E70D5B180D08FA34B
 |   |   |- [+] [  5]
 |   |   |   |- Guid:61391D344900612A77DFC3BA3E354907 BaseClass: NativeClass:/Script/Engine.ExponentialHeightFog Name:ExponentialHeightFog_0 Label:ExponentialHeightFog SpatiallyLoaded:0 Bounds:IsValid=true, Min=(X=-5600.000 Y=-50.000 Z=-6850.000), Max=(X=-5600.000 Y=-50.000 Z=-6850.000) RuntimeGrid:None EditorOnly:0 RuntimeOnly:0 HLODRelevant:0 ListedInSceneOutliner:1 IsMainWorldOnly:0 FolderPath:Lighting FolderGuid:0BA5F0A04EADB18E70D5B180D08FA34B
 |   |   |- [+] [  6]
 |   |   |   |- Guid:6FEFB3BD4EB37B849EF0D4AC80F83855 BaseClass: NativeClass:/Script/Engine.WorldDataLayers Name:WorldDataLayers Label:WorldDataLayers-1 SpatiallyLoaded:0 Bounds:Invalid RuntimeGrid:None EditorOnly:0 RuntimeOnly:0 HLODRelevant:0 ListedInSceneOutliner:1 IsMainWorldOnly:1
 |   |   |- [+] [  7]
 |   |   |   |- Guid:78CAF7514C7533F30BD2F19A017AAB65 BaseClass: NativeClass:/Script/Engine.StaticMeshActor Name:StaticMeshActor_0 Label:SM_Cube SpatiallyLoaded:1 Bounds:IsValid=true, Min=(X=1660.000 Y=0.000 Z=-50.000), Max=(X=2910.000 Y=2350.000 Z=0.000) RuntimeGrid:None EditorOnly:0 RuntimeOnly:0 HLODRelevant:1 ListedInSceneOutliner:1 IsMainWorldOnly:0 FolderPath:Playground FolderGuid:6C02BB504B69D1F3D7A624B130C18E5B
 |   |   |- [+] [  8]
 |   |   |   |- Guid:7C6A7BF7443D0E572FDA5481415D1E11 BaseClass: NativeClass:/Script/Engine.SkeletalMeshActor Name:SkeletalMeshActor_UAID_D85ED3EB4B231EAE01_1622197196 Label:A_Walk SpatiallyLoaded:1 Bounds:IsValid=true, Min=(X=2686.879 Y=1921.961 Z=124.582), Max=(X=2754.258 Y=1976.284 Z=159.339) RuntimeGrid:None EditorOnly:0 RuntimeOnly:0 HLODRelevant:0 ListedInSceneOutliner:1 IsMainWorldOnly:0
 |   |   |- [+] [  9]
 |   |   |   |- Guid:84E9137F4AF1C323A70A6F81147D6227 BaseClass: NativeClass:/Script/Engine.SkeletalMeshActor Name:SkeletalMeshActor_UAID_D85ED3EB4B231EAE01_1491056183 Label:A_Aim SpatiallyLoaded:1 Bounds:IsValid=true, Min=(X=2687.117 Y=411.911 Z=125.247), Max=(X=2754.206 Y=466.332 Z=161.075) RuntimeGrid:None EditorOnly:0 RuntimeOnly:0 HLODRelevant:0 ListedInSceneOutliner:1 IsMainWorldOnly:0
 |   |   |- [+] [ 10]
 |   |   |   |- Guid:8559D1384B14F466E8927697A36C1D78 BaseClass: NativeClass:/Script/Engine.StaticMeshActor Name:StaticMeshActor_9 Label:SM_Cube5 SpatiallyLoaded:1 Bounds:IsValid=true, Min=(X=1620.000 Y=100.000 Z=0.000), Max=(X=1720.000 Y=2400.000 Z=400.000) RuntimeGrid:None EditorOnly:0 RuntimeOnly:0 HLODRelevant:1 ListedInSceneOutliner:1 IsMainWorldOnly:0 FolderPath:Playground FolderGuid:6C02BB504B69D1F3D7A624B130C18E5B
 |   |   |- [+] [ 11]
 |   |   |   |- Guid:8A53115F4E7996997F6C2394FAD3E3B6 BaseClass: NativeClass:/Script/Engine.SkeletalMeshActor Name:SkeletalMeshActor_UAID_D85ED3EB4B231EAE01_1608892194 Label:A_Sprint SpatiallyLoaded:1 Bounds:IsValid=true, Min=(X=2701.161 Y=1654.612 Z=87.536), Max=(X=2765.823 Y=1717.359 Z=161.839) RuntimeGrid:None EditorOnly:0 RuntimeOnly:0 HLODRelevant:0 ListedInSceneOutliner:1 IsMainWorldOnly:0
 |   |   |- [+] [ 12]
 |   |   |   |- Guid:901B1A8E4B1E97BFA131E3BF5905B1E1 BaseClass: NativeClass:/Script/Engine.StaticMeshActor Name:StaticMeshActor_UAID_D85ED3EB4B231EAE01_1759328197 Label:SM_Cube4 SpatiallyLoaded:1 Bounds:IsValid=true, Min=(X=1620.000 Y=0.000 Z=0.000), Max=(X=2995.000 Y=100.000 Z=400.000) RuntimeGrid:None EditorOnly:0 RuntimeOnly:0 HLODRelevant:1 ListedInSceneOutliner:1 IsMainWorldOnly:0 FolderPath:Playground FolderGuid:6C02BB504B69D1F3D7A624B130C18E5B
 |   |   |- [+] [ 13]
 |   |   |   |- Guid:9D42EA3F473EEFB1E20615A1184EF7CA BaseClass: NativeClass:/Script/Engine.SkeletalMeshActor Name:SkeletalMeshActor_UAID_D85ED3EB4B231EAE01_1545661187 Label:A_Equip SpatiallyLoaded:1 Bounds:IsValid=true, Min=(X=2712.778 Y=870.453 Z=82.396), Max=(X=2768.335 Y=928.183 Z=150.910) RuntimeGrid:None EditorOnly:0 RuntimeOnly:0 HLODRelevant:0 ListedInSceneOutliner:1 IsMainWorldOnly:0
 |   |   |- [+] [ 14]
 |   |   |   |- Guid:9D9B3B114F4524224FEBE392ABAEE1B3 BaseClass: NativeClass:/Script/Engine.SkeletalMeshActor Name:SkeletalMeshActor_UAID_D85ED3EB4B231EAE01_1534123186 Label:A_AimWalk SpatiallyLoaded:1 Bounds:IsValid=true, Min=(X=2687.065 Y=753.269 Z=126.647), Max=(X=2754.041 Y=806.756 Z=164.865) RuntimeGrid:None EditorOnly:0 RuntimeOnly:0 HLODRelevant:0 ListedInSceneOutliner:1 IsMainWorldOnly:0
 |   |   |- [+] [ 15]
 |   |   |   |- Guid:A28DFE1442E4FB3822FC9092D70ED0CE BaseClass: NativeClass:/Script/Engine.SkeletalMeshActor Name:SkeletalMeshActor_UAID_D85ED3EB4B231EAE01_1590831192 Label:A_ReloadEmpty SpatiallyLoaded:1 Bounds:IsValid=true, Min=(X=2696.978 Y=1411.733 Z=124.829), Max=(X=2764.230 Y=1466.335 Z=160.612) RuntimeGrid:None EditorOnly:0 RuntimeOnly:0 HLODRelevant:0 ListedInSceneOutliner:1 IsMainWorldOnly:0
 |   |   |- [+] [ 16]
 |   |   |   |- Guid:A354B1B24E617A525DC6B48CCDE2417E BaseClass: NativeClass:/Script/Engine.PlayerStart Name:PlayerStart_0 Label:PlayerStart SpatiallyLoaded:0 Bounds:IsValid=true, Min=(X=1930.000 Y=1170.000 Z=0.013), Max=(X=2010.000 Y=1250.000 Z=184.013) RuntimeGrid:None EditorOnly:0 RuntimeOnly:0 HLODRelevant:0 ListedInSceneOutliner:1 IsMainWorldOnly:0
 |   |   |- [+] [ 17]
 |   |   |   |- Guid:AC0FCDB94F49EBED021E62B6BB22C50C BaseClass: NativeClass:/Script/Engine.SkeletalMeshActor Name:SkeletalMeshActor_UAID_D85ED3EB4B231EAE01_1565237189 Label:A_idle SpatiallyLoaded:1 Bounds:IsValid=true, Min=(X=2687.071 Y=1091.763 Z=125.179), Max=(X=2754.222 Y=1146.312 Z=160.698) RuntimeGrid:None EditorOnly:0 RuntimeOnly:0 HLODRelevant:0 ListedInSceneOutliner:1 IsMainWorldOnly:0
 |   |   |- [+] [ 18]
 |   |   |   |- Guid:B22473EB491D2180046851863E5312D1 BaseClass: NativeClass:/Script/Engine.SkeletalMeshActor Name:SkeletalMeshActor_UAID_D85ED3EB4B231EAE01_1519611184 Label:A_AimFire SpatiallyLoaded:1 Bounds:IsValid=true, Min=(X=2688.905 Y=523.269 Z=126.107), Max=(X=2754.070 Y=576.767 Z=164.780) RuntimeGrid:None EditorOnly:0 RuntimeOnly:0 HLODRelevant:0 ListedInSceneOutliner:1 IsMainWorldOnly:0
 |   |   |- [+] [ 19]
 |   |   |   |- Guid:C060C5474C99602565E8C9A1D96DEB86 BaseClass: NativeClass:/Script/Engine.SkeletalMeshActor Name:SkeletalMeshActor_UAID_D85ED3EB4B231EAE01_1614914195 Label:A_Unnequip SpatiallyLoaded:1 Bounds:IsValid=true, Min=(X=2696.290 Y=1801.675 Z=124.652), Max=(X=2764.222 Y=1856.373 Z=160.652) RuntimeGrid:None EditorOnly:0 RuntimeOnly:0 HLODRelevant:0 ListedInSceneOutliner:1 IsMainWorldOnly:0
 |   |   |- [+] [ 20]
 |   |   |   |- Guid:C0C56B9644AE3D40CAFF6A878DB29844 BaseClass: NativeClass:/Script/Engine.StaticMeshActor Name:StaticMeshActor_UAID_A4AE111137DC5EFB00_2001720423 Label:SM_SkySphere SpatiallyLoaded:1 Bounds:IsValid=true, Min=(X=-1638400.000 Y=-1638400.000 Z=-1638400.000), Max=(X=1638400.000 Y=1638400.000 Z=1638400.000) RuntimeGrid:None EditorOnly:0 RuntimeOnly:0 HLODRelevant:1 ListedInSceneOutliner:1 IsMainWorldOnly:0 FolderPath:Lighting FolderGuid:0BA5F0A04EADB18E70D5B180D08FA34B
 |   |   |- [+] [ 21]
 |   |   |   |- Guid:C22CE07C4B87D685137FDBBC10FC92C6 BaseClass: NativeClass:/Script/Engine.SkyAtmosphere Name:SkyAtmosphere_0 Label:SkyAtmosphere SpatiallyLoaded:0 Bounds:IsValid=true, Min=(X=0.000 Y=0.000 Z=1020.000), Max=(X=0.000 Y=0.000 Z=1020.000) RuntimeGrid:None EditorOnly:0 RuntimeOnly:0 HLODRelevant:0 ListedInSceneOutliner:1 IsMainWorldOnly:0 FolderPath:Lighting FolderGuid:0BA5F0A04EADB18E70D5B180D08FA34B
 |   |   |- [+] [ 22]
 |   |   |   |- Guid:CE8D82634660FCDB3120E2B8D547C533 BaseClass: NativeClass:/Script/Engine.PostProcessVolume Name:PostProcessVolume_0 Label:PostProcessVolume SpatiallyLoaded:0 Bounds:IsValid=true, Min=(X=1530.000 Y=-140.000 Z=-180.000), Max=(X=2930.000 Y=2560.000 Z=720.000) RuntimeGrid:None EditorOnly:0 RuntimeOnly:0 HLODRelevant:0 ListedInSceneOutliner:1 IsMainWorldOnly:0 FolderPath:Lighting FolderGuid:0BA5F0A04EADB18E70D5B180D08FA34B
 |   |   |- [+] [ 23]
 |   |   |   |- Guid:DEA747824BF3F3199166EFA52523AE8F BaseClass: NativeClass:/Script/Engine.SkeletalMeshActor Name:SkeletalMeshActor_UAID_D85ED3EB4B231EAE01_1596730193 Label:A_Run SpatiallyLoaded:1 Bounds:IsValid=true, Min=(X=2701.179 Y=1523.649 Z=116.828), Max=(X=2764.832 Y=1576.669 Z=150.172) RuntimeGrid:None EditorOnly:0 RuntimeOnly:0 HLODRelevant:0 ListedInSceneOutliner:1 IsMainWorldOnly:0
 |   |   |- [+] [ 24]
 |   |   |   |- Guid:E20C13304536F95D732191A4EBB9E93C BaseClass: NativeClass:/Script/Engine.SkeletalMeshActor Name:SkeletalMeshActor_UAID_D85ED3EB4B231EAE01_1581382191 Label:A_Reload SpatiallyLoaded:1 Bounds:IsValid=true, Min=(X=2697.134 Y=1301.608 Z=125.153), Max=(X=2764.279 Y=1356.308 Z=160.705) RuntimeGrid:None EditorOnly:0 RuntimeOnly:0 HLODRelevant:0 ListedInSceneOutliner:1 IsMainWorldOnly:0
 |   |   |- [+] [ 25]
 |   |   |   |- Guid:E5320C1B4FD9764CE7B54D8487AEC613 BaseClass: NativeClass:/Script/Engine.SkyLight Name:SkyLight_0 Label:SkyLight SpatiallyLoaded:0 Bounds:IsValid=true, Min=(X=0.000 Y=0.000 Z=690.000), Max=(X=0.000 Y=0.000 Z=690.000) RuntimeGrid:None EditorOnly:0 RuntimeOnly:0 HLODRelevant:0 ListedInSceneOutliner:1 IsMainWorldOnly:0 FolderPath:Lighting FolderGuid:0BA5F0A04EADB18E70D5B180D08FA34B
 |   |   |- [+] [ 26]
 |   |   |   |- Guid:E8FD0C8B436896B4FA065599B05BF29C BaseClass: NativeClass:/Script/Engine.SkeletalMeshActor Name:SkeletalMeshActor_UAID_D85ED3EB4B231EAE01_1553315188 Label:A_Fire SpatiallyLoaded:1 Bounds:IsValid=true, Min=(X=2687.310 Y=981.845 Z=124.459), Max=(X=2754.267 Y=1036.279 Z=159.385) RuntimeGrid:None EditorOnly:0 RuntimeOnly:0 HLODRelevant:0 ListedInSceneOutliner:1 IsMainWorldOnly:0
 |   |   |- [+] [ 27]
 |   |   |   |- Guid:F07F1AF64C7C7C238EE1B4BF8C122DD8 BaseClass: NativeClass:/Script/Engine.StaticMeshActor Name:StaticMeshActor_4 Label:SM_Cube3 SpatiallyLoaded:1 Bounds:IsValid=true, Min=(X=1620.000 Y=2360.000 Z=0.000), Max=(X=2995.000 Y=2460.000 Z=400.000) RuntimeGrid:None EditorOnly:0 RuntimeOnly:0 HLODRelevant:1 ListedInSceneOutliner:1 IsMainWorldOnly:0 FolderPath:Playground FolderGuid:6C02BB504B69D1F3D7A624B130C18E5B
 |   |   |- [+] [ 28]
 |   |   |   |- Guid:F80621C9446867154938FE81375207DA BaseClass: NativeClass:/Script/Engine.DirectionalLight Name:DirectionalLight_1 Label:DirectionalLight SpatiallyLoaded:0 Bounds:IsValid=true, Min=(X=-4398046511104.000 Y=-4398046511104.000 Z=-4398046511104.000), Max=(X=4398046511104.000 Y=4398046511104.000 Z=4398046511104.000) RuntimeGrid:None EditorOnly:0 RuntimeOnly:0 HLODRelevant:0 ListedInSceneOutliner:1 IsMainWorldOnly:0 FolderPath:Lighting FolderGuid:0BA5F0A04EADB18E70D5B180D08FA34B
 |   |   |- [+] [ 29]
 |   |   |   |- Guid:F9D0FB6842A3A89FCE697E88C89626BC BaseClass: NativeClass:/Script/Engine.SkeletalMeshActor Name:SkeletalMeshActor_UAID_D85ED3EB4B231EAE01_1575513190 Label:A_Inspect SpatiallyLoaded:1 Bounds:IsValid=true, Min=(X=2687.068 Y=1191.634 Z=124.727), Max=(X=2754.228 Y=1246.341 Z=160.713) RuntimeGrid:None EditorOnly:0 RuntimeOnly:0 HLODRelevant:0 ListedInSceneOutliner:1 IsMainWorldOnly:0
 |- ContainerInstances:
 |- [+] MainContainer:
 |   |-        ID: 00000000000000000000000000000000
 |   |-  ParentID: 00000000000000000000000000000000
 |   |-    Bounds: IsValid=false, Min=(X=0.000 Y=0.000 Z=0.000), Max=(X=0.000 Y=0.000 Z=0.000)
 |   |- Transform: 0.000000,0.000000,0.000000|0.000000,0.000000,-0.000000|1.000000,1.000000,1.000000
 |   |- Container: /Game/Levels/PersonalLevels/VGP/Alessandro_C/PistolAnimation/System/Map/L_ShowCase
----------------------------------------------------------------------------------------------------------------
L_ShowCase - Persistent Level
----------------------------------------------------------------------------------------------------------------
[+] Content of L_ShowCase Persistent Level
 |- Always loaded Actor Count: 36 
 |- Actor Path: /Game/Levels/PersonalLevels/VGP/Alessandro_C/PistolAnimation/System/Map/L_ShowCase.L_ShowCase:PersistentLevel.Brush_0
 |- Actor Package: /Game/Levels/PersonalLevels/VGP/Alessandro_C/PistolAnimation/System/Map/L_ShowCase
 |- Actor Path: /Game/Levels/PersonalLevels/VGP/Alessandro_C/PistolAnimation/System/Map/L_ShowCase.L_ShowCase:PersistentLevel.DefaultPhysicsVolume_0
 |- Actor Package: /Game/Levels/PersonalLevels/VGP/Alessandro_C/PistolAnimation/System/Map/L_ShowCase
 |- Actor Path: /Game/Levels/PersonalLevels/VGP/Alessandro_C/PistolAnimation/System/Map/L_ShowCase.L_ShowCase:PersistentLevel.DirectionalLight_1
 |- Actor Package: /Game/__ExternalActors__/Levels/PersonalLevels/VGP/Alessandro_C/PistolAnimation/System/Map/L_ShowCase/D/BN/CQRE6BW4EG6L126QK4P5VN
 |- Actor Path: /Game/Levels/PersonalLevels/VGP/Alessandro_C/PistolAnimation/System/Map/L_ShowCase.L_ShowCase:PersistentLevel.ExponentialHeightFog_0
 |- Actor Package: /Game/__ExternalActors__/Levels/PersonalLevels/VGP/Alessandro_C/PistolAnimation/System/Map/L_ShowCase/3/79/NOQ55HYL0JCG5BQJSVPJ79
 |- Actor Path: /Game/Levels/PersonalLevels/VGP/Alessandro_C/PistolAnimation/System/Map/L_ShowCase.L_ShowCase:PersistentLevel.FirstPersonExampleMap_C_1
 |- Actor Package: /Game/Levels/PersonalLevels/VGP/Alessandro_C/PistolAnimation/System/Map/L_ShowCase
 |- Actor Path: /Game/Levels/PersonalLevels/VGP/Alessandro_C/PistolAnimation/System/Map/L_ShowCase.L_ShowCase:PersistentLevel.PlayerStart_0
 |- Actor Package: /Game/__ExternalActors__/Levels/PersonalLevels/VGP/Alessandro_C/PistolAnimation/System/Map/L_ShowCase/7/UD/Q71T09MLQHSFU6WU1C53XO
 |- Actor Path: /Game/Levels/PersonalLevels/VGP/Alessandro_C/PistolAnimation/System/Map/L_ShowCase.L_ShowCase:PersistentLevel.PostProcessVolume_0
 |- Actor Package: /Game/__ExternalActors__/Levels/PersonalLevels/VGP/Alessandro_C/PistolAnimation/System/Map/L_ShowCase/8/RK/KAQ8IH54F0ADTZHBT07POY
 |- Actor Path: /Game/Levels/PersonalLevels/VGP/Alessandro_C/PistolAnimation/System/Map/L_ShowCase.L_ShowCase:PersistentLevel.SkeletalMeshActor_UAID_D85ED3EB4B231EAE01_1491056183
 |- Actor Package: /Game/__ExternalActors__/Levels/PersonalLevels/VGP/Alessandro_C/PistolAnimation/System/Map/L_ShowCase/A/WB/DZ9QN2OD2942XSFBXVKSTW
 |- Actor Path: /Game/Levels/PersonalLevels/VGP/Alessandro_C/PistolAnimation/System/Map/L_ShowCase.L_ShowCase:PersistentLevel.SkeletalMeshActor_UAID_D85ED3EB4B231EAE01_1519611184
 |- Actor Package: /Game/__ExternalActors__/Levels/PersonalLevels/VGP/Alessandro_C/PistolAnimation/System/Map/L_ShowCase/3/02/A0RIBU5WSGVGJNPLHHI7MN
 |- Actor Path: /Game/Levels/PersonalLevels/VGP/Alessandro_C/PistolAnimation/System/Map/L_ShowCase.L_ShowCase:PersistentLevel.SkeletalMeshActor_UAID_D85ED3EB4B231EAE01_1527529185
 |- Actor Package: /Game/__ExternalActors__/Levels/PersonalLevels/VGP/Alessandro_C/PistolAnimation/System/Map/L_ShowCase/8/3Q/UC74NEIEEL61L6069LXLSR
 |- Actor Path: /Game/Levels/PersonalLevels/VGP/Alessandro_C/PistolAnimation/System/Map/L_ShowCase.L_ShowCase:PersistentLevel.SkeletalMeshActor_UAID_D85ED3EB4B231EAE01_1534123186
 |- Actor Package: /Game/__ExternalActors__/Levels/PersonalLevels/VGP/Alessandro_C/PistolAnimation/System/Map/L_ShowCase/F/5B/WHZ4B3BUCXQP4TPUDDHQXU
 |- Actor Path: /Game/Levels/PersonalLevels/VGP/Alessandro_C/PistolAnimation/System/Map/L_ShowCase.L_ShowCase:PersistentLevel.SkeletalMeshActor_UAID_D85ED3EB4B231EAE01_1545661187
 |- Actor Package: /Game/__ExternalActors__/Levels/PersonalLevels/VGP/Alessandro_C/PistolAnimation/System/Map/L_ShowCase/B/PQ/2QVI3HEG0UP9AFLC48QA59
 |- Actor Path: /Game/Levels/PersonalLevels/VGP/Alessandro_C/PistolAnimation/System/Map/L_ShowCase.L_ShowCase:PersistentLevel.SkeletalMeshActor_UAID_D85ED3EB4B231EAE01_1553315188
 |- Actor Package: /Game/__ExternalActors__/Levels/PersonalLevels/VGP/Alessandro_C/PistolAnimation/System/Map/L_ShowCase/3/2K/YK340VB3CD6WHIZA3FDN5W
 |- Actor Path: /Game/Levels/PersonalLevels/VGP/Alessandro_C/PistolAnimation/System/Map/L_ShowCase.L_ShowCase:PersistentLevel.SkeletalMeshActor_UAID_D85ED3EB4B231EAE01_1565237189
 |- Actor Package: /Game/__ExternalActors__/Levels/PersonalLevels/VGP/Alessandro_C/PistolAnimation/System/Map/L_ShowCase/D/HA/PG00TCMP2JEXI1TI6DTWQX
 |- Actor Path: /Game/Levels/PersonalLevels/VGP/Alessandro_C/PistolAnimation/System/Map/L_ShowCase.L_ShowCase:PersistentLevel.SkeletalMeshActor_UAID_D85ED3EB4B231EAE01_1575513190
 |- Actor Package: /Game/__ExternalActors__/Levels/PersonalLevels/VGP/Alessandro_C/PistolAnimation/System/Map/L_ShowCase/6/5V/9HIVNHSNQSU92BGYHQCMGD
 |- Actor Path: /Game/Levels/PersonalLevels/VGP/Alessandro_C/PistolAnimation/System/Map/L_ShowCase.L_ShowCase:PersistentLevel.SkeletalMeshActor_UAID_D85ED3EB4B231EAE01_1581382191
 |- Actor Package: /Game/__ExternalActors__/Levels/PersonalLevels/VGP/Alessandro_C/PistolAnimation/System/Map/L_ShowCase/8/CK/QE12TY5M3I3UAB57WECDCB
 |- Actor Path: /Game/Levels/PersonalLevels/VGP/Alessandro_C/PistolAnimation/System/Map/L_ShowCase.L_ShowCase:PersistentLevel.SkeletalMeshActor_UAID_D85ED3EB4B231EAE01_1590831192
 |- Actor Package: /Game/__ExternalActors__/Levels/PersonalLevels/VGP/Alessandro_C/PistolAnimation/System/Map/L_ShowCase/9/H2/JQXE1PFR8C4MKWYV00Z7LG
 |- Actor Path: /Game/Levels/PersonalLevels/VGP/Alessandro_C/PistolAnimation/System/Map/L_ShowCase.L_ShowCase:PersistentLevel.SkeletalMeshActor_UAID_D85ED3EB4B231EAE01_1596730193
 |- Actor Package: /Game/__ExternalActors__/Levels/PersonalLevels/VGP/Alessandro_C/PistolAnimation/System/Map/L_ShowCase/0/A7/0ZK0PUMLRB7O3EN7D1S7MG
 |- Actor Path: /Game/Levels/PersonalLevels/VGP/Alessandro_C/PistolAnimation/System/Map/L_ShowCase.L_ShowCase:PersistentLevel.SkeletalMeshActor_UAID_D85ED3EB4B231EAE01_1608892194
 |- Actor Package: /Game/__ExternalActors__/Levels/PersonalLevels/VGP/Alessandro_C/PistolAnimation/System/Map/L_ShowCase/4/FT/4VISJKZY9HVUV5QKM1TZUD
 |- Actor Path: /Game/Levels/PersonalLevels/VGP/Alessandro_C/PistolAnimation/System/Map/L_ShowCase.L_ShowCase:PersistentLevel.SkeletalMeshActor_UAID_D85ED3EB4B231EAE01_1614914195
 |- Actor Package: /Game/__ExternalActors__/Levels/PersonalLevels/VGP/Alessandro_C/PistolAnimation/System/Map/L_ShowCase/A/4W/IN7687C560TQXM8HTJ6TBD
 |- Actor Path: /Game/Levels/PersonalLevels/VGP/Alessandro_C/PistolAnimation/System/Map/L_ShowCase.L_ShowCase:PersistentLevel.SkeletalMeshActor_UAID_D85ED3EB4B231EAE01_1622197196
 |- Actor Package: /Game/__ExternalActors__/Levels/PersonalLevels/VGP/Alessandro_C/PistolAnimation/System/Map/L_ShowCase/7/SH/J2S1KMHLG4KVO1V6G6NK3N
 |- Actor Path: /Game/Levels/PersonalLevels/VGP/Alessandro_C/PistolAnimation/System/Map/L_ShowCase.L_ShowCase:PersistentLevel.SkyAtmosphere_0
 |- Actor Package: /Game/__ExternalActors__/Levels/PersonalLevels/VGP/Alessandro_C/PistolAnimation/System/Map/L_ShowCase/E/MT/QZPRN46P7MMQJ1V42AONAM
 |- Actor Path: /Game/Levels/PersonalLevels/VGP/Alessandro_C/PistolAnimation/System/Map/L_ShowCase.L_ShowCase:PersistentLevel.SkyLight_0
 |- Actor Package: /Game/__ExternalActors__/Levels/PersonalLevels/VGP/Alessandro_C/PistolAnimation/System/Map/L_ShowCase/5/ZP/5835LXCK9L2K8YOLYHX02T
 |- Actor Path: /Game/Levels/PersonalLevels/VGP/Alessandro_C/PistolAnimation/System/Map/L_ShowCase.L_ShowCase:PersistentLevel.StaticMeshActor_0
 |- Actor Package: /Game/__ExternalActors__/Levels/PersonalLevels/VGP/Alessandro_C/PistolAnimation/System/Map/L_ShowCase/0/0Y/Z174TDC3HHKR43Q7VVJGON
 |- Actor Path: /Game/Levels/PersonalLevels/VGP/Alessandro_C/PistolAnimation/System/Map/L_ShowCase.L_ShowCase:PersistentLevel.StaticMeshActor_4
 |- Actor Package: /Game/__ExternalActors__/Levels/PersonalLevels/VGP/Alessandro_C/PistolAnimation/System/Map/L_ShowCase/9/CC/PFYCJLEBLYT120C6WHAOVP
 |- Actor Path: /Game/Levels/PersonalLevels/VGP/Alessandro_C/PistolAnimation/System/Map/L_ShowCase.L_ShowCase:PersistentLevel.StaticMeshActor_8
 |- Actor Package: /Game/__ExternalActors__/Levels/PersonalLevels/VGP/Alessandro_C/PistolAnimation/System/Map/L_ShowCase/4/RE/CPAC0VQEP32EUW6IFIRBG3
 |- Actor Path: /Game/Levels/PersonalLevels/VGP/Alessandro_C/PistolAnimation/System/Map/L_ShowCase.L_ShowCase:PersistentLevel.StaticMeshActor_9
 |- Actor Package: /Game/__ExternalActors__/Levels/PersonalLevels/VGP/Alessandro_C/PistolAnimation/System/Map/L_ShowCase/6/DK/LOIYLAQ18SEBIHMIRGPE97
 |- Actor Path: /Game/Levels/PersonalLevels/VGP/Alessandro_C/PistolAnimation/System/Map/L_ShowCase.L_ShowCase:PersistentLevel.StaticMeshActor_10
 |- Actor Package: /Game/__ExternalActors__/Levels/PersonalLevels/VGP/Alessandro_C/PistolAnimation/System/Map/L_ShowCase/4/6G/Y2D5889A4V5WCT4C79DS0W
 |- Actor Path: /Game/Levels/PersonalLevels/VGP/Alessandro_C/PistolAnimation/System/Map/L_ShowCase.L_ShowCase:PersistentLevel.StaticMeshActor_29
 |- Actor Package: /Game/__ExternalActors__/Levels/PersonalLevels/VGP/Alessandro_C/PistolAnimation/System/Map/L_ShowCase/6/VF/W9UD3CCQ8592ABER5Z9M5O
 |- Actor Path: /Game/Levels/PersonalLevels/VGP/Alessandro_C/PistolAnimation/System/Map/L_ShowCase.L_ShowCase:PersistentLevel.StaticMeshActor_UAID_A4AE111137DC5EFB00_2001720423
 |- Actor Package: /Game/__ExternalActors__/Levels/PersonalLevels/VGP/Alessandro_C/PistolAnimation/System/Map/L_ShowCase/A/QA/GLD07BDZXLM62WD0OKCB5S
 |- Actor Path: /Game/Levels/PersonalLevels/VGP/Alessandro_C/PistolAnimation/System/Map/L_ShowCase.L_ShowCase:PersistentLevel.StaticMeshActor_UAID_D85ED3EB4B231EAE01_1759328197
 |- Actor Package: /Game/__ExternalActors__/Levels/PersonalLevels/VGP/Alessandro_C/PistolAnimation/System/Map/L_ShowCase/A/CB/OGCU21Y4JZFA7D08D6KTPW
 |- Actor Path: /Game/Levels/PersonalLevels/VGP/Alessandro_C/PistolAnimation/System/Map/L_ShowCase.L_ShowCase:PersistentLevel.VolumetricCloud_0
 |- Actor Package: /Game/__ExternalActors__/Levels/PersonalLevels/VGP/Alessandro_C/PistolAnimation/System/Map/L_ShowCase/9/5P/3ACJTPWNDB8ACM9JX1YVD3
 |- Actor Path: /Game/Levels/PersonalLevels/VGP/Alessandro_C/PistolAnimation/System/Map/L_ShowCase.L_ShowCase:PersistentLevel.WorldDataLayers
 |- Actor Package: /Game/__ExternalActors__/Levels/PersonalLevels/VGP/Alessandro_C/PistolAnimation/System/Map/L_ShowCase/4/L0/EQATOFZNF2A5URW81KSLTQ
 |- Actor Path: /Game/Levels/PersonalLevels/VGP/Alessandro_C/PistolAnimation/System/Map/L_ShowCase.L_ShowCase:PersistentLevel.WorldDataLayers
 |- Actor Package: /Game/__ExternalActors__/Levels/PersonalLevels/VGP/Alessandro_C/PistolAnimation/System/Map/L_ShowCase/4/L0/EQATOFZNF2A5URW81KSLTQ
 |- Actor Path: /Game/Levels/PersonalLevels/VGP/Alessandro_C/PistolAnimation/System/Map/L_ShowCase.L_ShowCase:PersistentLevel.WorldInfo_0
 |- Actor Package: /Game/Levels/PersonalLevels/VGP/Alessandro_C/PistolAnimation/System/Map/L_ShowCase
 |- Actor Path: /Game/Levels/PersonalLevels/VGP/Alessandro_C/PistolAnimation/System/Map/L_ShowCase.L_ShowCase:PersistentLevel.WorldPartitionMiniMap_0
 |- Actor Package: /Game/__ExternalActors__/Levels/PersonalLevels/VGP/Alessandro_C/PistolAnimation/System/Map/L_ShowCase/2/0C/5HFXNVXI6R27BX95X7TU7U

----------------------------------------------------------------------------------------------------------------
L_ShowCase - Runtime Spatial Hash - Streaming Grid - MainGrid
----------------------------------------------------------------------------------------------------------------
            Origin: X=0.000 Y=0.000 Z=0.000
         Cell Size: 12800
      World Bounds: IsValid=false, Min=(X=0.000 Y=0.000 Z=0.000), Max=(X=0.000 Y=0.000 Z=0.000)
     Loading Range: 25600.00
Block Slow Loading: No
 ClientOnlyVisible: No
            Origin: X=0.000 Y=0.000 Z=0.000

[+] Grid Levels: 1
 |- Level  0: Cell Count    0 | Cell Size   12800 | Actor Count    0 (0.0%)

[+] Content of Grid Level 0

