[+] Containers:
 |- [+] Container: /Game/Levels/PersonalLevels/VGP/Alessandro_C/I_AlessandroC
 |   |- [+] ActorDescs:
 |   |   |- Guid:0CAD2CD24D557CDA2148CBBFCBDCAAE9 BaseClass: NativeClass:/Script/Engine.StaticMeshActor Name:StaticMeshActor_8 Label:SM_ChamferCube3 SpatiallyLoaded:1 Bounds:IsValid=true, Min=(X=1837.548 Y=2067.548 Z=0.063), Max=(X=2042.452 Y=2272.452 Z=150.063) RuntimeGrid:None EditorOnly:0 RuntimeOnly:0 HLODRelevant:0 ListedInSceneOutliner:1 IsMainWorldOnly:0 FolderPath:SimulatedCubes FolderGuid:9AEEADCB4DC6C647D6E7C0B4EDA1744F
 |   |   |- Guid:1A3822504E42551076C94C817E06CC6E BaseClass: NativeClass:/Script/Engine.SkeletalMeshActor Name:SkeletalMeshActor_UAID_D85ED3EB4B231EAE01_1575513190 Label:A_Inspect SpatiallyLoaded:1 Bounds:IsValid=true, Min=(X=2687.068 Y=1191.634 Z=124.727), Max=(X=2754.228 Y=1246.341 Z=160.713) RuntimeGrid:None EditorOnly:0 RuntimeOnly:0 HLODRelevant:0 ListedInSceneOutliner:1 IsMainWorldOnly:0
 |   |   |- Guid:1DA27F884A965F14F609268E39EC1D55 BaseClass: NativeClass:/Script/Engine.DirectionalLight Name:DirectionalLight_1 Label:DirectionalLight SpatiallyLoaded:0 Bounds:IsValid=true, Min=(X=-4398046511104.000 Y=-4398046511104.000 Z=-4398046511104.000), Max=(X=4398046511104.000 Y=4398046511104.000 Z=4398046511104.000) RuntimeGrid:None EditorOnly:0 RuntimeOnly:0 HLODRelevant:0 ListedInSceneOutliner:1 IsMainWorldOnly:0 FolderPath:Lighting FolderGuid:0BA5F0A04EADB18E70D5B180D08FA34B
 |   |   |- Guid:1F58E9DD42A723CD9A1344979211D100 BaseClass: NativeClass:/Script/Engine.StaticMeshActor Name:StaticMeshActor_9 Label:SM_Cube5 SpatiallyLoaded:1 Bounds:IsValid=true, Min=(X=1620.000 Y=100.000 Z=0.000), Max=(X=1720.000 Y=2400.000 Z=400.000) RuntimeGrid:None EditorOnly:0 RuntimeOnly:0 HLODRelevant:1 ListedInSceneOutliner:1 IsMainWorldOnly:0 FolderPath:Playground FolderGuid:6C02BB504B69D1F3D7A624B130C18E5B
 |   |   |- Guid:2D90CAFC4EB89C11ED109AAC53E793A3 BaseClass: NativeClass:/Script/Engine.SkeletalMeshActor Name:SkeletalMeshActor_UAID_D85ED3EB4B231EAE01_1527529185 Label:A_AimIdle SpatiallyLoaded:1 Bounds:IsValid=true, Min=(X=2687.067 Y=633.269 Z=126.735), Max=(X=2754.037 Y=686.761 Z=165.018) RuntimeGrid:None EditorOnly:0 RuntimeOnly:0 HLODRelevant:0 ListedInSceneOutliner:1 IsMainWorldOnly:0
 |   |   |- Guid:2F8CD5224AA30678BBD4D68039127EDB BaseClass: NativeClass:/Script/Engine.PlayerStart Name:PlayerStart_0 Label:PlayerStart SpatiallyLoaded:0 Bounds:IsValid=true, Min=(X=1930.000 Y=1170.000 Z=0.013), Max=(X=2010.000 Y=1250.000 Z=184.013) RuntimeGrid:None EditorOnly:0 RuntimeOnly:0 HLODRelevant:0 ListedInSceneOutliner:1 IsMainWorldOnly:0
 |   |   |- Guid:3C358100476D4E42DCAA4582158B3D6D BaseClass: NativeClass:/Script/Engine.StaticMeshActor Name:StaticMeshActor_10 Label:SM_Cube6 SpatiallyLoaded:1 Bounds:IsValid=true, Min=(X=2900.000 Y=100.000 Z=0.000), Max=(X=3000.000 Y=2375.000 Z=400.000) RuntimeGrid:None EditorOnly:0 RuntimeOnly:0 HLODRelevant:1 ListedInSceneOutliner:1 IsMainWorldOnly:0 FolderPath:Playground FolderGuid:6C02BB504B69D1F3D7A624B130C18E5B
 |   |   |- Guid:3F7DA7B74B781C2F03F162AADA4E11CF BaseClass: NativeClass:/Script/Engine.ExponentialHeightFog Name:ExponentialHeightFog_0 Label:ExponentialHeightFog SpatiallyLoaded:0 Bounds:IsValid=true, Min=(X=-5600.000 Y=-50.000 Z=-6850.000), Max=(X=-5600.000 Y=-50.000 Z=-6850.000) RuntimeGrid:None EditorOnly:0 RuntimeOnly:0 HLODRelevant:0 ListedInSceneOutliner:1 IsMainWorldOnly:0 FolderPath:Lighting FolderGuid:0BA5F0A04EADB18E70D5B180D08FA34B
 |   |   |- Guid:47BDC0FA4AB8D8AB22DD9FB6A16BC9E3 BaseClass: NativeClass:/Script/Engine.SkeletalMeshActor Name:SkeletalMeshActor_UAID_D85ED3EB4B231EAE01_1545661187 Label:A_Equip SpatiallyLoaded:1 Bounds:IsValid=true, Min=(X=2712.778 Y=870.453 Z=82.396), Max=(X=2768.335 Y=928.183 Z=150.910) RuntimeGrid:None EditorOnly:0 RuntimeOnly:0 HLODRelevant:0 ListedInSceneOutliner:1 IsMainWorldOnly:0
 |   |   |- Guid:5394126046E5E3BA2C864999D65B7C92 BaseClass: NativeClass:/Script/Engine.SkyLight Name:SkyLight_0 Label:SkyLight SpatiallyLoaded:0 Bounds:IsValid=true, Min=(X=0.000 Y=0.000 Z=690.000), Max=(X=0.000 Y=0.000 Z=690.000) RuntimeGrid:None EditorOnly:0 RuntimeOnly:0 HLODRelevant:0 ListedInSceneOutliner:1 IsMainWorldOnly:0 FolderPath:Lighting FolderGuid:0BA5F0A04EADB18E70D5B180D08FA34B
 |   |   |- Guid:55DAEAA44C54FC68A56DBE9DFE6593F7 BaseClass: NativeClass:/Script/Engine.StaticMeshActor Name:StaticMeshActor_UAID_A4AE111137DC5EFB00_2001720423 Label:SM_SkySphere SpatiallyLoaded:1 Bounds:IsValid=true, Min=(X=-1638400.000 Y=-1638400.000 Z=-1638400.000), Max=(X=1638400.000 Y=1638400.000 Z=1638400.000) RuntimeGrid:None EditorOnly:0 RuntimeOnly:0 HLODRelevant:1 ListedInSceneOutliner:1 IsMainWorldOnly:0 FolderPath:Lighting FolderGuid:0BA5F0A04EADB18E70D5B180D08FA34B
 |   |   |- Guid:6288799B4D7AB25D4E05CF84B7F61C63 BaseClass: NativeClass:/Script/Engine.StaticMeshActor Name:StaticMeshActor_29 Label:SM_ChamferCube4 SpatiallyLoaded:1 Bounds:IsValid=true, Min=(X=1784.338 Y=144.338 Z=0.063), Max=(X=1995.662 Y=355.662 Z=150.063) RuntimeGrid:None EditorOnly:0 RuntimeOnly:0 HLODRelevant:0 ListedInSceneOutliner:1 IsMainWorldOnly:0 FolderPath:SimulatedCubes FolderGuid:9AEEADCB4DC6C647D6E7C0B4EDA1744F
 |   |   |- Guid:69465E2E439FCB343DC3BB93C5B23E5A BaseClass: NativeClass:/Script/Engine.SkyAtmosphere Name:SkyAtmosphere_0 Label:SkyAtmosphere SpatiallyLoaded:0 Bounds:IsValid=true, Min=(X=0.000 Y=0.000 Z=1020.000), Max=(X=0.000 Y=0.000 Z=1020.000) RuntimeGrid:None EditorOnly:0 RuntimeOnly:0 HLODRelevant:0 ListedInSceneOutliner:1 IsMainWorldOnly:0 FolderPath:Lighting FolderGuid:0BA5F0A04EADB18E70D5B180D08FA34B
 |   |   |- Guid:6D3846C541AED85AF8E135B10AA5467C BaseClass: NativeClass:/Script/Engine.SkeletalMeshActor Name:SkeletalMeshActor_UAID_D85ED3EB4B231EAE01_1534123186 Label:A_AimWalk SpatiallyLoaded:1 Bounds:IsValid=true, Min=(X=2687.065 Y=753.269 Z=126.647), Max=(X=2754.041 Y=806.756 Z=164.865) RuntimeGrid:None EditorOnly:0 RuntimeOnly:0 HLODRelevant:0 ListedInSceneOutliner:1 IsMainWorldOnly:0
 |   |   |- Guid:6E666CB441D9B45B5B1C258B0610461B BaseClass: NativeClass:/Script/Engine.SkeletalMeshActor Name:SkeletalMeshActor_UAID_D85ED3EB4B231EAE01_1581382191 Label:A_Reload SpatiallyLoaded:1 Bounds:IsValid=true, Min=(X=2697.134 Y=1301.608 Z=125.153), Max=(X=2764.279 Y=1356.308 Z=160.705) RuntimeGrid:None EditorOnly:0 RuntimeOnly:0 HLODRelevant:0 ListedInSceneOutliner:1 IsMainWorldOnly:0
 |   |   |- Guid:6FC9EA0D43692B8B516635AF91880AC1 BaseClass: NativeClass:/Script/Engine.SkeletalMeshActor Name:SkeletalMeshActor_UAID_D85ED3EB4B231EAE01_1622197196 Label:A_Walk SpatiallyLoaded:1 Bounds:IsValid=true, Min=(X=2686.879 Y=1921.961 Z=124.582), Max=(X=2754.258 Y=1976.284 Z=159.339) RuntimeGrid:None EditorOnly:0 RuntimeOnly:0 HLODRelevant:0 ListedInSceneOutliner:1 IsMainWorldOnly:0
 |   |   |- Guid:7C34A4B841FE7DD13F74DDABF101DE46 BaseClass: NativeClass:/Script/Engine.SkeletalMeshActor Name:SkeletalMeshActor_UAID_D85ED3EB4B231EAE01_1608892194 Label:A_Sprint SpatiallyLoaded:1 Bounds:IsValid=true, Min=(X=2701.161 Y=1654.612 Z=87.536), Max=(X=2765.823 Y=1717.359 Z=161.839) RuntimeGrid:None EditorOnly:0 RuntimeOnly:0 HLODRelevant:0 ListedInSceneOutliner:1 IsMainWorldOnly:0
 |   |   |- Guid:7CCF9AA041A52F90C47B1EAAB1FE70D0 BaseClass: NativeClass:/Script/Engine.PostProcessVolume Name:PostProcessVolume_0 Label:PostProcessVolume SpatiallyLoaded:0 Bounds:IsValid=true, Min=(X=1530.000 Y=-140.000 Z=-180.000), Max=(X=2930.000 Y=2560.000 Z=720.000) RuntimeGrid:None EditorOnly:0 RuntimeOnly:0 HLODRelevant:0 ListedInSceneOutliner:1 IsMainWorldOnly:0 FolderPath:Lighting FolderGuid:0BA5F0A04EADB18E70D5B180D08FA34B
 |   |   |- Guid:88035ACD46EF17F3DC765EAD8EDA6CD6 BaseClass: NativeClass:/Script/Engine.SkeletalMeshActor Name:SkeletalMeshActor_UAID_D85ED3EB4B231EAE01_1614914195 Label:A_Unnequip SpatiallyLoaded:1 Bounds:IsValid=true, Min=(X=2696.290 Y=1801.672 Z=124.653), Max=(X=2764.228 Y=1856.373 Z=160.652) RuntimeGrid:None EditorOnly:0 RuntimeOnly:0 HLODRelevant:0 ListedInSceneOutliner:1 IsMainWorldOnly:0
 |   |   |- Guid:8944C451495CAFD99DB9FFAB94F22000 BaseClass: NativeClass:/Script/Engine.SkeletalMeshActor Name:SkeletalMeshActor_UAID_D85ED3EB4B231EAE01_1596730193 Label:A_Run SpatiallyLoaded:1 Bounds:IsValid=true, Min=(X=2701.179 Y=1523.649 Z=116.828), Max=(X=2764.832 Y=1576.669 Z=150.172) RuntimeGrid:None EditorOnly:0 RuntimeOnly:0 HLODRelevant:0 ListedInSceneOutliner:1 IsMainWorldOnly:0
 |   |   |- Guid:8D00EF674BD14186B2241DA4BCB75C62 BaseClass: NativeClass:/Script/Engine.SkeletalMeshActor Name:SkeletalMeshActor_UAID_D85ED3EB4B231EAE01_1590831192 Label:A_ReloadEmpty SpatiallyLoaded:1 Bounds:IsValid=true, Min=(X=2696.978 Y=1411.733 Z=124.829), Max=(X=2764.230 Y=1466.335 Z=160.612) RuntimeGrid:None EditorOnly:0 RuntimeOnly:0 HLODRelevant:0 ListedInSceneOutliner:1 IsMainWorldOnly:0
 |   |   |- Guid:8ED5BC0E43EADB6C0F553CAD1CB4B4C0 BaseClass: NativeClass:/Script/Engine.WorldDataLayers Name:WorldDataLayers Label:WorldDataLayers-1 SpatiallyLoaded:0 Bounds:Invalid RuntimeGrid:None EditorOnly:0 RuntimeOnly:0 HLODRelevant:0 ListedInSceneOutliner:1 IsMainWorldOnly:1
 |   |   |- Guid:9226BBD44469F2B5BBD64FAE7AA122E8 BaseClass: NativeClass:/Script/Engine.SkeletalMeshActor Name:SkeletalMeshActor_UAID_D85ED3EB4B231EAE01_1519611184 Label:A_AimFire SpatiallyLoaded:1 Bounds:IsValid=true, Min=(X=2688.905 Y=523.269 Z=126.107), Max=(X=2754.070 Y=576.767 Z=164.780) RuntimeGrid:None EditorOnly:0 RuntimeOnly:0 HLODRelevant:0 ListedInSceneOutliner:1 IsMainWorldOnly:0
 |   |   |- Guid:A15EB6C842132659F9661580C1F51CF9 BaseClass: NativeClass:/Script/Engine.StaticMeshActor Name:StaticMeshActor_UAID_D85ED3EB4B231EAE01_1759328197 Label:SM_Cube4 SpatiallyLoaded:1 Bounds:IsValid=true, Min=(X=1620.000 Y=0.000 Z=0.000), Max=(X=2995.000 Y=100.000 Z=400.000) RuntimeGrid:None EditorOnly:0 RuntimeOnly:0 HLODRelevant:1 ListedInSceneOutliner:1 IsMainWorldOnly:0 FolderPath:Playground FolderGuid:6C02BB504B69D1F3D7A624B130C18E5B
 |   |   |- Guid:AC1806D74E8747F520DE879F84F4F751 BaseClass: NativeClass:/Script/Engine.VolumetricCloud Name:VolumetricCloud_0 Label:VolumetricCloud SpatiallyLoaded:0 Bounds:IsValid=true, Min=(X=0.000 Y=0.000 Z=820.000), Max=(X=0.000 Y=0.000 Z=820.000) RuntimeGrid:None EditorOnly:0 RuntimeOnly:0 HLODRelevant:0 ListedInSceneOutliner:1 IsMainWorldOnly:0 FolderPath:Lighting FolderGuid:0BA5F0A04EADB18E70D5B180D08FA34B
 |   |   |- Guid:C32533A240E143BE9CACB7B2738735B0 BaseClass: NativeClass:/Script/Engine.StaticMeshActor Name:StaticMeshActor_4 Label:SM_Cube3 SpatiallyLoaded:1 Bounds:IsValid=true, Min=(X=1620.000 Y=2360.000 Z=0.000), Max=(X=2995.000 Y=2460.000 Z=400.000) RuntimeGrid:None EditorOnly:0 RuntimeOnly:0 HLODRelevant:1 ListedInSceneOutliner:1 IsMainWorldOnly:0 FolderPath:Playground FolderGuid:6C02BB504B69D1F3D7A624B130C18E5B
 |   |   |- Guid:D932ABE94FA4061C03743EAFFC721A01 BaseClass: NativeClass:/Script/Engine.StaticMeshActor Name:StaticMeshActor_0 Label:SM_Cube SpatiallyLoaded:1 Bounds:IsValid=true, Min=(X=1660.000 Y=0.000 Z=-50.000), Max=(X=2910.000 Y=2350.000 Z=0.000) RuntimeGrid:None EditorOnly:0 RuntimeOnly:0 HLODRelevant:1 ListedInSceneOutliner:1 IsMainWorldOnly:0 FolderPath:Playground FolderGuid:6C02BB504B69D1F3D7A624B130C18E5B
 |   |   |- Guid:E7DA41CC4F7649D9194CB9BC5C010AF2 BaseClass: NativeClass:/Script/Engine.SkeletalMeshActor Name:SkeletalMeshActor_UAID_D85ED3EB4B231EAE01_1565237189 Label:A_idle SpatiallyLoaded:1 Bounds:IsValid=true, Min=(X=2687.071 Y=1091.763 Z=125.179), Max=(X=2754.222 Y=1146.312 Z=160.698) RuntimeGrid:None EditorOnly:0 RuntimeOnly:0 HLODRelevant:0 ListedInSceneOutliner:1 IsMainWorldOnly:0
 |   |   |- Guid:F0E2FB034A8FCD4335579980B97D4721 BaseClass: NativeClass:/Script/Engine.SkeletalMeshActor Name:SkeletalMeshActor_UAID_D85ED3EB4B231EAE01_1553315188 Label:A_Fire SpatiallyLoaded:1 Bounds:IsValid=true, Min=(X=2687.310 Y=981.845 Z=124.459), Max=(X=2754.267 Y=1036.279 Z=159.385) RuntimeGrid:None EditorOnly:0 RuntimeOnly:0 HLODRelevant:0 ListedInSceneOutliner:1 IsMainWorldOnly:0
 |   |   |- Guid:F1858E1E4C0088E009491286D788E040 BaseClass: NativeClass:/Script/Engine.SkeletalMeshActor Name:SkeletalMeshActor_UAID_D85ED3EB4B231EAE01_1491056183 Label:A_Aim SpatiallyLoaded:1 Bounds:IsValid=true, Min=(X=2687.117 Y=411.911 Z=125.247), Max=(X=2754.206 Y=466.332 Z=161.075) RuntimeGrid:None EditorOnly:0 RuntimeOnly:0 HLODRelevant:0 ListedInSceneOutliner:1 IsMainWorldOnly:0
 |   |- [+] Clusters:
 |   |   |- [+] [  0]
 |   |   |   |- Guid:0CAD2CD24D557CDA2148CBBFCBDCAAE9 BaseClass: NativeClass:/Script/Engine.StaticMeshActor Name:StaticMeshActor_8 Label:SM_ChamferCube3 SpatiallyLoaded:1 Bounds:IsValid=true, Min=(X=1837.548 Y=2067.548 Z=0.063), Max=(X=2042.452 Y=2272.452 Z=150.063) RuntimeGrid:None EditorOnly:0 RuntimeOnly:0 HLODRelevant:0 ListedInSceneOutliner:1 IsMainWorldOnly:0 FolderPath:SimulatedCubes FolderGuid:9AEEADCB4DC6C647D6E7C0B4EDA1744F
 |   |   |- [+] [  1]
 |   |   |   |- Guid:1A3822504E42551076C94C817E06CC6E BaseClass: NativeClass:/Script/Engine.SkeletalMeshActor Name:SkeletalMeshActor_UAID_D85ED3EB4B231EAE01_1575513190 Label:A_Inspect SpatiallyLoaded:1 Bounds:IsValid=true, Min=(X=2687.068 Y=1191.634 Z=124.727), Max=(X=2754.228 Y=1246.341 Z=160.713) RuntimeGrid:None EditorOnly:0 RuntimeOnly:0 HLODRelevant:0 ListedInSceneOutliner:1 IsMainWorldOnly:0
 |   |   |- [+] [  2]
 |   |   |   |- Guid:1DA27F884A965F14F609268E39EC1D55 BaseClass: NativeClass:/Script/Engine.DirectionalLight Name:DirectionalLight_1 Label:DirectionalLight SpatiallyLoaded:0 Bounds:IsValid=true, Min=(X=-4398046511104.000 Y=-4398046511104.000 Z=-4398046511104.000), Max=(X=4398046511104.000 Y=4398046511104.000 Z=4398046511104.000) RuntimeGrid:None EditorOnly:0 RuntimeOnly:0 HLODRelevant:0 ListedInSceneOutliner:1 IsMainWorldOnly:0 FolderPath:Lighting FolderGuid:0BA5F0A04EADB18E70D5B180D08FA34B
 |   |   |- [+] [  3]
 |   |   |   |- Guid:1F58E9DD42A723CD9A1344979211D100 BaseClass: NativeClass:/Script/Engine.StaticMeshActor Name:StaticMeshActor_9 Label:SM_Cube5 SpatiallyLoaded:1 Bounds:IsValid=true, Min=(X=1620.000 Y=100.000 Z=0.000), Max=(X=1720.000 Y=2400.000 Z=400.000) RuntimeGrid:None EditorOnly:0 RuntimeOnly:0 HLODRelevant:1 ListedInSceneOutliner:1 IsMainWorldOnly:0 FolderPath:Playground FolderGuid:6C02BB504B69D1F3D7A624B130C18E5B
 |   |   |- [+] [  4]
 |   |   |   |- Guid:2D90CAFC4EB89C11ED109AAC53E793A3 BaseClass: NativeClass:/Script/Engine.SkeletalMeshActor Name:SkeletalMeshActor_UAID_D85ED3EB4B231EAE01_1527529185 Label:A_AimIdle SpatiallyLoaded:1 Bounds:IsValid=true, Min=(X=2687.067 Y=633.269 Z=126.735), Max=(X=2754.037 Y=686.761 Z=165.018) RuntimeGrid:None EditorOnly:0 RuntimeOnly:0 HLODRelevant:0 ListedInSceneOutliner:1 IsMainWorldOnly:0
 |   |   |- [+] [  5]
 |   |   |   |- Guid:2F8CD5224AA30678BBD4D68039127EDB BaseClass: NativeClass:/Script/Engine.PlayerStart Name:PlayerStart_0 Label:PlayerStart SpatiallyLoaded:0 Bounds:IsValid=true, Min=(X=1930.000 Y=1170.000 Z=0.013), Max=(X=2010.000 Y=1250.000 Z=184.013) RuntimeGrid:None EditorOnly:0 RuntimeOnly:0 HLODRelevant:0 ListedInSceneOutliner:1 IsMainWorldOnly:0
 |   |   |- [+] [  6]
 |   |   |   |- Guid:3C358100476D4E42DCAA4582158B3D6D BaseClass: NativeClass:/Script/Engine.StaticMeshActor Name:StaticMeshActor_10 Label:SM_Cube6 SpatiallyLoaded:1 Bounds:IsValid=true, Min=(X=2900.000 Y=100.000 Z=0.000), Max=(X=3000.000 Y=2375.000 Z=400.000) RuntimeGrid:None EditorOnly:0 RuntimeOnly:0 HLODRelevant:1 ListedInSceneOutliner:1 IsMainWorldOnly:0 FolderPath:Playground FolderGuid:6C02BB504B69D1F3D7A624B130C18E5B
 |   |   |- [+] [  7]
 |   |   |   |- Guid:3F7DA7B74B781C2F03F162AADA4E11CF BaseClass: NativeClass:/Script/Engine.ExponentialHeightFog Name:ExponentialHeightFog_0 Label:ExponentialHeightFog SpatiallyLoaded:0 Bounds:IsValid=true, Min=(X=-5600.000 Y=-50.000 Z=-6850.000), Max=(X=-5600.000 Y=-50.000 Z=-6850.000) RuntimeGrid:None EditorOnly:0 RuntimeOnly:0 HLODRelevant:0 ListedInSceneOutliner:1 IsMainWorldOnly:0 FolderPath:Lighting FolderGuid:0BA5F0A04EADB18E70D5B180D08FA34B
 |   |   |- [+] [  8]
 |   |   |   |- Guid:47BDC0FA4AB8D8AB22DD9FB6A16BC9E3 BaseClass: NativeClass:/Script/Engine.SkeletalMeshActor Name:SkeletalMeshActor_UAID_D85ED3EB4B231EAE01_1545661187 Label:A_Equip SpatiallyLoaded:1 Bounds:IsValid=true, Min=(X=2712.778 Y=870.453 Z=82.396), Max=(X=2768.335 Y=928.183 Z=150.910) RuntimeGrid:None EditorOnly:0 RuntimeOnly:0 HLODRelevant:0 ListedInSceneOutliner:1 IsMainWorldOnly:0
 |   |   |- [+] [  9]
 |   |   |   |- Guid:5394126046E5E3BA2C864999D65B7C92 BaseClass: NativeClass:/Script/Engine.SkyLight Name:SkyLight_0 Label:SkyLight SpatiallyLoaded:0 Bounds:IsValid=true, Min=(X=0.000 Y=0.000 Z=690.000), Max=(X=0.000 Y=0.000 Z=690.000) RuntimeGrid:None EditorOnly:0 RuntimeOnly:0 HLODRelevant:0 ListedInSceneOutliner:1 IsMainWorldOnly:0 FolderPath:Lighting FolderGuid:0BA5F0A04EADB18E70D5B180D08FA34B
 |   |   |- [+] [ 10]
 |   |   |   |- Guid:55DAEAA44C54FC68A56DBE9DFE6593F7 BaseClass: NativeClass:/Script/Engine.StaticMeshActor Name:StaticMeshActor_UAID_A4AE111137DC5EFB00_2001720423 Label:SM_SkySphere SpatiallyLoaded:1 Bounds:IsValid=true, Min=(X=-1638400.000 Y=-1638400.000 Z=-1638400.000), Max=(X=1638400.000 Y=1638400.000 Z=1638400.000) RuntimeGrid:None EditorOnly:0 RuntimeOnly:0 HLODRelevant:1 ListedInSceneOutliner:1 IsMainWorldOnly:0 FolderPath:Lighting FolderGuid:0BA5F0A04EADB18E70D5B180D08FA34B
 |   |   |- [+] [ 11]
 |   |   |   |- Guid:6288799B4D7AB25D4E05CF84B7F61C63 BaseClass: NativeClass:/Script/Engine.StaticMeshActor Name:StaticMeshActor_29 Label:SM_ChamferCube4 SpatiallyLoaded:1 Bounds:IsValid=true, Min=(X=1784.338 Y=144.338 Z=0.063), Max=(X=1995.662 Y=355.662 Z=150.063) RuntimeGrid:None EditorOnly:0 RuntimeOnly:0 HLODRelevant:0 ListedInSceneOutliner:1 IsMainWorldOnly:0 FolderPath:SimulatedCubes FolderGuid:9AEEADCB4DC6C647D6E7C0B4EDA1744F
 |   |   |- [+] [ 12]
 |   |   |   |- Guid:69465E2E439FCB343DC3BB93C5B23E5A BaseClass: NativeClass:/Script/Engine.SkyAtmosphere Name:SkyAtmosphere_0 Label:SkyAtmosphere SpatiallyLoaded:0 Bounds:IsValid=true, Min=(X=0.000 Y=0.000 Z=1020.000), Max=(X=0.000 Y=0.000 Z=1020.000) RuntimeGrid:None EditorOnly:0 RuntimeOnly:0 HLODRelevant:0 ListedInSceneOutliner:1 IsMainWorldOnly:0 FolderPath:Lighting FolderGuid:0BA5F0A04EADB18E70D5B180D08FA34B
 |   |   |- [+] [ 13]
 |   |   |   |- Guid:6D3846C541AED85AF8E135B10AA5467C BaseClass: NativeClass:/Script/Engine.SkeletalMeshActor Name:SkeletalMeshActor_UAID_D85ED3EB4B231EAE01_1534123186 Label:A_AimWalk SpatiallyLoaded:1 Bounds:IsValid=true, Min=(X=2687.065 Y=753.269 Z=126.647), Max=(X=2754.041 Y=806.756 Z=164.865) RuntimeGrid:None EditorOnly:0 RuntimeOnly:0 HLODRelevant:0 ListedInSceneOutliner:1 IsMainWorldOnly:0
 |   |   |- [+] [ 14]
 |   |   |   |- Guid:6E666CB441D9B45B5B1C258B0610461B BaseClass: NativeClass:/Script/Engine.SkeletalMeshActor Name:SkeletalMeshActor_UAID_D85ED3EB4B231EAE01_1581382191 Label:A_Reload SpatiallyLoaded:1 Bounds:IsValid=true, Min=(X=2697.134 Y=1301.608 Z=125.153), Max=(X=2764.279 Y=1356.308 Z=160.705) RuntimeGrid:None EditorOnly:0 RuntimeOnly:0 HLODRelevant:0 ListedInSceneOutliner:1 IsMainWorldOnly:0
 |   |   |- [+] [ 15]
 |   |   |   |- Guid:6FC9EA0D43692B8B516635AF91880AC1 BaseClass: NativeClass:/Script/Engine.SkeletalMeshActor Name:SkeletalMeshActor_UAID_D85ED3EB4B231EAE01_1622197196 Label:A_Walk SpatiallyLoaded:1 Bounds:IsValid=true, Min=(X=2686.879 Y=1921.961 Z=124.582), Max=(X=2754.258 Y=1976.284 Z=159.339) RuntimeGrid:None EditorOnly:0 RuntimeOnly:0 HLODRelevant:0 ListedInSceneOutliner:1 IsMainWorldOnly:0
 |   |   |- [+] [ 16]
 |   |   |   |- Guid:7C34A4B841FE7DD13F74DDABF101DE46 BaseClass: NativeClass:/Script/Engine.SkeletalMeshActor Name:SkeletalMeshActor_UAID_D85ED3EB4B231EAE01_1608892194 Label:A_Sprint SpatiallyLoaded:1 Bounds:IsValid=true, Min=(X=2701.161 Y=1654.612 Z=87.536), Max=(X=2765.823 Y=1717.359 Z=161.839) RuntimeGrid:None EditorOnly:0 RuntimeOnly:0 HLODRelevant:0 ListedInSceneOutliner:1 IsMainWorldOnly:0
 |   |   |- [+] [ 17]
 |   |   |   |- Guid:7CCF9AA041A52F90C47B1EAAB1FE70D0 BaseClass: NativeClass:/Script/Engine.PostProcessVolume Name:PostProcessVolume_0 Label:PostProcessVolume SpatiallyLoaded:0 Bounds:IsValid=true, Min=(X=1530.000 Y=-140.000 Z=-180.000), Max=(X=2930.000 Y=2560.000 Z=720.000) RuntimeGrid:None EditorOnly:0 RuntimeOnly:0 HLODRelevant:0 ListedInSceneOutliner:1 IsMainWorldOnly:0 FolderPath:Lighting FolderGuid:0BA5F0A04EADB18E70D5B180D08FA34B
 |   |   |- [+] [ 18]
 |   |   |   |- Guid:88035ACD46EF17F3DC765EAD8EDA6CD6 BaseClass: NativeClass:/Script/Engine.SkeletalMeshActor Name:SkeletalMeshActor_UAID_D85ED3EB4B231EAE01_1614914195 Label:A_Unnequip SpatiallyLoaded:1 Bounds:IsValid=true, Min=(X=2696.290 Y=1801.672 Z=124.653), Max=(X=2764.228 Y=1856.373 Z=160.652) RuntimeGrid:None EditorOnly:0 RuntimeOnly:0 HLODRelevant:0 ListedInSceneOutliner:1 IsMainWorldOnly:0
 |   |   |- [+] [ 19]
 |   |   |   |- Guid:8944C451495CAFD99DB9FFAB94F22000 BaseClass: NativeClass:/Script/Engine.SkeletalMeshActor Name:SkeletalMeshActor_UAID_D85ED3EB4B231EAE01_1596730193 Label:A_Run SpatiallyLoaded:1 Bounds:IsValid=true, Min=(X=2701.179 Y=1523.649 Z=116.828), Max=(X=2764.832 Y=1576.669 Z=150.172) RuntimeGrid:None EditorOnly:0 RuntimeOnly:0 HLODRelevant:0 ListedInSceneOutliner:1 IsMainWorldOnly:0
 |   |   |- [+] [ 20]
 |   |   |   |- Guid:8D00EF674BD14186B2241DA4BCB75C62 BaseClass: NativeClass:/Script/Engine.SkeletalMeshActor Name:SkeletalMeshActor_UAID_D85ED3EB4B231EAE01_1590831192 Label:A_ReloadEmpty SpatiallyLoaded:1 Bounds:IsValid=true, Min=(X=2696.978 Y=1411.733 Z=124.829), Max=(X=2764.230 Y=1466.335 Z=160.612) RuntimeGrid:None EditorOnly:0 RuntimeOnly:0 HLODRelevant:0 ListedInSceneOutliner:1 IsMainWorldOnly:0
 |   |   |- [+] [ 21]
 |   |   |   |- Guid:8ED5BC0E43EADB6C0F553CAD1CB4B4C0 BaseClass: NativeClass:/Script/Engine.WorldDataLayers Name:WorldDataLayers Label:WorldDataLayers-1 SpatiallyLoaded:0 Bounds:Invalid RuntimeGrid:None EditorOnly:0 RuntimeOnly:0 HLODRelevant:0 ListedInSceneOutliner:1 IsMainWorldOnly:1
 |   |   |- [+] [ 22]
 |   |   |   |- Guid:9226BBD44469F2B5BBD64FAE7AA122E8 BaseClass: NativeClass:/Script/Engine.SkeletalMeshActor Name:SkeletalMeshActor_UAID_D85ED3EB4B231EAE01_1519611184 Label:A_AimFire SpatiallyLoaded:1 Bounds:IsValid=true, Min=(X=2688.905 Y=523.269 Z=126.107), Max=(X=2754.070 Y=576.767 Z=164.780) RuntimeGrid:None EditorOnly:0 RuntimeOnly:0 HLODRelevant:0 ListedInSceneOutliner:1 IsMainWorldOnly:0
 |   |   |- [+] [ 23]
 |   |   |   |- Guid:A15EB6C842132659F9661580C1F51CF9 BaseClass: NativeClass:/Script/Engine.StaticMeshActor Name:StaticMeshActor_UAID_D85ED3EB4B231EAE01_1759328197 Label:SM_Cube4 SpatiallyLoaded:1 Bounds:IsValid=true, Min=(X=1620.000 Y=0.000 Z=0.000), Max=(X=2995.000 Y=100.000 Z=400.000) RuntimeGrid:None EditorOnly:0 RuntimeOnly:0 HLODRelevant:1 ListedInSceneOutliner:1 IsMainWorldOnly:0 FolderPath:Playground FolderGuid:6C02BB504B69D1F3D7A624B130C18E5B
 |   |   |- [+] [ 24]
 |   |   |   |- Guid:AC1806D74E8747F520DE879F84F4F751 BaseClass: NativeClass:/Script/Engine.VolumetricCloud Name:VolumetricCloud_0 Label:VolumetricCloud SpatiallyLoaded:0 Bounds:IsValid=true, Min=(X=0.000 Y=0.000 Z=820.000), Max=(X=0.000 Y=0.000 Z=820.000) RuntimeGrid:None EditorOnly:0 RuntimeOnly:0 HLODRelevant:0 ListedInSceneOutliner:1 IsMainWorldOnly:0 FolderPath:Lighting FolderGuid:0BA5F0A04EADB18E70D5B180D08FA34B
 |   |   |- [+] [ 25]
 |   |   |   |- Guid:C32533A240E143BE9CACB7B2738735B0 BaseClass: NativeClass:/Script/Engine.StaticMeshActor Name:StaticMeshActor_4 Label:SM_Cube3 SpatiallyLoaded:1 Bounds:IsValid=true, Min=(X=1620.000 Y=2360.000 Z=0.000), Max=(X=2995.000 Y=2460.000 Z=400.000) RuntimeGrid:None EditorOnly:0 RuntimeOnly:0 HLODRelevant:1 ListedInSceneOutliner:1 IsMainWorldOnly:0 FolderPath:Playground FolderGuid:6C02BB504B69D1F3D7A624B130C18E5B
 |   |   |- [+] [ 26]
 |   |   |   |- Guid:D932ABE94FA4061C03743EAFFC721A01 BaseClass: NativeClass:/Script/Engine.StaticMeshActor Name:StaticMeshActor_0 Label:SM_Cube SpatiallyLoaded:1 Bounds:IsValid=true, Min=(X=1660.000 Y=0.000 Z=-50.000), Max=(X=2910.000 Y=2350.000 Z=0.000) RuntimeGrid:None EditorOnly:0 RuntimeOnly:0 HLODRelevant:1 ListedInSceneOutliner:1 IsMainWorldOnly:0 FolderPath:Playground FolderGuid:6C02BB504B69D1F3D7A624B130C18E5B
 |   |   |- [+] [ 27]
 |   |   |   |- Guid:E7DA41CC4F7649D9194CB9BC5C010AF2 BaseClass: NativeClass:/Script/Engine.SkeletalMeshActor Name:SkeletalMeshActor_UAID_D85ED3EB4B231EAE01_1565237189 Label:A_idle SpatiallyLoaded:1 Bounds:IsValid=true, Min=(X=2687.071 Y=1091.763 Z=125.179), Max=(X=2754.222 Y=1146.312 Z=160.698) RuntimeGrid:None EditorOnly:0 RuntimeOnly:0 HLODRelevant:0 ListedInSceneOutliner:1 IsMainWorldOnly:0
 |   |   |- [+] [ 28]
 |   |   |   |- Guid:F0E2FB034A8FCD4335579980B97D4721 BaseClass: NativeClass:/Script/Engine.SkeletalMeshActor Name:SkeletalMeshActor_UAID_D85ED3EB4B231EAE01_1553315188 Label:A_Fire SpatiallyLoaded:1 Bounds:IsValid=true, Min=(X=2687.310 Y=981.845 Z=124.459), Max=(X=2754.267 Y=1036.279 Z=159.385) RuntimeGrid:None EditorOnly:0 RuntimeOnly:0 HLODRelevant:0 ListedInSceneOutliner:1 IsMainWorldOnly:0
 |   |   |- [+] [ 29]
 |   |   |   |- Guid:F1858E1E4C0088E009491286D788E040 BaseClass: NativeClass:/Script/Engine.SkeletalMeshActor Name:SkeletalMeshActor_UAID_D85ED3EB4B231EAE01_1491056183 Label:A_Aim SpatiallyLoaded:1 Bounds:IsValid=true, Min=(X=2687.117 Y=411.911 Z=125.247), Max=(X=2754.206 Y=466.332 Z=161.075) RuntimeGrid:None EditorOnly:0 RuntimeOnly:0 HLODRelevant:0 ListedInSceneOutliner:1 IsMainWorldOnly:0
 |- ContainerInstances:
 |- [+] MainContainer:
 |   |-        ID: 00000000000000000000000000000000
 |   |-  ParentID: 00000000000000000000000000000000
 |   |-    Bounds: IsValid=false, Min=(X=0.000 Y=0.000 Z=0.000), Max=(X=0.000 Y=0.000 Z=0.000)
 |   |- Transform: 0.000000,0.000000,0.000000|0.000000,0.000000,-0.000000|1.000000,1.000000,1.000000
 |   |- Container: /Game/Levels/PersonalLevels/VGP/Alessandro_C/I_AlessandroC
----------------------------------------------------------------------------------------------------------------
I_AlessandroC - Persistent Level
----------------------------------------------------------------------------------------------------------------
[+] Content of I_AlessandroC Persistent Level
 |- Always loaded Actor Count: 38 
 |- Actor Path: /Game/Levels/PersonalLevels/VGP/Alessandro_C/I_AlessandroC.I_AlessandroC:PersistentLevel.AbstractNavData-Default
 |- Actor Package: /Game/Levels/PersonalLevels/VGP/Alessandro_C/I_AlessandroC
 |- Actor Path: /Game/Levels/PersonalLevels/VGP/Alessandro_C/I_AlessandroC.I_AlessandroC:PersistentLevel.Brush_0
 |- Actor Package: /Game/Levels/PersonalLevels/VGP/Alessandro_C/I_AlessandroC
 |- Actor Path: /Game/Levels/PersonalLevels/VGP/Alessandro_C/I_AlessandroC.I_AlessandroC:PersistentLevel.DefaultPhysicsVolume_0
 |- Actor Package: /Game/Levels/PersonalLevels/VGP/Alessandro_C/I_AlessandroC
 |- Actor Path: /Game/Levels/PersonalLevels/VGP/Alessandro_C/I_AlessandroC.I_AlessandroC:PersistentLevel.DirectionalLight_1
 |- Actor Package: /Game/__ExternalActors__/Levels/PersonalLevels/VGP/Alessandro_C/I_AlessandroC/5/5O/GFU8OTCSSZY9NF1ERGAS1X
 |- Actor Path: /Game/Levels/PersonalLevels/VGP/Alessandro_C/I_AlessandroC.I_AlessandroC:PersistentLevel.ExponentialHeightFog_0
 |- Actor Package: /Game/__ExternalActors__/Levels/PersonalLevels/VGP/Alessandro_C/I_AlessandroC/7/B9/LJN0WWPUP12J04B3ID39LU
 |- Actor Path: /Game/Levels/PersonalLevels/VGP/Alessandro_C/I_AlessandroC.I_AlessandroC:PersistentLevel.GameplayDebuggerPlayerManager_0
 |- Actor Package: /Game/Levels/PersonalLevels/VGP/Alessandro_C/I_AlessandroC
 |- Actor Path: /Game/Levels/PersonalLevels/VGP/Alessandro_C/I_AlessandroC.I_AlessandroC:PersistentLevel.L_ShowCase1_C_1
 |- Actor Package: /Game/Levels/PersonalLevels/VGP/Alessandro_C/I_AlessandroC
 |- Actor Path: /Game/Levels/PersonalLevels/VGP/Alessandro_C/I_AlessandroC.I_AlessandroC:PersistentLevel.PlayerStart_0
 |- Actor Package: /Game/__ExternalActors__/Levels/PersonalLevels/VGP/Alessandro_C/I_AlessandroC/C/FV/FJCI4ZSCH5SLWNEB6YPA7U
 |- Actor Path: /Game/Levels/PersonalLevels/VGP/Alessandro_C/I_AlessandroC.I_AlessandroC:PersistentLevel.PostProcessVolume_0
 |- Actor Package: /Game/__ExternalActors__/Levels/PersonalLevels/VGP/Alessandro_C/I_AlessandroC/9/PS/MAHKNQEDAUO6OPXOM79RZT
 |- Actor Path: /Game/Levels/PersonalLevels/VGP/Alessandro_C/I_AlessandroC.I_AlessandroC:PersistentLevel.SkeletalMeshActor_UAID_D85ED3EB4B231EAE01_1491056183
 |- Actor Package: /Game/__ExternalActors__/Levels/PersonalLevels/VGP/Alessandro_C/I_AlessandroC/D/ZI/1PSNZGS0ZE6CF4E4E9L9PA
 |- Actor Path: /Game/Levels/PersonalLevels/VGP/Alessandro_C/I_AlessandroC.I_AlessandroC:PersistentLevel.SkeletalMeshActor_UAID_D85ED3EB4B231EAE01_1519611184
 |- Actor Package: /Game/__ExternalActors__/Levels/PersonalLevels/VGP/Alessandro_C/I_AlessandroC/1/NV/QQ81S6TAQC1PIEBKSL18AM
 |- Actor Path: /Game/Levels/PersonalLevels/VGP/Alessandro_C/I_AlessandroC.I_AlessandroC:PersistentLevel.SkeletalMeshActor_UAID_D85ED3EB4B231EAE01_1527529185
 |- Actor Package: /Game/__ExternalActors__/Levels/PersonalLevels/VGP/Alessandro_C/I_AlessandroC/A/XR/9FYR5AXGNC924G51QZMZSI
 |- Actor Path: /Game/Levels/PersonalLevels/VGP/Alessandro_C/I_AlessandroC.I_AlessandroC:PersistentLevel.SkeletalMeshActor_UAID_D85ED3EB4B231EAE01_1534123186
 |- Actor Package: /Game/__ExternalActors__/Levels/PersonalLevels/VGP/Alessandro_C/I_AlessandroC/7/ZB/OXRVG3SSBA98P5NBPE1UDX
 |- Actor Path: /Game/Levels/PersonalLevels/VGP/Alessandro_C/I_AlessandroC.I_AlessandroC:PersistentLevel.SkeletalMeshActor_UAID_D85ED3EB4B231EAE01_1545661187
 |- Actor Package: /Game/__ExternalActors__/Levels/PersonalLevels/VGP/Alessandro_C/I_AlessandroC/0/S8/T2WYC22GXUET7I85ZVCGKX
 |- Actor Path: /Game/Levels/PersonalLevels/VGP/Alessandro_C/I_AlessandroC.I_AlessandroC:PersistentLevel.SkeletalMeshActor_UAID_D85ED3EB4B231EAE01_1553315188
 |- Actor Package: /Game/__ExternalActors__/Levels/PersonalLevels/VGP/Alessandro_C/I_AlessandroC/2/OR/XWU16T3QD75PYWHWU1TNT2
 |- Actor Path: /Game/Levels/PersonalLevels/VGP/Alessandro_C/I_AlessandroC.I_AlessandroC:PersistentLevel.SkeletalMeshActor_UAID_D85ED3EB4B231EAE01_1565237189
 |- Actor Package: /Game/__ExternalActors__/Levels/PersonalLevels/VGP/Alessandro_C/I_AlessandroC/E/HW/J2ORJ25DNKDCBP5PG5X6K1
 |- Actor Path: /Game/Levels/PersonalLevels/VGP/Alessandro_C/I_AlessandroC.I_AlessandroC:PersistentLevel.SkeletalMeshActor_UAID_D85ED3EB4B231EAE01_1575513190
 |- Actor Package: /Game/__ExternalActors__/Levels/PersonalLevels/VGP/Alessandro_C/I_AlessandroC/E/MA/DTPJOR6SGTPTNY7333M0LB
 |- Actor Path: /Game/Levels/PersonalLevels/VGP/Alessandro_C/I_AlessandroC.I_AlessandroC:PersistentLevel.SkeletalMeshActor_UAID_D85ED3EB4B231EAE01_1581382191
 |- Actor Package: /Game/__ExternalActors__/Levels/PersonalLevels/VGP/Alessandro_C/I_AlessandroC/1/Z2/O0VR6AGNUCEU9H1G9EAB9K
 |- Actor Path: /Game/Levels/PersonalLevels/VGP/Alessandro_C/I_AlessandroC.I_AlessandroC:PersistentLevel.SkeletalMeshActor_UAID_D85ED3EB4B231EAE01_1590831192
 |- Actor Package: /Game/__ExternalActors__/Levels/PersonalLevels/VGP/Alessandro_C/I_AlessandroC/1/27/B74I554HY5S3RWP782VJZO
 |- Actor Path: /Game/Levels/PersonalLevels/VGP/Alessandro_C/I_AlessandroC.I_AlessandroC:PersistentLevel.SkeletalMeshActor_UAID_D85ED3EB4B231EAE01_1596730193
 |- Actor Package: /Game/__ExternalActors__/Levels/PersonalLevels/VGP/Alessandro_C/I_AlessandroC/A/YC/ZFNQYAMKGM2L6FED3ZC89N
 |- Actor Path: /Game/Levels/PersonalLevels/VGP/Alessandro_C/I_AlessandroC.I_AlessandroC:PersistentLevel.SkeletalMeshActor_UAID_D85ED3EB4B231EAE01_1608892194
 |- Actor Package: /Game/__ExternalActors__/Levels/PersonalLevels/VGP/Alessandro_C/I_AlessandroC/3/JE/F5MHUIOGJLYCCR3MHYS900
 |- Actor Path: /Game/Levels/PersonalLevels/VGP/Alessandro_C/I_AlessandroC.I_AlessandroC:PersistentLevel.SkeletalMeshActor_UAID_D85ED3EB4B231EAE01_1614914195
 |- Actor Package: /Game/__ExternalActors__/Levels/PersonalLevels/VGP/Alessandro_C/I_AlessandroC/2/38/IB9BYY360919NNCK9GCVEJ
 |- Actor Path: /Game/Levels/PersonalLevels/VGP/Alessandro_C/I_AlessandroC.I_AlessandroC:PersistentLevel.SkeletalMeshActor_UAID_D85ED3EB4B231EAE01_1622197196
 |- Actor Package: /Game/__ExternalActors__/Levels/PersonalLevels/VGP/Alessandro_C/I_AlessandroC/B/8Z/MTVYZDTIW0LCMGGWCC2HUQ
 |- Actor Path: /Game/Levels/PersonalLevels/VGP/Alessandro_C/I_AlessandroC.I_AlessandroC:PersistentLevel.SkyAtmosphere_0
 |- Actor Package: /Game/__ExternalActors__/Levels/PersonalLevels/VGP/Alessandro_C/I_AlessandroC/C/YU/5B39ZOLEWHPZDVW2Q7UHVH
 |- Actor Path: /Game/Levels/PersonalLevels/VGP/Alessandro_C/I_AlessandroC.I_AlessandroC:PersistentLevel.SkyLight_0
 |- Actor Package: /Game/__ExternalActors__/Levels/PersonalLevels/VGP/Alessandro_C/I_AlessandroC/4/0F/4H335KG780L7YMLT5Y60RP
 |- Actor Path: /Game/Levels/PersonalLevels/VGP/Alessandro_C/I_AlessandroC.I_AlessandroC:PersistentLevel.StaticMeshActor_0
 |- Actor Package: /Game/__ExternalActors__/Levels/PersonalLevels/VGP/Alessandro_C/I_AlessandroC/4/KV/SSQ2NMSIVQNGOGAH4U1EW2
 |- Actor Path: /Game/Levels/PersonalLevels/VGP/Alessandro_C/I_AlessandroC.I_AlessandroC:PersistentLevel.StaticMeshActor_4
 |- Actor Package: /Game/__ExternalActors__/Levels/PersonalLevels/VGP/Alessandro_C/I_AlessandroC/D/JH/GDKWKGQTT1WBFQHXO9JAVW
 |- Actor Path: /Game/Levels/PersonalLevels/VGP/Alessandro_C/I_AlessandroC.I_AlessandroC:PersistentLevel.StaticMeshActor_8
 |- Actor Package: /Game/__ExternalActors__/Levels/PersonalLevels/VGP/Alessandro_C/I_AlessandroC/6/IP/F4IB8S0J38EL3IU8SCAAP7
 |- Actor Path: /Game/Levels/PersonalLevels/VGP/Alessandro_C/I_AlessandroC.I_AlessandroC:PersistentLevel.StaticMeshActor_9
 |- Actor Package: /Game/__ExternalActors__/Levels/PersonalLevels/VGP/Alessandro_C/I_AlessandroC/5/RN/JUUCLD7SC0WHSKO4NFJSLU
 |- Actor Path: /Game/Levels/PersonalLevels/VGP/Alessandro_C/I_AlessandroC.I_AlessandroC:PersistentLevel.StaticMeshActor_10
 |- Actor Package: /Game/__ExternalActors__/Levels/PersonalLevels/VGP/Alessandro_C/I_AlessandroC/A/UL/ZOD0URVZ3I0W3O20HLPJPH
 |- Actor Path: /Game/Levels/PersonalLevels/VGP/Alessandro_C/I_AlessandroC.I_AlessandroC:PersistentLevel.StaticMeshActor_29
 |- Actor Package: /Game/__ExternalActors__/Levels/PersonalLevels/VGP/Alessandro_C/I_AlessandroC/8/NB/Q7CCVZ8LBCZTXA3EE9ZO04
 |- Actor Path: /Game/Levels/PersonalLevels/VGP/Alessandro_C/I_AlessandroC.I_AlessandroC:PersistentLevel.StaticMeshActor_UAID_A4AE111137DC5EFB00_2001720423
 |- Actor Package: /Game/__ExternalActors__/Levels/PersonalLevels/VGP/Alessandro_C/I_AlessandroC/A/2D/PFURAZ5ZSK7G762YOJO0IJ
 |- Actor Path: /Game/Levels/PersonalLevels/VGP/Alessandro_C/I_AlessandroC.I_AlessandroC:PersistentLevel.StaticMeshActor_UAID_D85ED3EB4B231EAE01_1759328197
 |- Actor Package: /Game/__ExternalActors__/Levels/PersonalLevels/VGP/Alessandro_C/I_AlessandroC/7/NO/QAOHDZSNKZEUWCTGKPR40F
 |- Actor Path: /Game/Levels/PersonalLevels/VGP/Alessandro_C/I_AlessandroC.I_AlessandroC:PersistentLevel.VolumetricCloud_0
 |- Actor Package: /Game/__ExternalActors__/Levels/PersonalLevels/VGP/Alessandro_C/I_AlessandroC/6/X6/S5FAVATS2W15EAV3K2TKVV
 |- Actor Path: /Game/Levels/PersonalLevels/VGP/Alessandro_C/I_AlessandroC.I_AlessandroC:PersistentLevel.WorldDataLayers
 |- Actor Package: /Game/__ExternalActors__/Levels/PersonalLevels/VGP/Alessandro_C/I_AlessandroC/7/7Z/5MY27ONFV7FWU2B09CW7Z7
 |- Actor Path: /Game/Levels/PersonalLevels/VGP/Alessandro_C/I_AlessandroC.I_AlessandroC:PersistentLevel.WorldDataLayers
 |- Actor Package: /Game/__ExternalActors__/Levels/PersonalLevels/VGP/Alessandro_C/I_AlessandroC/7/7Z/5MY27ONFV7FWU2B09CW7Z7
 |- Actor Path: /Game/Levels/PersonalLevels/VGP/Alessandro_C/I_AlessandroC.I_AlessandroC:PersistentLevel.WorldInfo_0
 |- Actor Package: /Game/Levels/PersonalLevels/VGP/Alessandro_C/I_AlessandroC
 |- Actor Path: /Game/Levels/PersonalLevels/VGP/Alessandro_C/I_AlessandroC.I_AlessandroC:PersistentLevel.WorldPartitionMiniMap_0
 |- Actor Package: /Game/__ExternalActors__/Levels/PersonalLevels/VGP/Alessandro_C/I_AlessandroC/6/K7/PJYKA17HSUMTBW0WOD7Q0G

----------------------------------------------------------------------------------------------------------------
I_AlessandroC - Runtime Spatial Hash - Streaming Grid - MainGrid
----------------------------------------------------------------------------------------------------------------
            Origin: X=0.000 Y=0.000 Z=0.000
         Cell Size: 12800
      World Bounds: IsValid=false, Min=(X=0.000 Y=0.000 Z=0.000), Max=(X=0.000 Y=0.000 Z=0.000)
     Loading Range: 25600.00
Block Slow Loading: No
 ClientOnlyVisible: No
            Origin: X=0.000 Y=0.000 Z=0.000

[+] Grid Levels: 1
 |- Level  0: Cell Count    0 | Cell Size   12800 | Actor Count    0 (0.0%)

[+] Content of Grid Level 0

